#
# There is insufficient memory for the Java Runtime Environment to continue.
# Native memory allocation (malloc) failed to allocate 1391696 bytes. Error detail: Chunk::new
# Possible reasons:
#   The system is out of physical RAM or swap space
#   This process is running with CompressedOops enabled, and the Java Heap may be blocking the growth of the native heap
# Possible solutions:
#   Reduce memory load on the system
#   Increase physical memory or swap space
#   Check if swap backing store is full
#   Decrease Java heap size (-Xmx/-Xms)
#   Decrease number of Java threads
#   Decrease Java thread stack sizes (-Xss)
#   Set larger code cache with -XX:ReservedCodeCacheSize=
#   JVM is running with Unscaled Compressed Oops mode in which the Java heap is
#     placed in the first 4GB address space. The Java Heap base address is the
#     maximum limit for the native heap growth. Please use -XX:HeapBaseMinAddress
#     to set the Java Heap base and to place the Java Heap above 4GB virtual address.
# This output file may be truncated or incomplete.
#
#  Out of Memory Error (arena.cpp:168), pid=15688, tid=25516
#
# JRE version: OpenJDK Runtime Environment Temurin-21.0.7+6 (21.0.7+6) (build 21.0.7+6-LTS)
# Java VM: OpenJDK 64-Bit Server VM Temurin-21.0.7+6 (21.0.7+6-LTS, mixed mode, sharing, tiered, compressed oops, compressed class ptrs, parallel gc, windows-amd64)
# No core dump will be written. Minidumps are not enabled by default on client versions of Windows
#

---------------  S U M M A R Y ------------

Command Line: --add-modules=ALL-SYSTEM --add-opens=java.base/java.util=ALL-UNNAMED --add-opens=java.base/java.lang=ALL-UNNAMED --add-opens=java.base/sun.nio.fs=ALL-UNNAMED -Declipse.application=org.eclipse.jdt.ls.core.id1 -Dosgi.bundles.defaultStartLevel=4 -Declipse.product=org.eclipse.jdt.ls.core.product -Djava.import.generatesMetadataFilesAtProjectRoot=false -DDetectVMInstallationsJob.disabled=true -Dfile.encoding=utf8 -XX:+UseParallelGC -XX:GCTimeRatio=4 -XX:AdaptiveSizePolicyWeight=90 -Dsun.zip.disableMemoryMapping=true -Xmx2G -Xms100m -Xlog:disable -javaagent:c:\Users\Mohameth\.vscode\extensions\redhat.java-1.43.1-win32-x64\lombok\lombok-1.18.39-4050.jar -XX:+HeapDumpOnOutOfMemoryError -XX:HeapDumpPath=c:\Users\Mohameth\AppData\Roaming\Code\User\workspaceStorage\4a8fbdfda817db6e237f440b23b68a6a\redhat.java -Daether.dependencyCollector.impl=bf c:\Users\Mohameth\.vscode\extensions\redhat.java-1.43.1-win32-x64\server\plugins\org.eclipse.equinox.launcher_1.7.0.v20250519-0528.jar -configuration c:\Users\Mohameth\AppData\Roaming\Code\User\globalStorage\redhat.java\1.43.1\config_win -data c:\Users\Mohameth\AppData\Roaming\Code\User\workspaceStorage\4a8fbdfda817db6e237f440b23b68a6a\redhat.java\jdt_ws --pipe=\\.\pipe\lsp-2edaff35ccb0f660f6a814fc41ed6baa-sock

Host: AMD Ryzen 5 3500U with Radeon Vega Mobile Gfx  , 8 cores, 6G,  Windows 11 , 64 bit Build 22621 (10.0.22621.5415)
Time: Mon Jul  7 01:09:46 2025 Greenwich elapsed time: 30.064267 seconds (0d 0h 0m 30s)

---------------  T H R E A D  ---------------

Current thread (0x000001a4171cc110):  JavaThread "C2 CompilerThread0" daemon [_thread_in_native, id=25516, stack(0x0000009855b00000,0x0000009855c00000) (1024K)]


Current CompileTask:
C2:30064 12103       4       org.eclipse.jdt.internal.core.search.indexing.BinaryIndexer::extractReferenceFromConstantPool (358 bytes)

Stack: [0x0000009855b00000,0x0000009855c00000]
Native frames: (J=compiled Java code, j=interpreted, Vv=VM code, C=native code)
V  [jvm.dll+0x6ce119]
V  [jvm.dll+0x8a84a1]
V  [jvm.dll+0x8aa9ce]
V  [jvm.dll+0x8ab0b3]
V  [jvm.dll+0x27f8a6]
V  [jvm.dll+0xc507d]
V  [jvm.dll+0xc55b3]
V  [jvm.dll+0x2f2c6d]
V  [jvm.dll+0x5f6bca]
V  [jvm.dll+0x250cb2]
V  [jvm.dll+0x25106f]
V  [jvm.dll+0x249934]
V  [jvm.dll+0x246fc4]
V  [jvm.dll+0x1c760e]
V  [jvm.dll+0x25695a]
V  [jvm.dll+0x254efa]
V  [jvm.dll+0x3f03f6]
V  [jvm.dll+0x851f6b]
V  [jvm.dll+0x6cc7dd]
C  [ucrtbase.dll+0x29333]
C  [KERNEL32.DLL+0x1259d]
C  [ntdll.dll+0x5af78]


---------------  P R O C E S S  ---------------

Threads class SMR info:
_java_thread_list=0x000001a42001d400, length=59, elements={
0x000001a3bf6c0610, 0x000001a3bf77ca40, 0x000001a3bf77e340, 0x000001a4171c4fc0,
0x000001a4171c5ed0, 0x000001a4171c8680, 0x000001a4171c92d0, 0x000001a4171cc110,
0x000001a418ad13b0, 0x000001a418b55210, 0x000001a418d13bb0, 0x000001a41d638aa0,
0x000001a41d745070, 0x000001a41d5b8b40, 0x000001a41d5b91a0, 0x000001a41ddba700,
0x000001a41d8ca7e0, 0x000001a41dbdc2f0, 0x000001a41dbda220, 0x000001a41dbdaf40,
0x000001a41dbda8b0, 0x000001a41dbdbc60, 0x000001a41dbdd010, 0x000001a41dbdc980,
0x000001a41dbdd6a0, 0x000001a41fd14210, 0x000001a41fd11420, 0x000001a41fd15c50,
0x000001a41fd127d0, 0x000001a41fd12140, 0x000001a41fd12e60, 0x000001a41fd134f0,
0x000001a41fd17000, 0x000001a41fd162e0, 0x000001a41fd16970, 0x000001a41fd13b80,
0x000001a41fd148a0, 0x000001a41fd10070, 0x000001a421802be0, 0x000001a421803900,
0x000001a421802550, 0x000001a4218066f0, 0x000001a421805340, 0x000001a421808e50,
0x000001a421806d80, 0x000001a421809b70, 0x000001a4218094e0, 0x000001a421803f90,
0x000001a421806060, 0x000001a421807410, 0x000001a421804620, 0x000001a4218059d0,
0x000001a421808130, 0x000001a4200b5b00, 0x000001a4200b6190, 0x000001a4200b5470,
0x000001a4200b6820, 0x000001a4200b3a30, 0x000001a4200b4750
}

Java Threads: ( => current thread )
  0x000001a3bf6c0610 JavaThread "main"                              [_thread_blocked, id=24492, stack(0x0000009855100000,0x0000009855200000) (1024K)]
  0x000001a3bf77ca40 JavaThread "Reference Handler"          daemon [_thread_blocked, id=22552, stack(0x0000009855500000,0x0000009855600000) (1024K)]
  0x000001a3bf77e340 JavaThread "Finalizer"                  daemon [_thread_blocked, id=17112, stack(0x0000009855600000,0x0000009855700000) (1024K)]
  0x000001a4171c4fc0 JavaThread "Signal Dispatcher"          daemon [_thread_blocked, id=16268, stack(0x0000009855700000,0x0000009855800000) (1024K)]
  0x000001a4171c5ed0 JavaThread "Attach Listener"            daemon [_thread_blocked, id=25332, stack(0x0000009855800000,0x0000009855900000) (1024K)]
  0x000001a4171c8680 JavaThread "Service Thread"             daemon [_thread_blocked, id=14736, stack(0x0000009855900000,0x0000009855a00000) (1024K)]
  0x000001a4171c92d0 JavaThread "Monitor Deflation Thread"   daemon [_thread_blocked, id=13660, stack(0x0000009855a00000,0x0000009855b00000) (1024K)]
=>0x000001a4171cc110 JavaThread "C2 CompilerThread0"         daemon [_thread_in_native, id=25516, stack(0x0000009855b00000,0x0000009855c00000) (1024K)]
  0x000001a418ad13b0 JavaThread "C1 CompilerThread0"         daemon [_thread_blocked, id=16880, stack(0x0000009855c00000,0x0000009855d00000) (1024K)]
  0x000001a418b55210 JavaThread "Common-Cleaner"             daemon [_thread_blocked, id=17908, stack(0x0000009855d00000,0x0000009855e00000) (1024K)]
  0x000001a418d13bb0 JavaThread "Notification Thread"        daemon [_thread_blocked, id=15304, stack(0x0000009855e00000,0x0000009855f00000) (1024K)]
  0x000001a41d638aa0 JavaThread "Active Thread: Equinox Container: 920e4dbd-f0df-4f88-8d01-a03119581955"        [_thread_blocked, id=10728, stack(0x0000009856700000,0x0000009856800000) (1024K)]
  0x000001a41d745070 JavaThread "Refresh Thread: Equinox Container: 920e4dbd-f0df-4f88-8d01-a03119581955" daemon [_thread_blocked, id=24848, stack(0x0000009856800000,0x0000009856900000) (1024K)]
  0x000001a41d5b8b40 JavaThread "Framework Event Dispatcher: Equinox Container: 920e4dbd-f0df-4f88-8d01-a03119581955" daemon [_thread_blocked, id=2884, stack(0x0000009856900000,0x0000009856a00000) (1024K)]
  0x000001a41d5b91a0 JavaThread "Start Level: Equinox Container: 920e4dbd-f0df-4f88-8d01-a03119581955" daemon [_thread_blocked, id=15664, stack(0x0000009856a00000,0x0000009856b00000) (1024K)]
  0x000001a41ddba700 JavaThread "Bundle File Closer"         daemon [_thread_blocked, id=3420, stack(0x0000009856c00000,0x0000009856d00000) (1024K)]
  0x000001a41d8ca7e0 JavaThread "SCR Component Actor"        daemon [_thread_blocked, id=3456, stack(0x0000009855f00000,0x0000009856000000) (1024K)]
  0x000001a41dbdc2f0 JavaThread "Worker-JM"                         [_thread_blocked, id=1584, stack(0x0000009856e00000,0x0000009856f00000) (1024K)]
  0x000001a41dbda220 JavaThread "JNA Cleaner"                daemon [_thread_blocked, id=16728, stack(0x0000009856f00000,0x0000009857000000) (1024K)]
  0x000001a41dbdaf40 JavaThread "Worker-0"                          [_thread_blocked, id=7376, stack(0x0000009857000000,0x0000009857100000) (1024K)]
  0x000001a41dbda8b0 JavaThread "Worker-1"                          [_thread_blocked, id=6252, stack(0x0000009857100000,0x0000009857200000) (1024K)]
  0x000001a41dbdbc60 JavaThread "Java indexing"              daemon [_thread_in_Java, id=2388, stack(0x0000009857300000,0x0000009857400000) (1024K)]
  0x000001a41dbdd010 JavaThread "Worker-2: Initialize workspace"        [_thread_blocked, id=23688, stack(0x0000009857400000,0x0000009857500000) (1024K)]
  0x000001a41dbdc980 JavaThread "Worker-3"                          [_thread_blocked, id=9856, stack(0x0000009857500000,0x0000009857600000) (1024K)]
  0x000001a41dbdd6a0 JavaThread "Worker-4: Java indexing... "        [_thread_blocked, id=16484, stack(0x0000009857600000,0x0000009857700000) (1024K)]
  0x000001a41fd14210 JavaThread "Thread-2"                   daemon [_thread_in_native, id=12012, stack(0x0000009857700000,0x0000009857800000) (1024K)]
  0x000001a41fd11420 JavaThread "Thread-3"                   daemon [_thread_in_native, id=13632, stack(0x0000009857800000,0x0000009857900000) (1024K)]
  0x000001a41fd15c50 JavaThread "Thread-4"                   daemon [_thread_in_native, id=17444, stack(0x0000009857900000,0x0000009857a00000) (1024K)]
  0x000001a41fd127d0 JavaThread "Thread-5"                   daemon [_thread_in_native, id=22076, stack(0x0000009857a00000,0x0000009857b00000) (1024K)]
  0x000001a41fd12140 JavaThread "Thread-6"                   daemon [_thread_in_native, id=17176, stack(0x0000009857b00000,0x0000009857c00000) (1024K)]
  0x000001a41fd12e60 JavaThread "Thread-7"                   daemon [_thread_in_native, id=2480, stack(0x0000009857c00000,0x0000009857d00000) (1024K)]
  0x000001a41fd134f0 JavaThread "Thread-8"                   daemon [_thread_in_native, id=17304, stack(0x0000009857d00000,0x0000009857e00000) (1024K)]
  0x000001a41fd17000 JavaThread "Thread-9"                   daemon [_thread_in_native, id=17888, stack(0x0000009857e00000,0x0000009857f00000) (1024K)]
  0x000001a41fd162e0 JavaThread "Thread-10"                  daemon [_thread_in_native, id=23788, stack(0x0000009857f00000,0x0000009858000000) (1024K)]
  0x000001a41fd16970 JavaThread "pool-2-thread-1"                   [_thread_blocked, id=16312, stack(0x0000009858000000,0x0000009858100000) (1024K)]
  0x000001a41fd13b80 JavaThread "WorkspaceEventsHandler"            [_thread_blocked, id=17480, stack(0x0000009858100000,0x0000009858200000) (1024K)]
  0x000001a41fd148a0 JavaThread "pool-1-thread-1"                   [_thread_blocked, id=24168, stack(0x0000009858200000,0x0000009858300000) (1024K)]
  0x000001a41fd10070 JavaThread "Worker-5"                          [_thread_blocked, id=5940, stack(0x0000009858300000,0x0000009858400000) (1024K)]
  0x000001a421802be0 JavaThread "LocalFile Deleter"          daemon [_thread_blocked, id=8728, stack(0x0000009856d00000,0x0000009856e00000) (1024K)]
  0x000001a421803900 JavaThread "LocalFile Deleter"          daemon [_thread_blocked, id=23368, stack(0x0000009858400000,0x0000009858500000) (1024K)]
  0x000001a421802550 JavaThread "LocalFile Deleter"          daemon [_thread_blocked, id=4812, stack(0x0000009858500000,0x0000009858600000) (1024K)]
  0x000001a4218066f0 JavaThread "LocalFile Deleter"          daemon [_thread_blocked, id=12784, stack(0x0000009858600000,0x0000009858700000) (1024K)]
  0x000001a421805340 JavaThread "LocalFile Deleter"          daemon [_thread_blocked, id=19076, stack(0x0000009858700000,0x0000009858800000) (1024K)]
  0x000001a421808e50 JavaThread "LocalFile Deleter"          daemon [_thread_blocked, id=22260, stack(0x0000009858800000,0x0000009858900000) (1024K)]
  0x000001a421806d80 JavaThread "LocalFile Deleter"          daemon [_thread_blocked, id=11280, stack(0x0000009858900000,0x0000009858a00000) (1024K)]
  0x000001a421809b70 JavaThread "LocalFile Deleter"          daemon [_thread_blocked, id=16652, stack(0x0000009858a00000,0x0000009858b00000) (1024K)]
  0x000001a4218094e0 JavaThread "Compiler Source File Reader" daemon [_thread_blocked, id=6220, stack(0x0000009858b00000,0x0000009858c00000) (1024K)]
  0x000001a421803f90 JavaThread "Compiler Source File Reader" daemon [_thread_blocked, id=22188, stack(0x0000009858c00000,0x0000009858d00000) (1024K)]
  0x000001a421806060 JavaThread "Compiler Source File Reader" daemon [_thread_blocked, id=21572, stack(0x0000009858d00000,0x0000009858e00000) (1024K)]
  0x000001a421807410 JavaThread "Compiler Source File Reader" daemon [_thread_blocked, id=19508, stack(0x0000009858e00000,0x0000009858f00000) (1024K)]
  0x000001a421804620 JavaThread "Compiler Source File Reader" daemon [_thread_blocked, id=23616, stack(0x0000009858f00000,0x0000009859000000) (1024K)]
  0x000001a4218059d0 JavaThread "Compiler Source File Reader" daemon [_thread_blocked, id=20928, stack(0x0000009859000000,0x0000009859100000) (1024K)]
  0x000001a421808130 JavaThread "Compiler Processing Task"   daemon [_thread_blocked, id=15140, stack(0x0000009859100000,0x0000009859200000) (1024K)]
  0x000001a4200b5b00 JavaThread "Compiler Class File Writer" daemon [_thread_blocked, id=13116, stack(0x0000009859200000,0x0000009859300000) (1024K)]
  0x000001a4200b6190 JavaThread "Compiler Class File Writer" daemon [_thread_blocked, id=7396, stack(0x0000009859300000,0x0000009859400000) (1024K)]
  0x000001a4200b5470 JavaThread "Compiler Class File Writer" daemon [_thread_blocked, id=19288, stack(0x0000009859400000,0x0000009859500000) (1024K)]
  0x000001a4200b6820 JavaThread "Compiler Class File Writer" daemon [_thread_blocked, id=15632, stack(0x0000009859500000,0x0000009859600000) (1024K)]
  0x000001a4200b3a30 JavaThread "Compiler Class File Writer" daemon [_thread_blocked, id=19780, stack(0x0000009859600000,0x0000009859700000) (1024K)]
  0x000001a4200b4750 JavaThread "Compiler Class File Writer" daemon [_thread_blocked, id=14404, stack(0x0000009859700000,0x0000009859800000) (1024K)]
Total: 59

Other Threads:
  0x000001a4171c3060 VMThread "VM Thread"                           [id=21028, stack(0x0000009855400000,0x0000009855500000) (1024K)]
  0x000001a4170dca10 WatcherThread "VM Periodic Task Thread"        [id=17100, stack(0x0000009855300000,0x0000009855400000) (1024K)]
  0x000001a3bf6de890 WorkerThread "GC Thread#0"                     [id=3688, stack(0x0000009855200000,0x0000009855300000) (1024K)]
  0x000001a41d6a77c0 WorkerThread "GC Thread#1"                     [id=25056, stack(0x0000009856100000,0x0000009856200000) (1024K)]
  0x000001a41d6a2860 WorkerThread "GC Thread#2"                     [id=15464, stack(0x0000009856200000,0x0000009856300000) (1024K)]
  0x000001a41d6a2c00 WorkerThread "GC Thread#3"                     [id=14320, stack(0x0000009856300000,0x0000009856400000) (1024K)]
  0x000001a41d6a7b60 WorkerThread "GC Thread#4"                     [id=7904, stack(0x0000009856400000,0x0000009856500000) (1024K)]
  0x000001a41d6a7f00 WorkerThread "GC Thread#5"                     [id=14808, stack(0x0000009856500000,0x0000009856600000) (1024K)]
  0x000001a41d488390 WorkerThread "GC Thread#6"                     [id=17432, stack(0x0000009856600000,0x0000009856700000) (1024K)]
  0x000001a41d8ba110 WorkerThread "GC Thread#7"                     [id=10616, stack(0x0000009856000000,0x0000009856100000) (1024K)]
Total: 10

Threads with active compile tasks:
C2 CompilerThread0  30133 12103       4       org.eclipse.jdt.internal.core.search.indexing.BinaryIndexer::extractReferenceFromConstantPool (358 bytes)
Total: 1

VM state: at safepoint (normal execution)

VM Mutex/Monitor currently owned by a thread:  ([mutex/lock_event])
[0x00007ff8d459e308] Threads_lock - owner thread: 0x000001a4171c3060
[0x00007ff8d459e408] Heap_lock - owner thread: 0x000001a41dbdbc60

Heap address: 0x0000000080000000, size: 2048 MB, Compressed Oops mode: 32-bit

CDS archive(s) mapped at: [0x000001a3d6000000-0x000001a3d6ba0000-0x000001a3d6ba0000), size 12189696, SharedBaseAddress: 0x000001a3d6000000, ArchiveRelocationMode: 1.
Compressed class space mapped at: 0x000001a3d7000000-0x000001a417000000, reserved size: 1073741824
Narrow klass base: 0x000001a3d6000000, Narrow klass shift: 0, Narrow klass range: 0x100000000

GC Precious Log:
 CardTable entry size: 512
 CPUs: 8 total, 8 available
 Memory: 7103M
 Large Page Support: Disabled
 NUMA Support: Disabled
 Compressed Oops: Enabled (32-bit)
 Alignments: Space 512K, Generation 512K, Heap 2M
 Heap Min Capacity: 100M
 Heap Initial Capacity: 100M
 Heap Max Capacity: 2G
 Pre-touch: Disabled
 Parallel Workers: 8

Heap:
 PSYoungGen      total 2048K, used 350K [0x00000000d5580000, 0x00000000d5880000, 0x0000000100000000)
  eden space 1536K, 1% used [0x00000000d5580000,0x00000000d5587918,0x00000000d5700000)
  from space 512K, 62% used [0x00000000d5800000,0x00000000d5850000,0x00000000d5880000)
  to   space 512K, 0% used [0x00000000d5780000,0x00000000d5780000,0x00000000d5800000)
 ParOldGen       total 382976K, used 382607K [0x0000000080000000, 0x0000000097600000, 0x00000000d5580000)
  object space 382976K, 99% used [0x0000000080000000,0x00000000975a3ce0,0x0000000097600000)
 Metaspace       used 63077K, committed 64512K, reserved 1114112K
  class space    used 6474K, committed 7104K, reserved 1048576K

Card table byte_map: [0x000001a3bf080000,0x000001a3bf490000] _byte_map_base: 0x000001a3bec80000

Marking Bits: (ParMarkBitMap*) 0x00007ff8d45a31f0
 Begin Bits: [0x000001a3d1b60000, 0x000001a3d3b60000)
 End Bits:   [0x000001a3d3b60000, 0x000001a3d5b60000)

Polling page: 0x000001a3bd450000

Metaspace:

Usage:
  Non-class:     55.28 MB used.
      Class:      6.32 MB used.
       Both:     61.60 MB used.

Virtual space:
  Non-class space:       64.00 MB reserved,      56.06 MB ( 88%) committed,  1 nodes.
      Class space:        1.00 GB reserved,       6.94 MB ( <1%) committed,  1 nodes.
             Both:        1.06 GB reserved,      63.00 MB (  6%) committed. 

Chunk freelists:
   Non-Class:  7.25 MB
       Class:  9.07 MB
        Both:  16.32 MB

MaxMetaspaceSize: unlimited
CompressedClassSpaceSize: 1.00 GB
Initial GC threshold: 21.00 MB
Current GC threshold: 97.31 MB
CDS: on
 - commit_granule_bytes: 65536.
 - commit_granule_words: 8192.
 - virtual_space_node_default_size: 8388608.
 - enlarge_chunks_in_place: 1.
 - use_allocation_guard: 0.


Internal statistics:

num_allocs_failed_limit: 9.
num_arena_births: 1246.
num_arena_deaths: 14.
num_vsnodes_births: 2.
num_vsnodes_deaths: 0.
num_space_committed: 1008.
num_space_uncommitted: 0.
num_chunks_returned_to_freelist: 23.
num_chunks_taken_from_freelist: 4298.
num_chunk_merges: 13.
num_chunk_splits: 2598.
num_chunks_enlarged: 1424.
num_inconsistent_stats: 0.

CodeHeap 'non-profiled nmethods': size=120000Kb used=8138Kb max_used=8138Kb free=111861Kb
 bounds [0x000001a3ca380000, 0x000001a3cab80000, 0x000001a3d18b0000]
CodeHeap 'profiled nmethods': size=120000Kb used=25158Kb max_used=25158Kb free=94841Kb
 bounds [0x000001a3c28b0000, 0x000001a3c4150000, 0x000001a3c9de0000]
CodeHeap 'non-nmethods': size=5760Kb used=1422Kb max_used=1488Kb free=4337Kb
 bounds [0x000001a3c9de0000, 0x000001a3ca050000, 0x000001a3ca380000]
 total_blobs=12018 nmethods=11283 adapters=641
 compilation: enabled
              stopped_count=0, restarted_count=0
 full_count=0

Compilation events (20 events):
Event: 29.772 Thread 0x000001a418ad13b0 12122       3       org.eclipse.jdt.internal.core.search.JavaSearchDocument::<init> (21 bytes)
Event: 29.775 Thread 0x000001a418ad13b0 nmethod 12122 0x000001a3c4133410 code [0x000001a3c4133820, 0x000001a3c4135a00]
Event: 29.775 Thread 0x000001a418ad13b0 12124       3       org.eclipse.jdt.internal.compiler.util.SimpleLookupTable::rehash (86 bytes)
Event: 29.775 Thread 0x000001a418ad13b0 nmethod 12124 0x000001a3c4136610 code [0x000001a3c41367e0, 0x000001a3c4136b80]
Event: 29.775 Thread 0x000001a418ad13b0 12123   !   3       org.eclipse.jdt.internal.compiler.util.Util::getZipEntryByteContent (84 bytes)
Event: 29.776 Thread 0x000001a418ad13b0 nmethod 12123 0x000001a3c4136d90 code [0x000001a3c4136fe0, 0x000001a3c4137790]
Event: 29.942 Thread 0x000001a418ad13b0 12127       3       org.eclipse.jdt.internal.core.index.DiskIndex::writeDocumentNumbers (384 bytes)
Event: 29.943 Thread 0x000001a418ad13b0 nmethod 12127 0x000001a3c4137c10 code [0x000001a3c4137ea0, 0x000001a3c4138bc8]
Event: 29.947 Thread 0x000001a418ad13b0 12128       3       org.eclipse.core.internal.jobs.InternalJob::isAboutToRunCanceled (15 bytes)
Event: 29.947 Thread 0x000001a418ad13b0 nmethod 12128 0x000001a3c4139190 code [0x000001a3c4139340, 0x000001a3c41394b8]
Event: 29.956 Thread 0x000001a418ad13b0 12129       3       org.eclipse.jdt.internal.core.search.indexing.BinaryContainer::isIdentifier (52 bytes)
Event: 29.956 Thread 0x000001a418ad13b0 nmethod 12129 0x000001a3c4139590 code [0x000001a3c4139760, 0x000001a3c4139a60]
Event: 29.984 Thread 0x000001a418ad13b0 12130       2       org.eclipse.jdt.internal.compiler.classfmt.FieldInfo::createField (450 bytes)
Event: 29.986 Thread 0x000001a418ad13b0 nmethod 12130 0x000001a3c4139c10 code [0x000001a3c4139f20, 0x000001a3c413b1a0]
Event: 30.008 Thread 0x000001a418ad13b0 12131       3       org.eclipse.jdt.internal.compiler.classfmt.MethodInfo::createMethod (710 bytes)
Event: 30.014 Thread 0x000001a418ad13b0 nmethod 12131 0x000001a3c413bb10 code [0x000001a3c413c000, 0x000001a3c413eef0]
Event: 30.017 Thread 0x000001a418ad13b0 12132       3       java.lang.Integer::toString (55 bytes)
Event: 30.017 Thread 0x000001a418ad13b0 nmethod 12132 0x000001a3c4140010 code [0x000001a3c41401e0, 0x000001a3c4140520]
Event: 30.048 Thread 0x000001a418ad13b0 12133       2       org.eclipse.jdt.internal.core.search.indexing.BinaryIndexer::addBinaryAnnotation (87 bytes)
Event: 30.050 Thread 0x000001a418ad13b0 nmethod 12133 0x000001a3c4140690 code [0x000001a3c4140900, 0x000001a3c4140e48]

GC Heap History (20 events):
Event: 29.917 GC heap before
{Heap before GC invocations=460 (full 3):
 PSYoungGen      total 2048K, used 1821K [0x00000000d5580000, 0x00000000d5880000, 0x0000000100000000)
  eden space 1536K, 99% used [0x00000000d5580000,0x00000000d56ff490,0x00000000d5700000)
  from space 512K, 56% used [0x00000000d5800000,0x00000000d5848000,0x00000000d5880000)
  to   space 512K, 0% used [0x00000000d5700000,0x00000000d5700000,0x00000000d5780000)
 ParOldGen       total 379904K, used 379557K [0x0000000080000000, 0x0000000097300000, 0x00000000d5580000)
  object space 379904K, 99% used [0x0000000080000000,0x00000000972a9470,0x0000000097300000)
 Metaspace       used 63068K, committed 64512K, reserved 1114112K
  class space    used 6473K, committed 7104K, reserved 1048576K
}
Event: 29.919 GC heap after
{Heap after GC invocations=460 (full 3):
 PSYoungGen      total 2048K, used 512K [0x00000000d5580000, 0x00000000d5900000, 0x0000000100000000)
  eden space 1536K, 0% used [0x00000000d5580000,0x00000000d5580000,0x00000000d5700000)
  from space 512K, 100% used [0x00000000d5700000,0x00000000d5780000,0x00000000d5780000)
  to   space 1024K, 0% used [0x00000000d5800000,0x00000000d5800000,0x00000000d5900000)
 ParOldGen       total 380416K, used 379940K [0x0000000080000000, 0x0000000097380000, 0x00000000d5580000)
  object space 380416K, 99% used [0x0000000080000000,0x0000000097309070,0x0000000097380000)
 Metaspace       used 63068K, committed 64512K, reserved 1114112K
  class space    used 6473K, committed 7104K, reserved 1048576K
}
Event: 29.958 GC heap before
{Heap before GC invocations=461 (full 3):
 PSYoungGen      total 2048K, used 2024K [0x00000000d5580000, 0x00000000d5900000, 0x0000000100000000)
  eden space 1536K, 98% used [0x00000000d5580000,0x00000000d56fa0e8,0x00000000d5700000)
  from space 512K, 100% used [0x00000000d5700000,0x00000000d5780000,0x00000000d5780000)
  to   space 1024K, 0% used [0x00000000d5800000,0x00000000d5800000,0x00000000d5900000)
 ParOldGen       total 380416K, used 379940K [0x0000000080000000, 0x0000000097380000, 0x00000000d5580000)
  object space 380416K, 99% used [0x0000000080000000,0x0000000097309070,0x0000000097380000)
 Metaspace       used 63069K, committed 64512K, reserved 1114112K
  class space    used 6473K, committed 7104K, reserved 1048576K
}
Event: 29.959 GC heap after
{Heap after GC invocations=461 (full 3):
 PSYoungGen      total 2560K, used 339K [0x00000000d5580000, 0x00000000d5900000, 0x0000000100000000)
  eden space 1536K, 0% used [0x00000000d5580000,0x00000000d5580000,0x00000000d5700000)
  from space 1024K, 33% used [0x00000000d5800000,0x00000000d5854ce0,0x00000000d5900000)
  to   space 1024K, 0% used [0x00000000d5700000,0x00000000d5700000,0x00000000d5800000)
 ParOldGen       total 380416K, used 380028K [0x0000000080000000, 0x0000000097380000, 0x00000000d5580000)
  object space 380416K, 99% used [0x0000000080000000,0x000000009731f070,0x0000000097380000)
 Metaspace       used 63069K, committed 64512K, reserved 1114112K
  class space    used 6473K, committed 7104K, reserved 1048576K
}
Event: 29.966 GC heap before
{Heap before GC invocations=462 (full 3):
 PSYoungGen      total 2560K, used 1875K [0x00000000d5580000, 0x00000000d5900000, 0x0000000100000000)
  eden space 1536K, 100% used [0x00000000d5580000,0x00000000d5700000,0x00000000d5700000)
  from space 1024K, 33% used [0x00000000d5800000,0x00000000d5854ce0,0x00000000d5900000)
  to   space 1024K, 0% used [0x00000000d5700000,0x00000000d5700000,0x00000000d5800000)
 ParOldGen       total 380416K, used 380028K [0x0000000080000000, 0x0000000097380000, 0x00000000d5580000)
  object space 380416K, 99% used [0x0000000080000000,0x000000009731f070,0x0000000097380000)
 Metaspace       used 63069K, committed 64512K, reserved 1114112K
  class space    used 6473K, committed 7104K, reserved 1048576K
}
Event: 29.968 GC heap after
{Heap after GC invocations=462 (full 3):
 PSYoungGen      total 2560K, used 416K [0x00000000d5580000, 0x00000000d5880000, 0x0000000100000000)
  eden space 1536K, 0% used [0x00000000d5580000,0x00000000d5580000,0x00000000d5700000)
  from space 1024K, 40% used [0x00000000d5700000,0x00000000d5768000,0x00000000d5800000)
  to   space 512K, 0% used [0x00000000d5800000,0x00000000d5800000,0x00000000d5880000)
 ParOldGen       total 380416K, used 380204K [0x0000000080000000, 0x0000000097380000, 0x00000000d5580000)
  object space 380416K, 99% used [0x0000000080000000,0x000000009734b060,0x0000000097380000)
 Metaspace       used 63069K, committed 64512K, reserved 1114112K
  class space    used 6473K, committed 7104K, reserved 1048576K
}
Event: 29.981 GC heap before
{Heap before GC invocations=463 (full 3):
 PSYoungGen      total 2560K, used 1952K [0x00000000d5580000, 0x00000000d5880000, 0x0000000100000000)
  eden space 1536K, 100% used [0x00000000d5580000,0x00000000d5700000,0x00000000d5700000)
  from space 1024K, 40% used [0x00000000d5700000,0x00000000d5768000,0x00000000d5800000)
  to   space 512K, 0% used [0x00000000d5800000,0x00000000d5800000,0x00000000d5880000)
 ParOldGen       total 380416K, used 380204K [0x0000000080000000, 0x0000000097380000, 0x00000000d5580000)
  object space 380416K, 99% used [0x0000000080000000,0x000000009734b060,0x0000000097380000)
 Metaspace       used 63076K, committed 64512K, reserved 1114112K
  class space    used 6474K, committed 7104K, reserved 1048576K
}
Event: 29.983 GC heap after
{Heap after GC invocations=463 (full 3):
 PSYoungGen      total 2048K, used 384K [0x00000000d5580000, 0x00000000d5880000, 0x0000000100000000)
  eden space 1536K, 0% used [0x00000000d5580000,0x00000000d5580000,0x00000000d5700000)
  from space 512K, 75% used [0x00000000d5800000,0x00000000d5860000,0x00000000d5880000)
  to   space 512K, 0% used [0x00000000d5780000,0x00000000d5780000,0x00000000d5800000)
 ParOldGen       total 380928K, used 380521K [0x0000000080000000, 0x0000000097400000, 0x00000000d5580000)
  object space 380928K, 99% used [0x0000000080000000,0x000000009739a668,0x0000000097400000)
 Metaspace       used 63076K, committed 64512K, reserved 1114112K
  class space    used 6474K, committed 7104K, reserved 1048576K
}
Event: 29.993 GC heap before
{Heap before GC invocations=464 (full 3):
 PSYoungGen      total 2048K, used 1920K [0x00000000d5580000, 0x00000000d5880000, 0x0000000100000000)
  eden space 1536K, 100% used [0x00000000d5580000,0x00000000d5700000,0x00000000d5700000)
  from space 512K, 75% used [0x00000000d5800000,0x00000000d5860000,0x00000000d5880000)
  to   space 512K, 0% used [0x00000000d5780000,0x00000000d5780000,0x00000000d5800000)
 ParOldGen       total 380928K, used 380521K [0x0000000080000000, 0x0000000097400000, 0x00000000d5580000)
  object space 380928K, 99% used [0x0000000080000000,0x000000009739a668,0x0000000097400000)
 Metaspace       used 63076K, committed 64512K, reserved 1114112K
  class space    used 6474K, committed 7104K, reserved 1048576K
}
Event: 29.995 GC heap after
{Heap after GC invocations=464 (full 3):
 PSYoungGen      total 2048K, used 320K [0x00000000d5580000, 0x00000000d5880000, 0x0000000100000000)
  eden space 1536K, 0% used [0x00000000d5580000,0x00000000d5580000,0x00000000d5700000)
  from space 512K, 62% used [0x00000000d5780000,0x00000000d57d0000,0x00000000d5800000)
  to   space 512K, 0% used [0x00000000d5800000,0x00000000d5800000,0x00000000d5880000)
 ParOldGen       total 380928K, used 380753K [0x0000000080000000, 0x0000000097400000, 0x00000000d5580000)
  object space 380928K, 99% used [0x0000000080000000,0x00000000973d4668,0x0000000097400000)
 Metaspace       used 63076K, committed 64512K, reserved 1114112K
  class space    used 6474K, committed 7104K, reserved 1048576K
}
Event: 30.009 GC heap before
{Heap before GC invocations=465 (full 3):
 PSYoungGen      total 2048K, used 1856K [0x00000000d5580000, 0x00000000d5880000, 0x0000000100000000)
  eden space 1536K, 100% used [0x00000000d5580000,0x00000000d5700000,0x00000000d5700000)
  from space 512K, 62% used [0x00000000d5780000,0x00000000d57d0000,0x00000000d5800000)
  to   space 512K, 0% used [0x00000000d5800000,0x00000000d5800000,0x00000000d5880000)
 ParOldGen       total 380928K, used 380753K [0x0000000080000000, 0x0000000097400000, 0x00000000d5580000)
  object space 380928K, 99% used [0x0000000080000000,0x00000000973d4668,0x0000000097400000)
 Metaspace       used 63077K, committed 64512K, reserved 1114112K
  class space    used 6474K, committed 7104K, reserved 1048576K
}
Event: 30.011 GC heap after
{Heap after GC invocations=465 (full 3):
 PSYoungGen      total 2048K, used 484K [0x00000000d5580000, 0x00000000d5900000, 0x0000000100000000)
  eden space 1536K, 0% used [0x00000000d5580000,0x00000000d5580000,0x00000000d5700000)
  from space 512K, 94% used [0x00000000d5800000,0x00000000d5879208,0x00000000d5880000)
  to   space 1024K, 0% used [0x00000000d5700000,0x00000000d5700000,0x00000000d5800000)
 ParOldGen       total 381440K, used 380996K [0x0000000080000000, 0x0000000097480000, 0x00000000d5580000)
  object space 381440K, 99% used [0x0000000080000000,0x0000000097411270,0x0000000097480000)
 Metaspace       used 63077K, committed 64512K, reserved 1114112K
  class space    used 6474K, committed 7104K, reserved 1048576K
}
Event: 30.020 GC heap before
{Heap before GC invocations=466 (full 3):
 PSYoungGen      total 2048K, used 2020K [0x00000000d5580000, 0x00000000d5900000, 0x0000000100000000)
  eden space 1536K, 99% used [0x00000000d5580000,0x00000000d56ffff0,0x00000000d5700000)
  from space 512K, 94% used [0x00000000d5800000,0x00000000d5879208,0x00000000d5880000)
  to   space 1024K, 0% used [0x00000000d5700000,0x00000000d5700000,0x00000000d5800000)
 ParOldGen       total 381440K, used 380996K [0x0000000080000000, 0x0000000097480000, 0x00000000d5580000)
  object space 381440K, 99% used [0x0000000080000000,0x0000000097411270,0x0000000097480000)
 Metaspace       used 63077K, committed 64512K, reserved 1114112K
  class space    used 6474K, committed 7104K, reserved 1048576K
}
Event: 30.022 GC heap after
{Heap after GC invocations=466 (full 3):
 PSYoungGen      total 2560K, used 352K [0x00000000d5580000, 0x00000000d5880000, 0x0000000100000000)
  eden space 1536K, 0% used [0x00000000d5580000,0x00000000d5580000,0x00000000d5700000)
  from space 1024K, 34% used [0x00000000d5700000,0x00000000d5758000,0x00000000d5800000)
  to   space 512K, 0% used [0x00000000d5800000,0x00000000d5800000,0x00000000d5880000)
 ParOldGen       total 381440K, used 381212K [0x0000000080000000, 0x0000000097480000, 0x00000000d5580000)
  object space 381440K, 99% used [0x0000000080000000,0x0000000097447270,0x0000000097480000)
 Metaspace       used 63077K, committed 64512K, reserved 1114112K
  class space    used 6474K, committed 7104K, reserved 1048576K
}
Event: 30.028 GC heap before
{Heap before GC invocations=467 (full 3):
 PSYoungGen      total 2560K, used 1888K [0x00000000d5580000, 0x00000000d5880000, 0x0000000100000000)
  eden space 1536K, 100% used [0x00000000d5580000,0x00000000d5700000,0x00000000d5700000)
  from space 1024K, 34% used [0x00000000d5700000,0x00000000d5758000,0x00000000d5800000)
  to   space 512K, 0% used [0x00000000d5800000,0x00000000d5800000,0x00000000d5880000)
 ParOldGen       total 381440K, used 381212K [0x0000000080000000, 0x0000000097480000, 0x00000000d5580000)
  object space 381440K, 99% used [0x0000000080000000,0x0000000097447270,0x0000000097480000)
 Metaspace       used 63077K, committed 64512K, reserved 1114112K
  class space    used 6474K, committed 7104K, reserved 1048576K
}
Event: 30.030 GC heap after
{Heap after GC invocations=467 (full 3):
 PSYoungGen      total 2048K, used 320K [0x00000000d5580000, 0x00000000d5880000, 0x0000000100000000)
  eden space 1536K, 0% used [0x00000000d5580000,0x00000000d5580000,0x00000000d5700000)
  from space 512K, 62% used [0x00000000d5800000,0x00000000d5850000,0x00000000d5880000)
  to   space 512K, 0% used [0x00000000d5780000,0x00000000d5780000,0x00000000d5800000)
 ParOldGen       total 381952K, used 381489K [0x0000000080000000, 0x0000000097500000, 0x00000000d5580000)
  object space 381952K, 99% used [0x0000000080000000,0x000000009748c478,0x0000000097500000)
 Metaspace       used 63077K, committed 64512K, reserved 1114112K
  class space    used 6474K, committed 7104K, reserved 1048576K
}
Event: 30.039 GC heap before
{Heap before GC invocations=468 (full 3):
 PSYoungGen      total 2048K, used 1856K [0x00000000d5580000, 0x00000000d5880000, 0x0000000100000000)
  eden space 1536K, 100% used [0x00000000d5580000,0x00000000d5700000,0x00000000d5700000)
  from space 512K, 62% used [0x00000000d5800000,0x00000000d5850000,0x00000000d5880000)
  to   space 512K, 0% used [0x00000000d5780000,0x00000000d5780000,0x00000000d5800000)
 ParOldGen       total 381952K, used 381489K [0x0000000080000000, 0x0000000097500000, 0x00000000d5580000)
  object space 381952K, 99% used [0x0000000080000000,0x000000009748c478,0x0000000097500000)
 Metaspace       used 63077K, committed 64512K, reserved 1114112K
  class space    used 6474K, committed 7104K, reserved 1048576K
}
Event: 30.041 GC heap after
{Heap after GC invocations=468 (full 3):
 PSYoungGen      total 2048K, used 278K [0x00000000d5580000, 0x00000000d5880000, 0x0000000100000000)
  eden space 1536K, 0% used [0x00000000d5580000,0x00000000d5580000,0x00000000d5700000)
  from space 512K, 54% used [0x00000000d5780000,0x00000000d57c5808,0x00000000d5800000)
  to   space 512K, 0% used [0x00000000d5800000,0x00000000d5800000,0x00000000d5880000)
 ParOldGen       total 381952K, used 381689K [0x0000000080000000, 0x0000000097500000, 0x00000000d5580000)
  object space 381952K, 99% used [0x0000000080000000,0x00000000974be478,0x0000000097500000)
 Metaspace       used 63077K, committed 64512K, reserved 1114112K
  class space    used 6474K, committed 7104K, reserved 1048576K
}
Event: 30.056 GC heap before
{Heap before GC invocations=469 (full 3):
 PSYoungGen      total 2048K, used 1814K [0x00000000d5580000, 0x00000000d5880000, 0x0000000100000000)
  eden space 1536K, 100% used [0x00000000d5580000,0x00000000d5700000,0x00000000d5700000)
  from space 512K, 54% used [0x00000000d5780000,0x00000000d57c5808,0x00000000d5800000)
  to   space 512K, 0% used [0x00000000d5800000,0x00000000d5800000,0x00000000d5880000)
 ParOldGen       total 381952K, used 381689K [0x0000000080000000, 0x0000000097500000, 0x00000000d5580000)
  object space 381952K, 99% used [0x0000000080000000,0x00000000974be478,0x0000000097500000)
 Metaspace       used 63077K, committed 64512K, reserved 1114112K
  class space    used 6474K, committed 7104K, reserved 1048576K
}
Event: 30.058 GC heap after
{Heap after GC invocations=469 (full 3):
 PSYoungGen      total 2048K, used 416K [0x00000000d5580000, 0x00000000d5880000, 0x0000000100000000)
  eden space 1536K, 0% used [0x00000000d5580000,0x00000000d5580000,0x00000000d5700000)
  from space 512K, 81% used [0x00000000d5800000,0x00000000d5868000,0x00000000d5880000)
  to   space 512K, 0% used [0x00000000d5780000,0x00000000d5780000,0x00000000d5800000)
 ParOldGen       total 381952K, used 381919K [0x0000000080000000, 0x0000000097500000, 0x00000000d5580000)
  object space 381952K, 99% used [0x0000000080000000,0x00000000974f7c80,0x0000000097500000)
 Metaspace       used 63077K, committed 64512K, reserved 1114112K
  class space    used 6474K, committed 7104K, reserved 1048576K
}

Dll operation events (10 events):
Event: 0.024 Loaded shared library c:\Users\Mohameth\.vscode\extensions\redhat.java-1.43.1-win32-x64\jre\21.0.7-win32-x86_64\bin\java.dll
Event: 0.182 Loaded shared library c:\Users\Mohameth\.vscode\extensions\redhat.java-1.43.1-win32-x64\jre\21.0.7-win32-x86_64\bin\zip.dll
Event: 0.289 Loaded shared library C:\Users\Mohameth\.vscode\extensions\redhat.java-1.43.1-win32-x64\jre\21.0.7-win32-x86_64\bin\instrument.dll
Event: 0.302 Loaded shared library C:\Users\Mohameth\.vscode\extensions\redhat.java-1.43.1-win32-x64\jre\21.0.7-win32-x86_64\bin\net.dll
Event: 0.307 Loaded shared library C:\Users\Mohameth\.vscode\extensions\redhat.java-1.43.1-win32-x64\jre\21.0.7-win32-x86_64\bin\nio.dll
Event: 0.314 Loaded shared library C:\Users\Mohameth\.vscode\extensions\redhat.java-1.43.1-win32-x64\jre\21.0.7-win32-x86_64\bin\zip.dll
Event: 0.366 Loaded shared library C:\Users\Mohameth\.vscode\extensions\redhat.java-1.43.1-win32-x64\jre\21.0.7-win32-x86_64\bin\jimage.dll
Event: 0.577 Loaded shared library c:\Users\Mohameth\.vscode\extensions\redhat.java-1.43.1-win32-x64\jre\21.0.7-win32-x86_64\bin\verify.dll
Event: 3.568 Loaded shared library C:\Users\Mohameth\AppData\Roaming\Code\User\globalStorage\redhat.java\1.43.1\config_win\org.eclipse.equinox.launcher\org.eclipse.equinox.launcher.win32.win32.x86_64_1.2.1300.v20250331-1702\eclipse_11911.dll
Event: 6.540 Loaded shared library C:\Users\Mohameth\AppData\Local\Temp\jna--443535673\jna549691435618448970.dll

Deoptimization events (20 events):
Event: 29.941 Thread 0x000001a41dbdbc60 DEOPT PACKING pc=0x000001a3cab5b4a8 sp=0x00000098573fe7c0
Event: 29.941 Thread 0x000001a41dbdbc60 DEOPT UNPACKING pc=0x000001a3c9e33aa2 sp=0x00000098573fe808 mode 2
Event: 29.964 Thread 0x000001a41dbdbc60 DEOPT PACKING pc=0x000001a3c3459365 sp=0x00000098573fe820
Event: 29.964 Thread 0x000001a41dbdbc60 DEOPT UNPACKING pc=0x000001a3c9e34242 sp=0x00000098573fdc38 mode 0
Event: 29.976 Thread 0x000001a41dbdbc60 Uncommon trap: trap_request=0xffffffec fr.pc=0x000001a3ca9649dc relative=0x00000000000014dc
Event: 29.976 Thread 0x000001a41dbdbc60 Uncommon trap: reason=null_assert_or_unreached0 action=make_not_entrant pc=0x000001a3ca9649dc method=org.eclipse.jdt.internal.compiler.classfmt.FieldInfo.createField([B[IIJ)Lorg/eclipse/jdt/internal/compiler/classfmt/FieldInfo; @ 226 c2
Event: 29.976 Thread 0x000001a41dbdbc60 DEOPT PACKING pc=0x000001a3ca9649dc sp=0x00000098573fe830
Event: 29.976 Thread 0x000001a41dbdbc60 DEOPT UNPACKING pc=0x000001a3c9e33aa2 sp=0x00000098573fe7a8 mode 2
Event: 29.988 Thread 0x000001a41dbdbc60 DEOPT PACKING pc=0x000001a3c3459365 sp=0x00000098573fe750
Event: 29.988 Thread 0x000001a41dbdbc60 DEOPT UNPACKING pc=0x000001a3c9e34242 sp=0x00000098573fdb68 mode 0
Event: 30.001 Thread 0x000001a41dbdbc60 Uncommon trap: trap_request=0xffffff45 fr.pc=0x000001a3ca94b074 relative=0x00000000000016f4
Event: 30.001 Thread 0x000001a41dbdbc60 Uncommon trap: reason=unstable_if action=reinterpret pc=0x000001a3ca94b074 method=org.eclipse.jdt.internal.compiler.classfmt.MethodInfo.createMethod([B[IIJ)Lorg/eclipse/jdt/internal/compiler/classfmt/MethodInfo; @ 265 c2
Event: 30.001 Thread 0x000001a41dbdbc60 DEOPT PACKING pc=0x000001a3ca94b074 sp=0x00000098573fe820
Event: 30.001 Thread 0x000001a41dbdbc60 DEOPT UNPACKING pc=0x000001a3c9e33aa2 sp=0x00000098573fe780 mode 2
Event: 30.014 Thread 0x000001a41dbdbc60 DEOPT PACKING pc=0x000001a3c3459365 sp=0x00000098573fe750
Event: 30.014 Thread 0x000001a41dbdbc60 DEOPT UNPACKING pc=0x000001a3c9e34242 sp=0x00000098573fdb68 mode 0
Event: 30.028 Thread 0x000001a41dbdbc60 DEOPT PACKING pc=0x000001a3c3459365 sp=0x00000098573fe750
Event: 30.028 Thread 0x000001a41dbdbc60 DEOPT UNPACKING pc=0x000001a3c9e34242 sp=0x00000098573fdb68 mode 0
Event: 30.045 Thread 0x000001a41dbdbc60 DEOPT PACKING pc=0x000001a3c3459365 sp=0x00000098573fe680
Event: 30.045 Thread 0x000001a41dbdbc60 DEOPT UNPACKING pc=0x000001a3c9e34242 sp=0x00000098573fda98 mode 0

Classes loaded (20 events):
Event: 26.908 Loading class java/util/concurrent/CompletionException
Event: 26.908 Loading class java/util/concurrent/CompletionException done
Event: 26.930 Loading class java/nio/file/FileTreeWalker$1
Event: 26.930 Loading class java/nio/file/FileTreeWalker$1 done
Event: 26.932 Loading class sun/nio/fs/Globs
Event: 26.933 Loading class sun/nio/fs/Globs done
Event: 26.933 Loading class java/util/regex/Pattern$SliceU
Event: 26.934 Loading class java/util/regex/Pattern$SliceU done
Event: 26.934 Loading class sun/nio/fs/WindowsFileSystem$2
Event: 26.934 Loading class java/nio/file/PathMatcher
Event: 26.936 Loading class java/nio/file/PathMatcher done
Event: 26.936 Loading class sun/nio/fs/WindowsFileSystem$2 done
Event: 27.322 Loading class java/util/Collections$SynchronizedRandomAccessList
Event: 27.322 Loading class java/util/Collections$SynchronizedList
Event: 27.323 Loading class java/util/Collections$SynchronizedList done
Event: 27.323 Loading class java/util/Collections$SynchronizedRandomAccessList done
Event: 27.413 Loading class java/util/concurrent/CompletableFuture$Signaller
Event: 27.414 Loading class java/util/concurrent/CompletableFuture$Signaller done
Event: 29.575 Loading class sun/nio/fs/WindowsFileCopy
Event: 29.576 Loading class sun/nio/fs/WindowsFileCopy done

Classes unloaded (7 events):
Event: 8.105 Thread 0x000001a4171c3060 Unloading class 0x000001a3d719d000 'java/lang/invoke/LambdaForm$MH+0x000001a3d719d000'
Event: 8.105 Thread 0x000001a4171c3060 Unloading class 0x000001a3d719cc00 'java/lang/invoke/LambdaForm$MH+0x000001a3d719cc00'
Event: 8.105 Thread 0x000001a4171c3060 Unloading class 0x000001a3d719c800 'java/lang/invoke/LambdaForm$MH+0x000001a3d719c800'
Event: 8.105 Thread 0x000001a4171c3060 Unloading class 0x000001a3d719c400 'java/lang/invoke/LambdaForm$MH+0x000001a3d719c400'
Event: 8.105 Thread 0x000001a4171c3060 Unloading class 0x000001a3d719c000 'java/lang/invoke/LambdaForm$BMH+0x000001a3d719c000'
Event: 8.105 Thread 0x000001a4171c3060 Unloading class 0x000001a3d719bc00 'java/lang/invoke/LambdaForm$DMH+0x000001a3d719bc00'
Event: 8.105 Thread 0x000001a4171c3060 Unloading class 0x000001a3d719a800 'java/lang/invoke/LambdaForm$DMH+0x000001a3d719a800'

Classes redefined (0 events):
No events

Internal exceptions (20 events):
Event: 27.067 Thread 0x000001a41dbdc980 Exception <a 'sun/nio/fs/WindowsException'{0x00000000d56cd1b8}> (0x00000000d56cd1b8) 
thrown [s\src\hotspot\share\prims\jni.cpp, line 520]
Event: 27.067 Thread 0x000001a41dbdc980 Exception <a 'sun/nio/fs/WindowsException'{0x00000000d56cd928}> (0x00000000d56cd928) 
thrown [s\src\hotspot\share\prims\jni.cpp, line 520]
Event: 27.067 Thread 0x000001a41dbdc980 Exception <a 'sun/nio/fs/WindowsException'{0x00000000d56ce098}> (0x00000000d56ce098) 
thrown [s\src\hotspot\share\prims\jni.cpp, line 520]
Event: 27.067 Thread 0x000001a41dbdc980 Exception <a 'sun/nio/fs/WindowsException'{0x00000000d56ce820}> (0x00000000d56ce820) 
thrown [s\src\hotspot\share\prims\jni.cpp, line 520]
Event: 27.069 Thread 0x000001a41dbdc980 Exception <a 'sun/nio/fs/WindowsException'{0x00000000d5708070}> (0x00000000d5708070) 
thrown [s\src\hotspot\share\prims\jni.cpp, line 520]
Event: 27.070 Thread 0x000001a41dbdc980 Exception <a 'sun/nio/fs/WindowsException'{0x00000000d57087f0}> (0x00000000d57087f0) 
thrown [s\src\hotspot\share\prims\jni.cpp, line 520]
Event: 27.070 Thread 0x000001a41dbdc980 Exception <a 'sun/nio/fs/WindowsException'{0x00000000d5708f70}> (0x00000000d5708f70) 
thrown [s\src\hotspot\share\prims\jni.cpp, line 520]
Event: 27.070 Thread 0x000001a41dbdc980 Exception <a 'sun/nio/fs/WindowsException'{0x00000000d5709710}> (0x00000000d5709710) 
thrown [s\src\hotspot\share\prims\jni.cpp, line 520]
Event: 27.075 Thread 0x000001a41dbdc980 Exception <a 'sun/nio/fs/WindowsException'{0x00000000d5743018}> (0x00000000d5743018) 
thrown [s\src\hotspot\share\prims\jni.cpp, line 520]
Event: 27.076 Thread 0x000001a41dbdc980 Exception <a 'sun/nio/fs/WindowsException'{0x00000000d57437b8}> (0x00000000d57437b8) 
thrown [s\src\hotspot\share\prims\jni.cpp, line 520]
Event: 27.076 Thread 0x000001a41dbdc980 Exception <a 'sun/nio/fs/WindowsException'{0x00000000d5743f58}> (0x00000000d5743f58) 
thrown [s\src\hotspot\share\prims\jni.cpp, line 520]
Event: 27.077 Thread 0x000001a41dbdc980 Exception <a 'sun/nio/fs/WindowsException'{0x00000000d575f580}> (0x00000000d575f580) 
thrown [s\src\hotspot\share\prims\jni.cpp, line 520]
Event: 27.160 Thread 0x000001a41fd148a0 Exception <a 'java/lang/IncompatibleClassChangeError'{0x00000000d5a72aa8}: Found class java.lang.Object, but interface was expected> (0x00000000d5a72aa8) 
thrown [s\src\hotspot\share\interpreter\linkResolver.cpp, line 840]
Event: 29.577 Thread 0x000001a41dbdbc60 Exception <a 'sun/nio/fs/WindowsException'{0x00000000d564a358}> (0x00000000d564a358) 
thrown [s\src\hotspot\share\prims\jni.cpp, line 520]
Event: 29.605 Thread 0x000001a41dbdbc60 Exception <a 'sun/nio/fs/WindowsException'{0x00000000d56798a0}> (0x00000000d56798a0) 
thrown [s\src\hotspot\share\prims\jni.cpp, line 520]
Event: 29.617 Thread 0x000001a41dbdbc60 Exception <a 'sun/nio/fs/WindowsException'{0x00000000d55945c0}> (0x00000000d55945c0) 
thrown [s\src\hotspot\share\prims\jni.cpp, line 520]
Event: 29.627 Thread 0x000001a41dbdbc60 Exception <a 'sun/nio/fs/WindowsException'{0x00000000d55ab368}> (0x00000000d55ab368) 
thrown [s\src\hotspot\share\prims\jni.cpp, line 520]
Event: 29.741 Thread 0x000001a41dbdbc60 Exception <a 'sun/nio/fs/WindowsException'{0x00000000d55a4af0}> (0x00000000d55a4af0) 
thrown [s\src\hotspot\share\prims\jni.cpp, line 520]
Event: 29.929 Thread 0x000001a41dbdbc60 Exception <a 'sun/nio/fs/WindowsException'{0x00000000d55af728}> (0x00000000d55af728) 
thrown [s\src\hotspot\share\prims\jni.cpp, line 520]
Event: 29.944 Thread 0x000001a41dbdbc60 Exception <a 'sun/nio/fs/WindowsException'{0x00000000d56541a0}> (0x00000000d56541a0) 
thrown [s\src\hotspot\share\prims\jni.cpp, line 520]

ZGC Phase Switch (0 events):
No events

VM Operations (20 events):
Event: 29.958 Executing VM operation: ParallelGCFailedAllocation (Allocation Failure)
Event: 29.959 Executing VM operation: ParallelGCFailedAllocation (Allocation Failure) done
Event: 29.966 Executing VM operation: ParallelGCFailedAllocation (Allocation Failure)
Event: 29.968 Executing VM operation: ParallelGCFailedAllocation (Allocation Failure) done
Event: 29.981 Executing VM operation: ParallelGCFailedAllocation (Allocation Failure)
Event: 29.983 Executing VM operation: ParallelGCFailedAllocation (Allocation Failure) done
Event: 29.993 Executing VM operation: ParallelGCFailedAllocation (Allocation Failure)
Event: 29.995 Executing VM operation: ParallelGCFailedAllocation (Allocation Failure) done
Event: 30.005 Executing VM operation: HandshakeAllThreads (Deoptimize)
Event: 30.005 Executing VM operation: HandshakeAllThreads (Deoptimize) done
Event: 30.009 Executing VM operation: ParallelGCFailedAllocation (Allocation Failure)
Event: 30.011 Executing VM operation: ParallelGCFailedAllocation (Allocation Failure) done
Event: 30.020 Executing VM operation: ParallelGCFailedAllocation (Allocation Failure)
Event: 30.022 Executing VM operation: ParallelGCFailedAllocation (Allocation Failure) done
Event: 30.028 Executing VM operation: ParallelGCFailedAllocation (Allocation Failure)
Event: 30.030 Executing VM operation: ParallelGCFailedAllocation (Allocation Failure) done
Event: 30.039 Executing VM operation: ParallelGCFailedAllocation (Allocation Failure)
Event: 30.041 Executing VM operation: ParallelGCFailedAllocation (Allocation Failure) done
Event: 30.056 Executing VM operation: ParallelGCFailedAllocation (Allocation Failure)
Event: 30.058 Executing VM operation: ParallelGCFailedAllocation (Allocation Failure) done

Memory protections (0 events):
No events

Nmethod flushes (20 events):
Event: 21.510 Thread 0x000001a4171c3060 flushing  nmethod 0x000001a3c31d2190
Event: 21.510 Thread 0x000001a4171c3060 flushing  nmethod 0x000001a3c31e5810
Event: 21.510 Thread 0x000001a4171c3060 flushing  nmethod 0x000001a3c31ea810
Event: 21.510 Thread 0x000001a4171c3060 flushing  nmethod 0x000001a3c31ec690
Event: 21.510 Thread 0x000001a4171c3060 flushing  nmethod 0x000001a3c31ee090
Event: 21.510 Thread 0x000001a4171c3060 flushing  nmethod 0x000001a3c320b290
Event: 21.510 Thread 0x000001a4171c3060 flushing  nmethod 0x000001a3c3211590
Event: 21.510 Thread 0x000001a4171c3060 flushing  nmethod 0x000001a3c321ca90
Event: 21.510 Thread 0x000001a4171c3060 flushing  nmethod 0x000001a3c321da90
Event: 21.510 Thread 0x000001a4171c3060 flushing  nmethod 0x000001a3c321eb10
Event: 21.510 Thread 0x000001a4171c3060 flushing  nmethod 0x000001a3c321fa10
Event: 21.510 Thread 0x000001a4171c3060 flushing  nmethod 0x000001a3c3242f10
Event: 21.510 Thread 0x000001a4171c3060 flushing  nmethod 0x000001a3c3246710
Event: 21.510 Thread 0x000001a4171c3060 flushing  nmethod 0x000001a3c326a610
Event: 21.510 Thread 0x000001a4171c3060 flushing  nmethod 0x000001a3c326bf10
Event: 21.510 Thread 0x000001a4171c3060 flushing  nmethod 0x000001a3c326f410
Event: 21.510 Thread 0x000001a4171c3060 flushing  nmethod 0x000001a3c3270190
Event: 21.510 Thread 0x000001a4171c3060 flushing  nmethod 0x000001a3c3270610
Event: 21.510 Thread 0x000001a4171c3060 flushing  nmethod 0x000001a3c3271510
Event: 21.510 Thread 0x000001a4171c3060 flushing  nmethod 0x000001a3c327e610

Events (20 events):
Event: 23.962 Thread 0x000001a41dbdd010 Thread added: 0x000001a41f0cac70
Event: 23.963 Thread 0x000001a41dbdd010 Thread added: 0x000001a41f0cda60
Event: 23.966 Thread 0x000001a41dbdd010 Thread added: 0x000001a41f0cb990
Event: 24.611 Thread 0x000001a41f0cda60 Thread exited: 0x000001a41f0cda60
Event: 24.611 Thread 0x000001a41f0cac70 Thread exited: 0x000001a41f0cac70
Event: 24.612 Thread 0x000001a41dbdb5d0 Thread exited: 0x000001a41dbdb5d0
Event: 24.612 Thread 0x000001a41f0cb990 Thread exited: 0x000001a41f0cb990
Event: 24.612 Thread 0x000001a4200b6eb0 Thread exited: 0x000001a4200b6eb0
Event: 25.498 Thread 0x000001a41dbdd010 Thread added: 0x000001a41dbdb5d0
Event: 25.499 Thread 0x000001a41dbdd010 Thread added: 0x000001a4200b6eb0
Event: 25.500 Thread 0x000001a41dbdd010 Thread added: 0x000001a41d4fa400
Event: 25.501 Thread 0x000001a41dbdd010 Thread added: 0x000001a41d4ff2c0
Event: 25.502 Thread 0x000001a41dbdd010 Thread added: 0x000001a41d4ff950
Event: 25.724 Thread 0x000001a41d4ff2c0 Thread exited: 0x000001a41d4ff2c0
Event: 25.724 Thread 0x000001a41d4ff950 Thread exited: 0x000001a41d4ff950
Event: 25.724 Thread 0x000001a4200b6eb0 Thread exited: 0x000001a4200b6eb0
Event: 25.725 Thread 0x000001a41dbdb5d0 Thread exited: 0x000001a41dbdb5d0
Event: 25.726 Thread 0x000001a41d4fa400 Thread exited: 0x000001a41d4fa400
Event: 28.833 Thread 0x000001a41e29fb70 Thread exited: 0x000001a41e29fb70
Event: 28.833 Thread 0x000001a41f551fc0 Thread exited: 0x000001a41f551fc0


Dynamic libraries:
0x00007ff795210000 - 0x00007ff79521e000 	c:\Users\Mohameth\.vscode\extensions\redhat.java-1.43.1-win32-x64\jre\21.0.7-win32-x86_64\bin\java.exe
0x00007ff992050000 - 0x00007ff992267000 	C:\WINDOWS\SYSTEM32\ntdll.dll
0x00007ff9918f0000 - 0x00007ff9919b4000 	C:\WINDOWS\System32\KERNEL32.DLL
0x00007ff98f520000 - 0x00007ff98f8f2000 	C:\WINDOWS\System32\KERNELBASE.dll
0x00007ff98f400000 - 0x00007ff98f511000 	C:\WINDOWS\System32\ucrtbase.dll
0x00007ff987d70000 - 0x00007ff987d8e000 	c:\Users\Mohameth\.vscode\extensions\redhat.java-1.43.1-win32-x64\jre\21.0.7-win32-x86_64\bin\VCRUNTIME140.dll
0x00007ff986550000 - 0x00007ff986568000 	c:\Users\Mohameth\.vscode\extensions\redhat.java-1.43.1-win32-x64\jre\21.0.7-win32-x86_64\bin\jli.dll
0x00007ff98fe70000 - 0x00007ff990021000 	C:\WINDOWS\System32\USER32.dll
0x00007ff97fa50000 - 0x00007ff97fceb000 	C:\WINDOWS\WinSxS\amd64_microsoft.windows.common-controls_6595b64144ccf1df_6.0.22621.5415_none_270d77d17387d7da\COMCTL32.dll
0x00007ff98f170000 - 0x00007ff98f196000 	C:\WINDOWS\System32\win32u.dll
0x00007ff991d80000 - 0x00007ff991e27000 	C:\WINDOWS\System32\msvcrt.dll
0x00007ff991d50000 - 0x00007ff991d79000 	C:\WINDOWS\System32\GDI32.dll
0x00007ff98fa70000 - 0x00007ff98fb93000 	C:\WINDOWS\System32\gdi32full.dll
0x00007ff98f220000 - 0x00007ff98f2ba000 	C:\WINDOWS\System32\msvcp_win.dll
0x00007ff990630000 - 0x00007ff990661000 	C:\WINDOWS\System32\IMM32.DLL
0x00007ff987c20000 - 0x00007ff987c2c000 	c:\Users\Mohameth\.vscode\extensions\redhat.java-1.43.1-win32-x64\jre\21.0.7-win32-x86_64\bin\vcruntime140_1.dll
0x00007ff97dca0000 - 0x00007ff97dd2d000 	c:\Users\Mohameth\.vscode\extensions\redhat.java-1.43.1-win32-x64\jre\21.0.7-win32-x86_64\bin\msvcp140.dll
0x00007ff8d38f0000 - 0x00007ff8d4680000 	c:\Users\Mohameth\.vscode\extensions\redhat.java-1.43.1-win32-x64\jre\21.0.7-win32-x86_64\bin\server\jvm.dll
0x00007ff991f50000 - 0x00007ff992001000 	C:\WINDOWS\System32\ADVAPI32.dll
0x00007ff990f90000 - 0x00007ff991038000 	C:\WINDOWS\System32\sechost.dll
0x00007ff98f140000 - 0x00007ff98f168000 	C:\WINDOWS\System32\bcrypt.dll
0x00007ff991e30000 - 0x00007ff991f44000 	C:\WINDOWS\System32\RPCRT4.dll
0x00007ff990520000 - 0x00007ff990591000 	C:\WINDOWS\System32\WS2_32.dll
0x00007ff98f010000 - 0x00007ff98f05d000 	C:\WINDOWS\SYSTEM32\POWRPROF.dll
0x00007ff98d8f0000 - 0x00007ff98d924000 	C:\WINDOWS\SYSTEM32\WINMM.dll
0x00007ff98a330000 - 0x00007ff98a33a000 	C:\WINDOWS\SYSTEM32\VERSION.dll
0x00007ff98eff0000 - 0x00007ff98f003000 	C:\WINDOWS\SYSTEM32\UMPDC.dll
0x00007ff98e140000 - 0x00007ff98e158000 	C:\WINDOWS\SYSTEM32\kernel.appcore.dll
0x00007ff9865a0000 - 0x00007ff9865aa000 	c:\Users\Mohameth\.vscode\extensions\redhat.java-1.43.1-win32-x64\jre\21.0.7-win32-x86_64\bin\jimage.dll
0x00007ff98c7b0000 - 0x00007ff98c9e3000 	C:\WINDOWS\SYSTEM32\DBGHELP.DLL
0x00007ff991380000 - 0x00007ff991713000 	C:\WINDOWS\System32\combase.dll
0x00007ff98fd90000 - 0x00007ff98fe67000 	C:\WINDOWS\System32\OLEAUT32.dll
0x00007ff989be0000 - 0x00007ff989c12000 	C:\WINDOWS\SYSTEM32\dbgcore.DLL
0x00007ff98f1a0000 - 0x00007ff98f21b000 	C:\WINDOWS\System32\bcryptPrimitives.dll
0x00007ff986540000 - 0x00007ff98654f000 	c:\Users\Mohameth\.vscode\extensions\redhat.java-1.43.1-win32-x64\jre\21.0.7-win32-x86_64\bin\instrument.dll
0x00007ff986180000 - 0x00007ff98619f000 	c:\Users\Mohameth\.vscode\extensions\redhat.java-1.43.1-win32-x64\jre\21.0.7-win32-x86_64\bin\java.dll
0x00007ff9906e0000 - 0x00007ff990f82000 	C:\WINDOWS\System32\SHELL32.dll
0x00007ff98fba0000 - 0x00007ff98fcdf000 	C:\WINDOWS\System32\wintypes.dll
0x00007ff98cec0000 - 0x00007ff98d7de000 	C:\WINDOWS\SYSTEM32\windows.storage.dll
0x00007ff9917d0000 - 0x00007ff9918db000 	C:\WINDOWS\System32\SHCORE.dll
0x00007ff9919c0000 - 0x00007ff991a29000 	C:\WINDOWS\System32\shlwapi.dll
0x00007ff98f070000 - 0x00007ff98f09b000 	C:\WINDOWS\SYSTEM32\profapi.dll
0x00007ff97f5e0000 - 0x00007ff97f5f8000 	c:\Users\Mohameth\.vscode\extensions\redhat.java-1.43.1-win32-x64\jre\21.0.7-win32-x86_64\bin\zip.dll
0x00007ff97f5d0000 - 0x00007ff97f5e0000 	C:\Users\Mohameth\.vscode\extensions\redhat.java-1.43.1-win32-x64\jre\21.0.7-win32-x86_64\bin\net.dll
0x00007ff98ab90000 - 0x00007ff98acbc000 	C:\WINDOWS\SYSTEM32\WINHTTP.dll
0x00007ff98e5c0000 - 0x00007ff98e629000 	C:\WINDOWS\system32\mswsock.dll
0x00007ff97e370000 - 0x00007ff97e386000 	C:\Users\Mohameth\.vscode\extensions\redhat.java-1.43.1-win32-x64\jre\21.0.7-win32-x86_64\bin\nio.dll
0x00007ff97ed40000 - 0x00007ff97ed50000 	c:\Users\Mohameth\.vscode\extensions\redhat.java-1.43.1-win32-x64\jre\21.0.7-win32-x86_64\bin\verify.dll
0x00007ff974c00000 - 0x00007ff974c45000 	C:\Users\Mohameth\AppData\Roaming\Code\User\globalStorage\redhat.java\1.43.1\config_win\org.eclipse.equinox.launcher\org.eclipse.equinox.launcher.win32.win32.x86_64_1.2.1300.v20250331-1702\eclipse_11911.dll
0x00007ff991bb0000 - 0x00007ff991d50000 	C:\WINDOWS\System32\ole32.dll
0x00007ff98e840000 - 0x00007ff98e85b000 	C:\WINDOWS\SYSTEM32\CRYPTSP.dll
0x00007ff98e090000 - 0x00007ff98e0c7000 	C:\WINDOWS\system32\rsaenh.dll
0x00007ff98e6c0000 - 0x00007ff98e6e8000 	C:\WINDOWS\SYSTEM32\USERENV.dll
0x00007ff98e860000 - 0x00007ff98e86c000 	C:\WINDOWS\SYSTEM32\CRYPTBASE.dll
0x00007ff98dba0000 - 0x00007ff98dbcd000 	C:\WINDOWS\SYSTEM32\IPHLPAPI.DLL
0x00007ff991320000 - 0x00007ff991329000 	C:\WINDOWS\System32\NSI.dll
0x00007ff9715a0000 - 0x00007ff9715e9000 	C:\Users\Mohameth\AppData\Local\Temp\jna--443535673\jna549691435618448970.dll
0x00007ff9918e0000 - 0x00007ff9918e8000 	C:\WINDOWS\System32\PSAPI.DLL
0x00007ff98aff0000 - 0x00007ff98b009000 	C:\WINDOWS\SYSTEM32\dhcpcsvc6.DLL
0x00007ff98ab70000 - 0x00007ff98ab8f000 	C:\WINDOWS\SYSTEM32\dhcpcsvc.DLL

dbghelp: loaded successfully - version: 4.0.5 - missing functions: none
symbol engine: initialized successfully - sym options: 0x614 - pdb path: .;c:\Users\Mohameth\.vscode\extensions\redhat.java-1.43.1-win32-x64\jre\21.0.7-win32-x86_64\bin;C:\WINDOWS\SYSTEM32;C:\WINDOWS\WinSxS\amd64_microsoft.windows.common-controls_6595b64144ccf1df_6.0.22621.5415_none_270d77d17387d7da;c:\Users\Mohameth\.vscode\extensions\redhat.java-1.43.1-win32-x64\jre\21.0.7-win32-x86_64\bin\server;C:\Users\Mohameth\AppData\Roaming\Code\User\globalStorage\redhat.java\1.43.1\config_win\org.eclipse.equinox.launcher\org.eclipse.equinox.launcher.win32.win32.x86_64_1.2.1300.v20250331-1702;C:\Users\Mohameth\AppData\Local\Temp\jna--443535673

VM Arguments:
jvm_args: --add-modules=ALL-SYSTEM --add-opens=java.base/java.util=ALL-UNNAMED --add-opens=java.base/java.lang=ALL-UNNAMED --add-opens=java.base/sun.nio.fs=ALL-UNNAMED -Declipse.application=org.eclipse.jdt.ls.core.id1 -Dosgi.bundles.defaultStartLevel=4 -Declipse.product=org.eclipse.jdt.ls.core.product -Djava.import.generatesMetadataFilesAtProjectRoot=false -DDetectVMInstallationsJob.disabled=true -Dfile.encoding=utf8 -XX:+UseParallelGC -XX:GCTimeRatio=4 -XX:AdaptiveSizePolicyWeight=90 -Dsun.zip.disableMemoryMapping=true -Xmx2G -Xms100m -Xlog:disable -javaagent:c:\Users\Mohameth\.vscode\extensions\redhat.java-1.43.1-win32-x64\lombok\lombok-1.18.39-4050.jar -XX:+HeapDumpOnOutOfMemoryError -XX:HeapDumpPath=c:\Users\Mohameth\AppData\Roaming\Code\User\workspaceStorage\4a8fbdfda817db6e237f440b23b68a6a\redhat.java -Daether.dependencyCollector.impl=bf 
java_command: c:\Users\Mohameth\.vscode\extensions\redhat.java-1.43.1-win32-x64\server\plugins\org.eclipse.equinox.launcher_1.7.0.v20250519-0528.jar -configuration c:\Users\Mohameth\AppData\Roaming\Code\User\globalStorage\redhat.java\1.43.1\config_win -data c:\Users\Mohameth\AppData\Roaming\Code\User\workspaceStorage\4a8fbdfda817db6e237f440b23b68a6a\redhat.java\jdt_ws --pipe=\\.\pipe\lsp-2edaff35ccb0f660f6a814fc41ed6baa-sock
java_class_path (initial): c:\Users\Mohameth\.vscode\extensions\redhat.java-1.43.1-win32-x64\server\plugins\org.eclipse.equinox.launcher_1.7.0.v20250519-0528.jar
Launcher Type: SUN_STANDARD

[Global flags]
    uintx AdaptiveSizePolicyWeight                 = 90                                        {product} {command line}
     intx CICompilerCount                          = 4                                         {product} {ergonomic}
    uintx GCTimeRatio                              = 4                                         {product} {command line}
     bool HeapDumpOnOutOfMemoryError               = true                                   {manageable} {command line}
    ccstr HeapDumpPath                             = c:\Users\Mohameth\AppData\Roaming\Code\User\workspaceStorage\4a8fbdfda817db6e237f440b23b68a6a\redhat.java         {manageable} {command line}
   size_t InitialHeapSize                          = 104857600                                 {product} {command line}
   size_t MaxHeapSize                              = 2147483648                                {product} {command line}
   size_t MaxNewSize                               = 715653120                                 {product} {ergonomic}
   size_t MinHeapDeltaBytes                        = 524288                                    {product} {ergonomic}
   size_t MinHeapSize                              = 104857600                                 {product} {command line}
   size_t NewSize                                  = 34603008                                  {product} {ergonomic}
    uintx NonNMethodCodeHeapSize                   = 5839372                                {pd product} {ergonomic}
    uintx NonProfiledCodeHeapSize                  = 122909434                              {pd product} {ergonomic}
   size_t OldSize                                  = 70254592                                  {product} {ergonomic}
    uintx ProfiledCodeHeapSize                     = 122909434                              {pd product} {ergonomic}
    uintx ReservedCodeCacheSize                    = 251658240                              {pd product} {ergonomic}
     bool SegmentedCodeCache                       = true                                      {product} {ergonomic}
   size_t SoftMaxHeapSize                          = 2147483648                             {manageable} {ergonomic}
     bool UseCompressedOops                        = true                           {product lp64_product} {ergonomic}
     bool UseLargePagesIndividualAllocation        = false                                  {pd product} {ergonomic}
     bool UseParallelGC                            = true                                      {product} {command line}

Logging:
Log output configuration:
 #0: stdout all=off uptime,level,tags foldmultilines=false
 #1: stderr all=off uptime,level,tags foldmultilines=false

Environment Variables:
JAVA_HOME=C:\Program Files\Java\jdk-17
PATH=C:\Users\Mohameth\.sdkman\candidates\java\17.0.12-tem\bin;C:\Program Files (x86)\VMware\VMware Workstation\bin\;C:\Program Files\Common Files\Oracle\Java\javapath;C:\Program Files\Python38\Scripts\;C:\Program Files\Python38\;C:\WINDOWS\system32;C:\WINDOWS;C:\WINDOWS\System32\Wbem;C:\WINDOWS\System32\WindowsPowerShell\v1.0\;C:\WINDOWS\System32\OpenSSH\;C:\Program Files\mingw32\bin;C:\Program Files\MongoDB\Server\6.0\bin;C:\Users\Mohameth\.jdks\openjdk-21.0.1;C:\Program Files\Java\jdk-21\bin;C:\mongosh-1.10.1-win32-x64\mongosh-1.10.1-win32-x64\bin;D:\Doc_M1_ESP\jdk-8u431-windows-x64\jdk1.8.0_431\bin;C:\xampp\php;C:\ProgramData\ComposerSetup\bin;C:\OCaml64\usr\local\bin;C:\ProgramData\chocolatey\bin;C:\Program Files\nodejs\;D:\apache-maven-3.9.9-bin\apache-maven-3.9.9\bin;C:\Program Files\Git\cmd;C:\Program Files\Git\mingw64\bin;C:\Program Files\Git\usr\bin;C:\xampp\mysql\bin;D:\Doc_M1_ESP\hadoop\hadoop\bin;D:\Doc_M1_ESP\hadoop\hadoop\sbin;C:\Users\Mohameth\AppData\Local\Programs\Python\Python312\Scripts\;C:\Users\Mohameth\AppData\Local\Programs\Python\Python312\;C:\Users\Mohameth\AppData\Local\Programs\Python\Launcher\;C:\Users\Mohameth\AppData\Local\activestate\cache\bin;C:\Users\Mohameth\AppData\Local\ActiveState\StateTool\release\bin;C:\Users\Mohameth\AppData\Local\Microsoft\WindowsApps;C:\Program Files (x86)\Nmap;C:\Users\Mohameth\AppData\Roaming\Composer\vendor\bin;C:\Program Files\JetBrains\PyCharm Edu 2022.2.2\bin;;D:\src\flutter\bin;C:\OCaml64\home\Mohameth\.opam\4.14.0+mingw64c\bin;C:\OneDrive\Bureau\LGI 3 GL\Semestre 5\Programmation Fonctionnel\Projet_PF\\Projet_PFbin;C:\Users\Mohameth\AppData\Roaming\npm;D:\IntelliJ IDEA 2024.2.4\bin;;C:\Program Files\mosquitto;D:\Microsoft VS Code\bin;D:\IntelliJ IDEA Community Edition 2024.3.1.1\bin;;C:\Users\Mohameth\.jdks\corretto-1.8.0_432\bin;C:\Program Files\PostgreSQL\17\bin;C:\Program Files\PostgreSQL\17\lib;
USERNAME=Mohameth
OS=Windows_NT
PROCESSOR_IDENTIFIER=AMD64 Family 23 Model 24 Stepping 1, AuthenticAMD
TMP=C:\Users\Mohameth\AppData\Local\Temp
TEMP=C:\Users\Mohameth\AppData\Local\Temp




Periodic native trim disabled

---------------  S Y S T E M  ---------------

OS:
 Windows 11 , 64 bit Build 22621 (10.0.22621.5415)
OS uptime: 0 days 9:29 hours
Hyper-V role detected

CPU: total 8 (initial active 8) (8 cores per cpu, 2 threads per core) family 23 model 24 stepping 1 microcode 0x0, cx8, cmov, fxsr, ht, mmx, 3dnowpref, sse, sse2, sse3, ssse3, sse4a, sse4.1, sse4.2, popcnt, lzcnt, tsc, tscinvbit, avx, avx2, aes, clmul, bmi1, bmi2, adx, sha, fma, vzeroupper, clflush, clflushopt, hv, rdtscp, f16c
Processor Information for the first 8 processors :
  Max Mhz: 2100, Current Mhz: 2100, Mhz Limit: 2100

Memory: 4k page, system-wide physical 7103M (300M free)
TotalPageFile size 11424M (AvailPageFile size 15M)
current process WorkingSet (physical memory assigned to process): 594M, peak: 619M
current process commit charge ("private bytes"): 681M, peak: 681M

vm_info: OpenJDK 64-Bit Server VM (21.0.7+6-LTS) for windows-amd64 JRE (21.0.7+6-LTS), built on 2025-04-15T00:00:00Z by "admin" with MS VC++ 17.7 (VS2022)

END.
