#
# There is insufficient memory for the Java Runtime Environment to continue.
# Native memory allocation (malloc) failed to allocate 241488 bytes. Error detail: Chunk::new
# Possible reasons:
#   The system is out of physical RAM or swap space
#   This process is running with CompressedOops enabled, and the Java Heap may be blocking the growth of the native heap
# Possible solutions:
#   Reduce memory load on the system
#   Increase physical memory or swap space
#   Check if swap backing store is full
#   Decrease Java heap size (-Xmx/-Xms)
#   Decrease number of Java threads
#   Decrease Java thread stack sizes (-Xss)
#   Set larger code cache with -XX:ReservedCodeCacheSize=
#   JVM is running with Unscaled Compressed Oops mode in which the Java heap is
#     placed in the first 4GB address space. The Java Heap base address is the
#     maximum limit for the native heap growth. Please use -XX:HeapBaseMinAddress
#     to set the Java Heap base and to place the Java Heap above 4GB virtual address.
# This output file may be truncated or incomplete.
#
#  Out of Memory Error (arena.cpp:168), pid=7408, tid=20748
#
# JRE version: OpenJDK Runtime Environment Temurin-21.0.7+6 (21.0.7+6) (build 21.0.7+6-LTS)
# Java VM: OpenJDK 64-Bit Server VM Temurin-21.0.7+6 (21.0.7+6-LTS, mixed mode, sharing, tiered, compressed oops, compressed class ptrs, parallel gc, windows-amd64)
# No core dump will be written. Minidumps are not enabled by default on client versions of Windows
#

---------------  S U M M A R Y ------------

Command Line: --add-modules=ALL-SYSTEM --add-opens=java.base/java.util=ALL-UNNAMED --add-opens=java.base/java.lang=ALL-UNNAMED --add-opens=java.base/sun.nio.fs=ALL-UNNAMED -Declipse.application=org.eclipse.jdt.ls.core.id1 -Dosgi.bundles.defaultStartLevel=4 -Declipse.product=org.eclipse.jdt.ls.core.product -Djava.import.generatesMetadataFilesAtProjectRoot=false -DDetectVMInstallationsJob.disabled=true -Dfile.encoding=utf8 -XX:+UseParallelGC -XX:GCTimeRatio=4 -XX:AdaptiveSizePolicyWeight=90 -Dsun.zip.disableMemoryMapping=true -Xmx2G -Xms100m -Xlog:disable -javaagent:c:\Users\Mohameth\.vscode\extensions\redhat.java-1.43.1-win32-x64\lombok\lombok-1.18.39-4050.jar c:\Users\Mohameth\.vscode\extensions\redhat.java-1.43.1-win32-x64\server\plugins\org.eclipse.equinox.launcher_1.7.0.v20250519-0528.jar -configuration c:\Users\Mohameth\AppData\Roaming\Code\User\globalStorage\redhat.java\1.43.1\config_ss_win -data c:\Users\Mohameth\AppData\Roaming\Code\User\workspaceStorage\4a8fbdfda817db6e237f440b23b68a6a\redhat.java\ss_ws --pipe=\\.\pipe\lsp-6adbe9ce8f765b257ba284afcc99a328-sock

Host: AMD Ryzen 5 3500U with Radeon Vega Mobile Gfx  , 8 cores, 6G,  Windows 11 , 64 bit Build 22621 (10.0.22621.5415)
Time: Sat Jul  5 13:24:49 2025 Greenwich elapsed time: 0.992780 seconds (0d 0h 0m 0s)

---------------  T H R E A D  ---------------

Current thread (0x0000022d23dc33c0):  JavaThread "C2 CompilerThread0" daemon [_thread_in_native, id=20748, stack(0x000000a39fb00000,0x000000a39fc00000) (1024K)]


Current CompileTask:
C2:993  650       4       lombok.patcher.scripts.MethodLevelPatchScript::patch (21 bytes)

Stack: [0x000000a39fb00000,0x000000a39fc00000]
Native frames: (J=compiled Java code, j=interpreted, Vv=VM code, C=native code)
V  [jvm.dll+0x6ce119]
V  [jvm.dll+0x8a84a1]
V  [jvm.dll+0x8aa9ce]
V  [jvm.dll+0x8ab0b3]
V  [jvm.dll+0x27f8a6]
V  [jvm.dll+0xc507d]
V  [jvm.dll+0xc55b3]
V  [jvm.dll+0x3b692c]
V  [jvm.dll+0x1dfe33]
V  [jvm.dll+0x247c42]
V  [jvm.dll+0x2470cf]
V  [jvm.dll+0x1c760e]
V  [jvm.dll+0x25695a]
V  [jvm.dll+0x254efa]
V  [jvm.dll+0x3f03f6]
V  [jvm.dll+0x851f6b]
V  [jvm.dll+0x6cc7dd]
C  [ucrtbase.dll+0x29333]
C  [KERNEL32.DLL+0x1259d]
C  [ntdll.dll+0x5af78]


---------------  P R O C E S S  ---------------

Threads class SMR info:
_java_thread_list=0x0000022d7d4616d0, length=12, elements={
0x0000022d23e43670, 0x0000022d23efe6e0, 0x0000022d23db4f10, 0x0000022d23db7080,
0x0000022d23db81a0, 0x0000022d23dbc330, 0x0000022d23dc13c0, 0x0000022d23dc33c0,
0x0000022d23dc5c80, 0x0000022d23eb0f40, 0x0000022d7d467660, 0x0000022d7d380e00
}

Java Threads: ( => current thread )
  0x0000022d23e43670 JavaThread "main"                              [_thread_in_native, id=20816, stack(0x000000a39f100000,0x000000a39f200000) (1024K)]
  0x0000022d23efe6e0 JavaThread "Reference Handler"          daemon [_thread_blocked, id=11064, stack(0x000000a39f500000,0x000000a39f600000) (1024K)]
  0x0000022d23db4f10 JavaThread "Finalizer"                  daemon [_thread_blocked, id=2936, stack(0x000000a39f600000,0x000000a39f700000) (1024K)]
  0x0000022d23db7080 JavaThread "Signal Dispatcher"          daemon [_thread_blocked, id=16216, stack(0x000000a39f700000,0x000000a39f800000) (1024K)]
  0x0000022d23db81a0 JavaThread "Attach Listener"            daemon [_thread_blocked, id=8040, stack(0x000000a39f800000,0x000000a39f900000) (1024K)]
  0x0000022d23dbc330 JavaThread "Service Thread"             daemon [_thread_blocked, id=12324, stack(0x000000a39f900000,0x000000a39fa00000) (1024K)]
  0x0000022d23dc13c0 JavaThread "Monitor Deflation Thread"   daemon [_thread_blocked, id=3772, stack(0x000000a39fa00000,0x000000a39fb00000) (1024K)]
=>0x0000022d23dc33c0 JavaThread "C2 CompilerThread0"         daemon [_thread_in_native, id=20748, stack(0x000000a39fb00000,0x000000a39fc00000) (1024K)]
  0x0000022d23dc5c80 JavaThread "C1 CompilerThread0"         daemon [_thread_blocked, id=14116, stack(0x000000a39fc00000,0x000000a39fd00000) (1024K)]
  0x0000022d23eb0f40 JavaThread "Common-Cleaner"             daemon [_thread_blocked, id=5588, stack(0x000000a39fd00000,0x000000a39fe00000) (1024K)]
  0x0000022d7d467660 JavaThread "Notification Thread"        daemon [_thread_blocked, id=10932, stack(0x000000a39fe00000,0x000000a39ff00000) (1024K)]
  0x0000022d7d380e00 JavaThread "C2 CompilerThread1"         daemon [_thread_in_native, id=21868, stack(0x000000a39ff00000,0x000000a3a0000000) (1024K)]
Total: 12

Other Threads:
  0x0000022d23db19a0 VMThread "VM Thread"                           [id=21572, stack(0x000000a39f400000,0x000000a39f500000) (1024K)]
  0x0000022d23ccca00 WatcherThread "VM Periodic Task Thread"        [id=19856, stack(0x000000a39f300000,0x000000a39f400000) (1024K)]
  0x0000022d23e60760 WorkerThread "GC Thread#0"                     [id=14132, stack(0x000000a39f200000,0x000000a39f300000) (1024K)]
Total: 3

Threads with active compile tasks:
C2 CompilerThread0  1053  650       4       lombok.patcher.scripts.MethodLevelPatchScript::patch (21 bytes)
C2 CompilerThread1  1053  808       4       lombok.patcher.PatchScript::classMatches (41 bytes)
Total: 2

VM state: not at safepoint (normal execution)

VM Mutex/Monitor currently owned by a thread: None

Heap address: 0x0000000080000000, size: 2048 MB, Compressed Oops mode: 32-bit

CDS archive(s) mapped at: [0x0000022d3b000000-0x0000022d3bba0000-0x0000022d3bba0000), size 12189696, SharedBaseAddress: 0x0000022d3b000000, ArchiveRelocationMode: 1.
Compressed class space mapped at: 0x0000022d3c000000-0x0000022d7c000000, reserved size: 1073741824
Narrow klass base: 0x0000022d3b000000, Narrow klass shift: 0, Narrow klass range: 0x100000000

GC Precious Log:
 CardTable entry size: 512
 CPUs: 8 total, 8 available
 Memory: 7103M
 Large Page Support: Disabled
 NUMA Support: Disabled
 Compressed Oops: Enabled (32-bit)
 Alignments: Space 512K, Generation 512K, Heap 2M
 Heap Min Capacity: 100M
 Heap Initial Capacity: 100M
 Heap Max Capacity: 2G
 Pre-touch: Disabled
 Parallel Workers: 8

Heap:
 PSYoungGen      total 29696K, used 16521K [0x00000000d5580000, 0x00000000d7680000, 0x0000000100000000)
  eden space 25600K, 64% used [0x00000000d5580000,0x00000000d65a2570,0x00000000d6e80000)
  from space 4096K, 0% used [0x00000000d7280000,0x00000000d7280000,0x00000000d7680000)
  to   space 4096K, 0% used [0x00000000d6e80000,0x00000000d6e80000,0x00000000d7280000)
 ParOldGen       total 68608K, used 0K [0x0000000080000000, 0x0000000084300000, 0x00000000d5580000)
  object space 68608K, 0% used [0x0000000080000000,0x0000000080000000,0x0000000084300000)
 Metaspace       used 3145K, committed 3328K, reserved 1114112K
  class space    used 318K, committed 384K, reserved 1048576K

Card table byte_map: [0x0000022d237e0000,0x0000022d23bf0000] _byte_map_base: 0x0000022d233e0000

Marking Bits: (ParMarkBitMap*) 0x00007ffaeb2431f0
 Begin Bits: [0x0000022d362e0000, 0x0000022d382e0000)
 End Bits:   [0x0000022d382e0000, 0x0000022d3a2e0000)

Polling page: 0x0000022d21c20000

Metaspace:

Usage:
  Non-class:      2.76 MB used.
      Class:    318.49 KB used.
       Both:      3.07 MB used.

Virtual space:
  Non-class space:       64.00 MB reserved,       2.88 MB (  4%) committed,  1 nodes.
      Class space:        1.00 GB reserved,     384.00 KB ( <1%) committed,  1 nodes.
             Both:        1.06 GB reserved,       3.25 MB ( <1%) committed. 

Chunk freelists:
   Non-Class:  11.54 MB
       Class:  15.64 MB
        Both:  27.18 MB

MaxMetaspaceSize: unlimited
CompressedClassSpaceSize: 1.00 GB
Initial GC threshold: 21.00 MB
Current GC threshold: 21.00 MB
CDS: on
 - commit_granule_bytes: 65536.
 - commit_granule_words: 8192.
 - virtual_space_node_default_size: 8388608.
 - enlarge_chunks_in_place: 1.
 - use_allocation_guard: 0.


Internal statistics:

num_allocs_failed_limit: 0.
num_arena_births: 112.
num_arena_deaths: 0.
num_vsnodes_births: 2.
num_vsnodes_deaths: 0.
num_space_committed: 52.
num_space_uncommitted: 0.
num_chunks_returned_to_freelist: 0.
num_chunks_taken_from_freelist: 141.
num_chunk_merges: 0.
num_chunk_splits: 96.
num_chunks_enlarged: 60.
num_inconsistent_stats: 0.

CodeHeap 'non-profiled nmethods': size=120000Kb used=296Kb max_used=296Kb free=119703Kb
 bounds [0x0000022d2eb00000, 0x0000022d2ed70000, 0x0000022d36030000]
CodeHeap 'profiled nmethods': size=120000Kb used=1265Kb max_used=1265Kb free=118734Kb
 bounds [0x0000022d27030000, 0x0000022d272a0000, 0x0000022d2e560000]
CodeHeap 'non-nmethods': size=5760Kb used=1188Kb max_used=1204Kb free=4571Kb
 bounds [0x0000022d2e560000, 0x0000022d2e7d0000, 0x0000022d2eb00000]
 total_blobs=1264 nmethods=817 adapters=354
 compilation: enabled
              stopped_count=0, restarted_count=0
 full_count=0

Compilation events (20 events):
Event: 0.958 Thread 0x0000022d23dc5c80  727       1       java.security.Provider$Service::getProvider (5 bytes)
Event: 0.958 Thread 0x0000022d23dc5c80 nmethod 727 0x0000022d2eb3f490 code [0x0000022d2eb3f620, 0x0000022d2eb3f6e8]
Event: 0.958 Thread 0x0000022d23dc5c80  728       1       java.security.Provider$Service::getClassName (5 bytes)
Event: 0.958 Thread 0x0000022d23dc5c80 nmethod 728 0x0000022d2eb3f790 code [0x0000022d2eb3f920, 0x0000022d2eb3f9e8]
Event: 0.960 Thread 0x0000022d23dc5c80  730       3       sun.security.provider.SHA2::implCompress0 (448 bytes)
Event: 0.962 Thread 0x0000022d23dc5c80 nmethod 730 0x0000022d27140f90 code [0x0000022d271411e0, 0x0000022d27141d90]
Event: 0.962 Thread 0x0000022d23dc5c80  732       3       sun.security.provider.ByteArrayAccess::b2iBig64 (231 bytes)
Event: 0.970 Thread 0x0000022d23dc5c80 nmethod 732 0x0000022d27142490 code [0x0000022d27142ce0, 0x0000022d27147870]
Event: 0.971 Thread 0x0000022d23dc5c80  733       3       sun.security.provider.SHA2::implCompress (13 bytes)
Event: 0.971 Thread 0x0000022d23dc5c80 nmethod 733 0x0000022d27148d10 code [0x0000022d27148f00, 0x0000022d27149338]
Event: 0.972 Thread 0x0000022d23dc5c80  734       3       sun.security.provider.SHA2::implCompressCheck (18 bytes)
Event: 0.972 Thread 0x0000022d23dc5c80 nmethod 734 0x0000022d27149590 code [0x0000022d27149760, 0x0000022d27149af0]
Event: 0.977 Thread 0x0000022d23dc5c80  739       3       java.util.Arrays::copyOf (10 bytes)
Event: 0.977 Thread 0x0000022d23dc5c80 nmethod 739 0x0000022d27149c90 code [0x0000022d27149e40, 0x0000022d27149f90]
Event: 0.979 Thread 0x0000022d23dc5c80  740       3       java.lang.ClassLoader::findLoadedClass (15 bytes)
Event: 0.979 Thread 0x0000022d23dc5c80 nmethod 740 0x0000022d2714a090 code [0x0000022d2714a260, 0x0000022d2714a448]
Event: 0.985 Thread 0x0000022d23dc5c80  743       3       java.lang.invoke.LambdaForm::internArgument (85 bytes)
Event: 0.986 Thread 0x0000022d23dc5c80 nmethod 743 0x0000022d2714a510 code [0x0000022d2714a6e0, 0x0000022d2714aa28]
Event: 0.987 Thread 0x0000022d23dc5c80  744       1       jdk.internal.loader.BuiltinClassLoader$LoadedModule::loader (5 bytes)
Event: 0.987 Thread 0x0000022d23dc5c80 nmethod 744 0x0000022d2eb40990 code [0x0000022d2eb40b20, 0x0000022d2eb40be8]

GC Heap History (0 events):
No events

Dll operation events (8 events):
Event: 0.019 Loaded shared library c:\Users\Mohameth\.vscode\extensions\redhat.java-1.43.1-win32-x64\jre\21.0.7-win32-x86_64\bin\java.dll
Event: 0.134 Loaded shared library c:\Users\Mohameth\.vscode\extensions\redhat.java-1.43.1-win32-x64\jre\21.0.7-win32-x86_64\bin\zip.dll
Event: 0.168 Loaded shared library C:\Users\Mohameth\.vscode\extensions\redhat.java-1.43.1-win32-x64\jre\21.0.7-win32-x86_64\bin\instrument.dll
Event: 0.177 Loaded shared library C:\Users\Mohameth\.vscode\extensions\redhat.java-1.43.1-win32-x64\jre\21.0.7-win32-x86_64\bin\net.dll
Event: 0.183 Loaded shared library C:\Users\Mohameth\.vscode\extensions\redhat.java-1.43.1-win32-x64\jre\21.0.7-win32-x86_64\bin\nio.dll
Event: 0.189 Loaded shared library C:\Users\Mohameth\.vscode\extensions\redhat.java-1.43.1-win32-x64\jre\21.0.7-win32-x86_64\bin\zip.dll
Event: 0.230 Loaded shared library C:\Users\Mohameth\.vscode\extensions\redhat.java-1.43.1-win32-x64\jre\21.0.7-win32-x86_64\bin\jimage.dll
Event: 0.407 Loaded shared library c:\Users\Mohameth\.vscode\extensions\redhat.java-1.43.1-win32-x64\jre\21.0.7-win32-x86_64\bin\verify.dll

Deoptimization events (20 events):
Event: 0.771 Thread 0x0000022d23e43670 Uncommon trap: trap_request=0xffffffde fr.pc=0x0000022d2eb362c4 relative=0x0000000000000124
Event: 0.771 Thread 0x0000022d23e43670 Uncommon trap: reason=class_check action=maybe_recompile pc=0x0000022d2eb362c4 method=jdk.internal.misc.Unsafe.allocateUninitializedArray(Ljava/lang/Class;I)Ljava/lang/Object; @ 51 c2
Event: 0.771 Thread 0x0000022d23e43670 DEOPT PACKING pc=0x0000022d2eb362c4 sp=0x000000a39f1fbe10
Event: 0.771 Thread 0x0000022d23e43670 DEOPT UNPACKING pc=0x0000022d2e5b3aa2 sp=0x000000a39f1fbd88 mode 2
Event: 0.771 Thread 0x0000022d23e43670 Uncommon trap: trap_request=0xffffffde fr.pc=0x0000022d2eb362c4 relative=0x0000000000000124
Event: 0.771 Thread 0x0000022d23e43670 Uncommon trap: reason=class_check action=maybe_recompile pc=0x0000022d2eb362c4 method=jdk.internal.misc.Unsafe.allocateUninitializedArray(Ljava/lang/Class;I)Ljava/lang/Object; @ 51 c2
Event: 0.771 Thread 0x0000022d23e43670 DEOPT PACKING pc=0x0000022d2eb362c4 sp=0x000000a39f1fbe50
Event: 0.771 Thread 0x0000022d23e43670 DEOPT UNPACKING pc=0x0000022d2e5b3aa2 sp=0x000000a39f1fbdc8 mode 2
Event: 0.790 Thread 0x0000022d23e43670 Uncommon trap: trap_request=0xffffff45 fr.pc=0x0000022d2eb2f06c relative=0x000000000000014c
Event: 0.790 Thread 0x0000022d23e43670 Uncommon trap: reason=unstable_if action=reinterpret pc=0x0000022d2eb2f06c method=jdk.internal.util.ArraysSupport.vectorizedHashCode(Ljava/lang/Object;IIII)I @ 2 c2
Event: 0.790 Thread 0x0000022d23e43670 DEOPT PACKING pc=0x0000022d2eb2f06c sp=0x000000a39f1fca20
Event: 0.791 Thread 0x0000022d23e43670 DEOPT UNPACKING pc=0x0000022d2e5b3aa2 sp=0x000000a39f1fc9d0 mode 2
Event: 0.810 Thread 0x0000022d23e43670 Uncommon trap: trap_request=0xffffff45 fr.pc=0x0000022d2eb227f4 relative=0x00000000000000d4
Event: 0.810 Thread 0x0000022d23e43670 Uncommon trap: reason=unstable_if action=reinterpret pc=0x0000022d2eb227f4 method=java.net.URI.match(CJJ)Z @ 45 c2
Event: 0.810 Thread 0x0000022d23e43670 DEOPT PACKING pc=0x0000022d2eb227f4 sp=0x000000a39f1fccc0
Event: 0.810 Thread 0x0000022d23e43670 DEOPT UNPACKING pc=0x0000022d2e5b3aa2 sp=0x000000a39f1fcc28 mode 2
Event: 0.902 Thread 0x0000022d23e43670 Uncommon trap: trap_request=0xffffff45 fr.pc=0x0000022d2eb2129c relative=0x000000000000017c
Event: 0.902 Thread 0x0000022d23e43670 Uncommon trap: reason=unstable_if action=reinterpret pc=0x0000022d2eb2129c method=java.lang.StringUTF16.compress([CI[BII)I @ 20 c2
Event: 0.902 Thread 0x0000022d23e43670 DEOPT PACKING pc=0x0000022d2eb2129c sp=0x000000a39f1fb730
Event: 0.902 Thread 0x0000022d23e43670 DEOPT UNPACKING pc=0x0000022d2e5b3aa2 sp=0x000000a39f1fb6a0 mode 2

Classes loaded (20 events):
Event: 0.954 Loading class java/util/Base64$Encoder
Event: 0.954 Loading class java/util/Base64$Encoder done
Event: 0.955 Loading class java/util/jar/JarVerifier$VerifierStream
Event: 0.955 Loading class java/util/jar/JarVerifier$VerifierStream done
Event: 0.955 Loading class sun/security/util/ManifestEntryVerifier$SunProviderHolder
Event: 0.956 Loading class sun/security/util/ManifestEntryVerifier$SunProviderHolder done
Event: 0.972 Loading class java/lang/NumberFormatException
Event: 0.973 Loading class java/lang/NumberFormatException done
Event: 0.973 Loading class java/net/URISyntaxException
Event: 0.973 Loading class java/net/URISyntaxException done
Event: 0.974 Loading class java/security/Policy
Event: 0.974 Loading class java/security/Policy done
Event: 0.978 Loading class java/lang/SecurityException
Event: 0.978 Loading class java/lang/SecurityException done
Event: 0.981 Loading class java/nio/file/attribute/PosixFilePermissions
Event: 0.982 Loading class java/nio/file/attribute/PosixFilePermissions done
Event: 0.982 Loading class java/nio/file/attribute/PosixFilePermission
Event: 0.982 Loading class java/nio/file/attribute/PosixFilePermission done
Event: 0.983 Loading class java/lang/Thread$ThreadNumbering
Event: 0.983 Loading class java/lang/Thread$ThreadNumbering done

Classes unloaded (0 events):
No events

Classes redefined (0 events):
No events

Internal exceptions (13 events):
Event: 0.125 Thread 0x0000022d23e43670 Exception <a 'java/lang/NoSuchMethodError'{0x00000000d57aa578}: 'void java.lang.invoke.DirectMethodHandle$Holder.invokeStatic(java.lang.Object, java.lang.Object, java.lang.Object)'> (0x00000000d57aa578) 
thrown [s\src\hotspot\share\interpreter\linkResolver.cpp, line 773]
Event: 0.217 Thread 0x0000022d23e43670 Exception <a 'java/lang/NoSuchMethodError'{0x00000000d59133c0}: 'java.lang.Object java.lang.invoke.Invokers$Holder.invokeExact_MT(java.lang.Object, java.lang.Object, java.lang.Object, java.lang.Object, java.lang.Object)'> (0x00000000d59133c0) 
thrown [s\src\hotspot\share\interpreter\linkResolver.cpp, line 773]
Event: 0.307 Thread 0x0000022d23e43670 Exception <a 'java/lang/NoSuchMethodError'{0x00000000d59cc020}: 'int java.lang.invoke.DirectMethodHandle$Holder.invokeSpecial(java.lang.Object, java.lang.Object, java.lang.Object, int)'> (0x00000000d59cc020) 
thrown [s\src\hotspot\share\interpreter\linkResolver.cpp, line 773]
Event: 0.312 Thread 0x0000022d23e43670 Exception <a 'java/lang/NoSuchMethodError'{0x00000000d59dea08}: 'java.lang.Object java.lang.invoke.DirectMethodHandle$Holder.invokeStatic(java.lang.Object, java.lang.Object, java.lang.Object, java.lang.Object, int)'> (0x00000000d59dea08) 
thrown [s\src\hotspot\share\interpreter\linkResolver.cpp, line 773]
Event: 0.316 Thread 0x0000022d23e43670 Exception <a 'java/lang/NoSuchMethodError'{0x00000000d59e9e48}: 'void java.lang.invoke.DelegatingMethodHandle$Holder.reinvoke_L(java.lang.Object, java.lang.Object, java.lang.Object, int, java.lang.Object)'> (0x00000000d59e9e48) 
thrown [s\src\hotspot\share\interpreter\linkResolver.cpp, line 773]
Event: 0.321 Thread 0x0000022d23e43670 Exception <a 'java/lang/NoSuchMethodError'{0x00000000d59fa798}: 'int java.lang.invoke.DirectMethodHandle$Holder.invokeSpecial(java.lang.Object, java.lang.Object, java.lang.Object)'> (0x00000000d59fa798) 
thrown [s\src\hotspot\share\interpreter\linkResolver.cpp, line 773]
Event: 0.324 Thread 0x0000022d23e43670 Exception <a 'java/lang/NoSuchMethodError'{0x00000000d5a06458}: 'java.lang.Object java.lang.invoke.DirectMethodHandle$Holder.invokeStatic(java.lang.Object, java.lang.Object, int)'> (0x00000000d5a06458) 
thrown [s\src\hotspot\share\interpreter\linkResolver.cpp, line 773]
Event: 0.326 Thread 0x0000022d23e43670 Exception <a 'java/lang/NoSuchMethodError'{0x00000000d5a0ada8}: 'void java.lang.invoke.DirectMethodHandle$Holder.invokeStatic(java.lang.Object, java.lang.Object, int, java.lang.Object)'> (0x00000000d5a0ada8) 
thrown [s\src\hotspot\share\interpreter\linkResolver.cpp, line 773]
Event: 0.327 Thread 0x0000022d23e43670 Exception <a 'java/lang/NoSuchMethodError'{0x00000000d5a0e938}: 'void java.lang.invoke.DirectMethodHandle$Holder.invokeSpecial(java.lang.Object, java.lang.Object, java.lang.Object, int, java.lang.Object)'> (0x00000000d5a0e938) 
thrown [s\src\hotspot\share\interpreter\linkResolver.cpp, line 773]
Event: 0.330 Thread 0x0000022d23e43670 Exception <a 'java/lang/NoSuchMethodError'{0x00000000d5a11ff8}: 'void java.lang.invoke.DelegatingMethodHandle$Holder.delegate(java.lang.Object, java.lang.Object, int, java.lang.Object)'> (0x00000000d5a11ff8) 
thrown [s\src\hotspot\share\interpreter\linkResolver.cpp, line 773]
Event: 0.461 Thread 0x0000022d23e43670 Exception <a 'java/lang/NoSuchMethodError'{0x00000000d5bd2f78}: 'void java.lang.invoke.DelegatingMethodHandle$Holder.reinvoke_L(java.lang.Object, java.lang.Object, java.lang.Object, int)'> (0x00000000d5bd2f78) 
thrown [s\src\hotspot\share\interpreter\linkResolver.cpp, line 773]
Event: 0.774 Thread 0x0000022d23e43670 Exception <a 'java/lang/NoSuchMethodError'{0x00000000d605fcd8}: 'void java.lang.invoke.DirectMethodHandle$Holder.invokeVirtual(java.lang.Object, java.lang.Object)'> (0x00000000d605fcd8) 
thrown [s\src\hotspot\share\interpreter\linkResolver.cpp, line 773]
Event: 0.985 Thread 0x0000022d23e43670 Exception <a 'java/lang/NoSuchMethodError'{0x00000000d6443470}: 'void java.lang.invoke.DirectMethodHandle$Holder.invokeStatic(java.lang.Object, java.lang.Object)'> (0x00000000d6443470) 
thrown [s\src\hotspot\share\interpreter\linkResolver.cpp, line 773]

ZGC Phase Switch (0 events):
No events

VM Operations (8 events):
Event: 0.131 Executing VM operation: HandshakeAllThreads (Deoptimize)
Event: 0.131 Executing VM operation: HandshakeAllThreads (Deoptimize) done
Event: 0.261 Executing VM operation: HandshakeAllThreads (Deoptimize)
Event: 0.261 Executing VM operation: HandshakeAllThreads (Deoptimize) done
Event: 0.950 Executing VM operation: HandshakeAllThreads (Deoptimize)
Event: 0.950 Executing VM operation: HandshakeAllThreads (Deoptimize) done
Event: 0.977 Executing VM operation: HandshakeAllThreads (Deoptimize)
Event: 0.977 Executing VM operation: HandshakeAllThreads (Deoptimize) done

Memory protections (0 events):
No events

Nmethod flushes (0 events):
No events

Events (12 events):
Event: 0.045 Thread 0x0000022d23e43670 Thread added: 0x0000022d23e43670
Event: 0.070 Thread 0x0000022d23e43670 Thread added: 0x0000022d23efe6e0
Event: 0.070 Thread 0x0000022d23e43670 Thread added: 0x0000022d23db4f10
Event: 0.071 Thread 0x0000022d23e43670 Thread added: 0x0000022d23db7080
Event: 0.071 Thread 0x0000022d23e43670 Thread added: 0x0000022d23db81a0
Event: 0.071 Thread 0x0000022d23e43670 Thread added: 0x0000022d23dbc330
Event: 0.071 Thread 0x0000022d23e43670 Thread added: 0x0000022d23dc13c0
Event: 0.071 Thread 0x0000022d23e43670 Thread added: 0x0000022d23dc33c0
Event: 0.071 Thread 0x0000022d23e43670 Thread added: 0x0000022d23dc5c80
Event: 0.109 Thread 0x0000022d23e43670 Thread added: 0x0000022d23eb0f40
Event: 0.610 Thread 0x0000022d23e43670 Thread added: 0x0000022d7d467660
Event: 0.623 Thread 0x0000022d23dc5c80 Thread added: 0x0000022d7d380e00


Dynamic libraries:
0x00007ff63c660000 - 0x00007ff63c66e000 	c:\Users\Mohameth\.vscode\extensions\redhat.java-1.43.1-win32-x64\jre\21.0.7-win32-x86_64\bin\java.exe
0x00007ffb66350000 - 0x00007ffb66567000 	C:\WINDOWS\SYSTEM32\ntdll.dll
0x00007ffb64e90000 - 0x00007ffb64f54000 	C:\WINDOWS\System32\KERNEL32.DLL
0x00007ffb638b0000 - 0x00007ffb63c82000 	C:\WINDOWS\System32\KERNELBASE.dll
0x00007ffb63e00000 - 0x00007ffb63f11000 	C:\WINDOWS\System32\ucrtbase.dll
0x00007ffb53b30000 - 0x00007ffb53b48000 	c:\Users\Mohameth\.vscode\extensions\redhat.java-1.43.1-win32-x64\jre\21.0.7-win32-x86_64\bin\jli.dll
0x00007ffb52860000 - 0x00007ffb5287e000 	c:\Users\Mohameth\.vscode\extensions\redhat.java-1.43.1-win32-x64\jre\21.0.7-win32-x86_64\bin\VCRUNTIME140.dll
0x00007ffb65bf0000 - 0x00007ffb65da1000 	C:\WINDOWS\System32\USER32.dll
0x00007ffb63880000 - 0x00007ffb638a6000 	C:\WINDOWS\System32\win32u.dll
0x00007ffb53e10000 - 0x00007ffb540ab000 	C:\WINDOWS\WinSxS\amd64_microsoft.windows.common-controls_6595b64144ccf1df_6.0.22621.5415_none_270d77d17387d7da\COMCTL32.dll
0x00007ffb662e0000 - 0x00007ffb66309000 	C:\WINDOWS\System32\GDI32.dll
0x00007ffb64440000 - 0x00007ffb644e7000 	C:\WINDOWS\System32\msvcrt.dll
0x00007ffb636d0000 - 0x00007ffb637f3000 	C:\WINDOWS\System32\gdi32full.dll
0x00007ffb635b0000 - 0x00007ffb6364a000 	C:\WINDOWS\System32\msvcp_win.dll
0x00007ffb65a50000 - 0x00007ffb65a81000 	C:\WINDOWS\System32\IMM32.DLL
0x00007ffb5d7a0000 - 0x00007ffb5d7ac000 	c:\Users\Mohameth\.vscode\extensions\redhat.java-1.43.1-win32-x64\jre\21.0.7-win32-x86_64\bin\vcruntime140_1.dll
0x00007ffb46b80000 - 0x00007ffb46c0d000 	c:\Users\Mohameth\.vscode\extensions\redhat.java-1.43.1-win32-x64\jre\21.0.7-win32-x86_64\bin\msvcp140.dll
0x00007ffaea590000 - 0x00007ffaeb320000 	c:\Users\Mohameth\.vscode\extensions\redhat.java-1.43.1-win32-x64\jre\21.0.7-win32-x86_64\bin\server\jvm.dll
0x00007ffb64180000 - 0x00007ffb64231000 	C:\WINDOWS\System32\ADVAPI32.dll
0x00007ffb65b40000 - 0x00007ffb65be8000 	C:\WINDOWS\System32\sechost.dll
0x00007ffb63c90000 - 0x00007ffb63cb8000 	C:\WINDOWS\System32\bcrypt.dll
0x00007ffb658a0000 - 0x00007ffb659b4000 	C:\WINDOWS\System32\RPCRT4.dll
0x00007ffb65820000 - 0x00007ffb65891000 	C:\WINDOWS\System32\WS2_32.dll
0x00007ffb612c0000 - 0x00007ffb612f4000 	C:\WINDOWS\SYSTEM32\WINMM.dll
0x00007ffb63310000 - 0x00007ffb6335d000 	C:\WINDOWS\SYSTEM32\POWRPROF.dll
0x00007ffb5e240000 - 0x00007ffb5e24a000 	C:\WINDOWS\SYSTEM32\VERSION.dll
0x00007ffb632f0000 - 0x00007ffb63303000 	C:\WINDOWS\SYSTEM32\UMPDC.dll
0x00007ffb62430000 - 0x00007ffb62448000 	C:\WINDOWS\SYSTEM32\kernel.appcore.dll
0x00007ffb5bec0000 - 0x00007ffb5beca000 	c:\Users\Mohameth\.vscode\extensions\redhat.java-1.43.1-win32-x64\jre\21.0.7-win32-x86_64\bin\jimage.dll
0x00007ffb60b90000 - 0x00007ffb60dc3000 	C:\WINDOWS\SYSTEM32\DBGHELP.DLL
0x00007ffb64af0000 - 0x00007ffb64e83000 	C:\WINDOWS\System32\combase.dll
0x00007ffb64250000 - 0x00007ffb64327000 	C:\WINDOWS\System32\OLEAUT32.dll
0x00007ffb5d1e0000 - 0x00007ffb5d212000 	C:\WINDOWS\SYSTEM32\dbgcore.DLL
0x00007ffb63650000 - 0x00007ffb636cb000 	C:\WINDOWS\System32\bcryptPrimitives.dll
0x00007ffb5b1f0000 - 0x00007ffb5b1ff000 	c:\Users\Mohameth\.vscode\extensions\redhat.java-1.43.1-win32-x64\jre\21.0.7-win32-x86_64\bin\instrument.dll
0x00007ffb52040000 - 0x00007ffb5205f000 	c:\Users\Mohameth\.vscode\extensions\redhat.java-1.43.1-win32-x64\jre\21.0.7-win32-x86_64\bin\java.dll
0x00007ffb64f70000 - 0x00007ffb65812000 	C:\WINDOWS\System32\SHELL32.dll
0x00007ffb63cc0000 - 0x00007ffb63dff000 	C:\WINDOWS\System32\wintypes.dll
0x00007ffb61320000 - 0x00007ffb61c3e000 	C:\WINDOWS\SYSTEM32\windows.storage.dll
0x00007ffb644f0000 - 0x00007ffb645fb000 	C:\WINDOWS\System32\SHCORE.dll
0x00007ffb66180000 - 0x00007ffb661e9000 	C:\WINDOWS\System32\shlwapi.dll
0x00007ffb63370000 - 0x00007ffb6339b000 	C:\WINDOWS\SYSTEM32\profapi.dll
0x00007ffb51800000 - 0x00007ffb51818000 	c:\Users\Mohameth\.vscode\extensions\redhat.java-1.43.1-win32-x64\jre\21.0.7-win32-x86_64\bin\zip.dll
0x00007ffb5a3b0000 - 0x00007ffb5a3c0000 	C:\Users\Mohameth\.vscode\extensions\redhat.java-1.43.1-win32-x64\jre\21.0.7-win32-x86_64\bin\net.dll
0x00007ffb5ee90000 - 0x00007ffb5efbc000 	C:\WINDOWS\SYSTEM32\WINHTTP.dll
0x00007ffb628b0000 - 0x00007ffb62919000 	C:\WINDOWS\system32\mswsock.dll
0x00007ffb51ee0000 - 0x00007ffb51ef6000 	C:\Users\Mohameth\.vscode\extensions\redhat.java-1.43.1-win32-x64\jre\21.0.7-win32-x86_64\bin\nio.dll
0x00007ffb53b20000 - 0x00007ffb53b30000 	c:\Users\Mohameth\.vscode\extensions\redhat.java-1.43.1-win32-x64\jre\21.0.7-win32-x86_64\bin\verify.dll

dbghelp: loaded successfully - version: 4.0.5 - missing functions: none
symbol engine: initialized successfully - sym options: 0x614 - pdb path: .;c:\Users\Mohameth\.vscode\extensions\redhat.java-1.43.1-win32-x64\jre\21.0.7-win32-x86_64\bin;C:\WINDOWS\SYSTEM32;C:\WINDOWS\WinSxS\amd64_microsoft.windows.common-controls_6595b64144ccf1df_6.0.22621.5415_none_270d77d17387d7da;c:\Users\Mohameth\.vscode\extensions\redhat.java-1.43.1-win32-x64\jre\21.0.7-win32-x86_64\bin\server

VM Arguments:
jvm_args: --add-modules=ALL-SYSTEM --add-opens=java.base/java.util=ALL-UNNAMED --add-opens=java.base/java.lang=ALL-UNNAMED --add-opens=java.base/sun.nio.fs=ALL-UNNAMED -Declipse.application=org.eclipse.jdt.ls.core.id1 -Dosgi.bundles.defaultStartLevel=4 -Declipse.product=org.eclipse.jdt.ls.core.product -Djava.import.generatesMetadataFilesAtProjectRoot=false -DDetectVMInstallationsJob.disabled=true -Dfile.encoding=utf8 -XX:+UseParallelGC -XX:GCTimeRatio=4 -XX:AdaptiveSizePolicyWeight=90 -Dsun.zip.disableMemoryMapping=true -Xmx2G -Xms100m -Xlog:disable -javaagent:c:\Users\Mohameth\.vscode\extensions\redhat.java-1.43.1-win32-x64\lombok\lombok-1.18.39-4050.jar 
java_command: c:\Users\Mohameth\.vscode\extensions\redhat.java-1.43.1-win32-x64\server\plugins\org.eclipse.equinox.launcher_1.7.0.v20250519-0528.jar -configuration c:\Users\Mohameth\AppData\Roaming\Code\User\globalStorage\redhat.java\1.43.1\config_ss_win -data c:\Users\Mohameth\AppData\Roaming\Code\User\workspaceStorage\4a8fbdfda817db6e237f440b23b68a6a\redhat.java\ss_ws --pipe=\\.\pipe\lsp-6adbe9ce8f765b257ba284afcc99a328-sock
java_class_path (initial): c:\Users\Mohameth\.vscode\extensions\redhat.java-1.43.1-win32-x64\server\plugins\org.eclipse.equinox.launcher_1.7.0.v20250519-0528.jar
Launcher Type: SUN_STANDARD

[Global flags]
    uintx AdaptiveSizePolicyWeight                 = 90                                        {product} {command line}
     intx CICompilerCount                          = 4                                         {product} {ergonomic}
    uintx GCTimeRatio                              = 4                                         {product} {command line}
   size_t InitialHeapSize                          = 104857600                                 {product} {command line}
   size_t MaxHeapSize                              = 2147483648                                {product} {command line}
   size_t MaxNewSize                               = 715653120                                 {product} {ergonomic}
   size_t MinHeapDeltaBytes                        = 524288                                    {product} {ergonomic}
   size_t MinHeapSize                              = 104857600                                 {product} {command line}
   size_t NewSize                                  = 34603008                                  {product} {ergonomic}
    uintx NonNMethodCodeHeapSize                   = 5839372                                {pd product} {ergonomic}
    uintx NonProfiledCodeHeapSize                  = 122909434                              {pd product} {ergonomic}
   size_t OldSize                                  = 70254592                                  {product} {ergonomic}
    uintx ProfiledCodeHeapSize                     = 122909434                              {pd product} {ergonomic}
    uintx ReservedCodeCacheSize                    = 251658240                              {pd product} {ergonomic}
     bool SegmentedCodeCache                       = true                                      {product} {ergonomic}
   size_t SoftMaxHeapSize                          = 2147483648                             {manageable} {ergonomic}
     bool UseCompressedOops                        = true                           {product lp64_product} {ergonomic}
     bool UseLargePagesIndividualAllocation        = false                                  {pd product} {ergonomic}
     bool UseParallelGC                            = true                                      {product} {command line}

Logging:
Log output configuration:
 #0: stdout all=off uptime,level,tags foldmultilines=false
 #1: stderr all=off uptime,level,tags foldmultilines=false

Environment Variables:
JAVA_HOME=C:\Program Files\Java\jdk-17
PATH=C:\Users\Mohameth\.sdkman\candidates\java\17.0.12-tem\bin;C:\Program Files (x86)\VMware\VMware Workstation\bin\;C:\Program Files\Common Files\Oracle\Java\javapath;C:\Program Files\Python38\Scripts\;C:\Program Files\Python38\;C:\WINDOWS\system32;C:\WINDOWS;C:\WINDOWS\System32\Wbem;C:\WINDOWS\System32\WindowsPowerShell\v1.0\;C:\WINDOWS\System32\OpenSSH\;C:\Program Files\mingw32\bin;C:\Program Files\MongoDB\Server\6.0\bin;C:\Users\Mohameth\.jdks\openjdk-21.0.1;C:\Program Files\Java\jdk-21\bin;C:\mongosh-1.10.1-win32-x64\mongosh-1.10.1-win32-x64\bin;D:\Doc_M1_ESP\jdk-8u431-windows-x64\jdk1.8.0_431\bin;C:\xampp\php;C:\ProgramData\ComposerSetup\bin;C:\OCaml64\usr\local\bin;C:\ProgramData\chocolatey\bin;C:\Program Files\nodejs\;D:\apache-maven-3.9.9-bin\apache-maven-3.9.9\bin;C:\Program Files\Git\cmd;C:\Program Files\Git\mingw64\bin;C:\Program Files\Git\usr\bin;C:\xampp\mysql\bin;D:\Doc_M1_ESP\hadoop\hadoop\bin;D:\Doc_M1_ESP\hadoop\hadoop\sbin;C:\Users\Mohameth\AppData\Local\Programs\Python\Python312\Scripts\;C:\Users\Mohameth\AppData\Local\Programs\Python\Python312\;C:\Users\Mohameth\AppData\Local\Programs\Python\Launcher\;C:\Users\Mohameth\AppData\Local\activestate\cache\bin;C:\Users\Mohameth\AppData\Local\ActiveState\StateTool\release\bin;C:\Users\Mohameth\AppData\Local\Microsoft\WindowsApps;C:\Program Files (x86)\Nmap;C:\Users\Mohameth\AppData\Roaming\Composer\vendor\bin;C:\Program Files\JetBrains\PyCharm Edu 2022.2.2\bin;;D:\src\flutter\bin;C:\OCaml64\home\Mohameth\.opam\4.14.0+mingw64c\bin;C:\OneDrive\Bureau\LGI 3 GL\Semestre 5\Programmation Fonctionnel\Projet_PF\\Projet_PFbin;C:\Users\Mohameth\AppData\Roaming\npm;D:\IntelliJ IDEA 2024.2.4\bin;;C:\Program Files\mosquitto;D:\Microsoft VS Code\bin;D:\IntelliJ IDEA Community Edition 2024.3.1.1\bin;;C:\Users\Mohameth\.jdks\corretto-1.8.0_432\bin;C:\Program Files\PostgreSQL\17\bin;C:\Program Files\PostgreSQL\17\lib;
USERNAME=Mohameth
OS=Windows_NT
PROCESSOR_IDENTIFIER=AMD64 Family 23 Model 24 Stepping 1, AuthenticAMD
TMP=C:\Users\Mohameth\AppData\Local\Temp
TEMP=C:\Users\Mohameth\AppData\Local\Temp




Periodic native trim disabled

---------------  S Y S T E M  ---------------

OS:
 Windows 11 , 64 bit Build 22621 (10.0.22621.5415)
OS uptime: 0 days 8:32 hours
Hyper-V role detected

CPU: total 8 (initial active 8) (8 cores per cpu, 2 threads per core) family 23 model 24 stepping 1 microcode 0x0, cx8, cmov, fxsr, ht, mmx, 3dnowpref, sse, sse2, sse3, ssse3, sse4a, sse4.1, sse4.2, popcnt, lzcnt, tsc, tscinvbit, avx, avx2, aes, clmul, bmi1, bmi2, adx, sha, fma, vzeroupper, clflush, clflushopt, hv, rdtscp, f16c
Processor Information for the first 8 processors :
  Max Mhz: 2100, Current Mhz: 2100, Mhz Limit: 2100

Memory: 4k page, system-wide physical 7103M (466M free)
TotalPageFile size 11138M (AvailPageFile size 45M)
current process WorkingSet (physical memory assigned to process): 64M, peak: 64M
current process commit charge ("private bytes"): 234M, peak: 235M

vm_info: OpenJDK 64-Bit Server VM (21.0.7+6-LTS) for windows-amd64 JRE (21.0.7+6-LTS), built on 2025-04-15T00:00:00Z by "admin" with MS VC++ 17.7 (VS2022)

END.
