#
# There is insufficient memory for the Java Runtime Environment to continue.
# Native memory allocation (malloc) failed to allocate 1071136 bytes. Error detail: Chunk::new
# Possible reasons:
#   The system is out of physical RAM or swap space
#   This process is running with CompressedOops enabled, and the Java Heap may be blocking the growth of the native heap
# Possible solutions:
#   Reduce memory load on the system
#   Increase physical memory or swap space
#   Check if swap backing store is full
#   Decrease Java heap size (-Xmx/-Xms)
#   Decrease number of Java threads
#   Decrease Java thread stack sizes (-Xss)
#   Set larger code cache with -XX:ReservedCodeCacheSize=
#   JVM is running with Unscaled Compressed Oops mode in which the Java heap is
#     placed in the first 4GB address space. The Java Heap base address is the
#     maximum limit for the native heap growth. Please use -XX:HeapBaseMinAddress
#     to set the Java Heap base and to place the Java Heap above 4GB virtual address.
# This output file may be truncated or incomplete.
#
#  Out of Memory Error (arena.cpp:168), pid=14932, tid=11936
#
# JRE version: OpenJDK Runtime Environment Temurin-21.0.7+6 (21.0.7+6) (build 21.0.7+6-LTS)
# Java VM: OpenJDK 64-Bit Server VM Temurin-21.0.7+6 (21.0.7+6-LTS, mixed mode, sharing, tiered, compressed oops, compressed class ptrs, parallel gc, windows-amd64)
# No core dump will be written. Minidumps are not enabled by default on client versions of Windows
#

---------------  S U M M A R Y ------------

Command Line: --add-modules=ALL-SYSTEM --add-opens=java.base/java.util=ALL-UNNAMED --add-opens=java.base/java.lang=ALL-UNNAMED --add-opens=java.base/sun.nio.fs=ALL-UNNAMED -Declipse.application=org.eclipse.jdt.ls.core.id1 -Dosgi.bundles.defaultStartLevel=4 -Declipse.product=org.eclipse.jdt.ls.core.product -Djava.import.generatesMetadataFilesAtProjectRoot=false -DDetectVMInstallationsJob.disabled=true -Dfile.encoding=utf8 -XX:+UseParallelGC -XX:GCTimeRatio=4 -XX:AdaptiveSizePolicyWeight=90 -Dsun.zip.disableMemoryMapping=true -Xmx2G -Xms100m -Xlog:disable -javaagent:c:\Users\Mohameth\.vscode\extensions\redhat.java-1.43.1-win32-x64\lombok\lombok-1.18.39-4050.jar -XX:+HeapDumpOnOutOfMemoryError -XX:HeapDumpPath=c:\Users\Mohameth\AppData\Roaming\Code\User\workspaceStorage\4a8fbdfda817db6e237f440b23b68a6a\redhat.java -Daether.dependencyCollector.impl=bf c:\Users\Mohameth\.vscode\extensions\redhat.java-1.43.1-win32-x64\server\plugins\org.eclipse.equinox.launcher_1.7.0.v20250519-0528.jar -configuration c:\Users\Mohameth\AppData\Roaming\Code\User\globalStorage\redhat.java\1.43.1\config_win -data c:\Users\Mohameth\AppData\Roaming\Code\User\workspaceStorage\4a8fbdfda817db6e237f440b23b68a6a\redhat.java\jdt_ws --pipe=\\.\pipe\lsp-f8464110326f974537cfc3c5e0e9a30f-sock

Host: AMD Ryzen 5 3500U with Radeon Vega Mobile Gfx  , 8 cores, 6G,  Windows 11 , 64 bit Build 22621 (10.0.22621.5415)
Time: Mon Jul  7 01:10:17 2025 Greenwich elapsed time: 30.343259 seconds (0d 0h 0m 30s)

---------------  T H R E A D  ---------------

Current thread (0x00000210f6628190):  JavaThread "C2 CompilerThread1" daemon [_thread_in_native, id=11936, stack(0x0000009b5c200000,0x0000009b5c300000) (1024K)]


Current CompileTask:
C2:30343 13496       4       org.eclipse.jdt.internal.core.search.indexing.BinaryIndexer::extractReferenceFromConstantPool (358 bytes)

Stack: [0x0000009b5c200000,0x0000009b5c300000]
Native frames: (J=compiled Java code, j=interpreted, Vv=VM code, C=native code)
V  [jvm.dll+0x6ce119]
V  [jvm.dll+0x8a84a1]
V  [jvm.dll+0x8aa9ce]
V  [jvm.dll+0x8ab0b3]
V  [jvm.dll+0x27f8a6]
V  [jvm.dll+0xc507d]
V  [jvm.dll+0xc55b3]
V  [jvm.dll+0x2f2c6d]
V  [jvm.dll+0x5f6bca]
V  [jvm.dll+0x250cb2]
V  [jvm.dll+0x25106f]
V  [jvm.dll+0x249934]
V  [jvm.dll+0x246fc4]
V  [jvm.dll+0x1c760e]
V  [jvm.dll+0x25695a]
V  [jvm.dll+0x254efa]
V  [jvm.dll+0x3f03f6]
V  [jvm.dll+0x851f6b]
V  [jvm.dll+0x6cc7dd]
C  [ucrtbase.dll+0x29333]
C  [KERNEL32.DLL+0x1259d]
C  [ntdll.dll+0x5af78]


---------------  P R O C E S S  ---------------

Threads class SMR info:
_java_thread_list=0x00000210f792cd40, length=64, elements={
0x0000021098c52a20, 0x0000021098d0dc50, 0x0000021098bc4700, 0x0000021098bc6f40,
0x0000021098bc80d0, 0x0000021098bca7c0, 0x0000021098bd5030, 0x0000021098bd6f70,
0x0000021098bd8640, 0x00000210f60cf220, 0x00000210f6317eb0, 0x00000210f6cfe990,
0x00000210f6c17b80, 0x00000210f64b8010, 0x00000210f6d1cc70, 0x00000210f7149f00,
0x00000210f6cd9700, 0x00000210f6d8f790, 0x00000210f6d8f100, 0x00000210f6d8fe20,
0x00000210f6d904b0, 0x00000210f6628190, 0x00000210f6d8d6c0, 0x00000210f6d8e3e0,
0x00000210f6d8d030, 0x00000210f9c69180, 0x00000210f9c67740, 0x00000210f9c67dd0,
0x00000210f9c6abc0, 0x00000210f9c65670, 0x00000210f9c66390, 0x00000210f9c65d00,
0x00000210f9c6a530, 0x00000210f9c68af0, 0x00000210f9c63c30, 0x00000210f9c68460,
0x00000210f9c670b0, 0x00000210f9c64950, 0x00000210f9c69810, 0x00000210f9c66a20,
0x00000210f9c69ea0, 0x00000210f9c6b250, 0x00000210f9c642c0, 0x00000210f9c64fe0,
0x00000210f6d8dd50, 0x00000210f6d8ea70, 0x00000210f9f43300, 0x00000210f9f46780,
0x00000210f9f425e0, 0x00000210f9f43990, 0x00000210f9f40ba0, 0x00000210f9f45a60,
0x00000210f9f44d40, 0x00000210f9f46e10, 0x00000210f9f47b30, 0x00000210f9f474a0,
0x00000210f9f481c0, 0x00000210f9f41230, 0x00000210f9f418c0, 0x00000210f9f42c70,
0x00000210f9f44020, 0x00000210f9f446b0, 0x00000210fbf7fdb0, 0x00000210fbf7f090
}

Java Threads: ( => current thread )
  0x0000021098c52a20 JavaThread "main"                              [_thread_blocked, id=23256, stack(0x0000009b5b400000,0x0000009b5b500000) (1024K)]
  0x0000021098d0dc50 JavaThread "Reference Handler"          daemon [_thread_blocked, id=21256, stack(0x0000009b5b800000,0x0000009b5b900000) (1024K)]
  0x0000021098bc4700 JavaThread "Finalizer"                  daemon [_thread_blocked, id=18616, stack(0x0000009b5b900000,0x0000009b5ba00000) (1024K)]
  0x0000021098bc6f40 JavaThread "Signal Dispatcher"          daemon [_thread_blocked, id=22720, stack(0x0000009b5ba00000,0x0000009b5bb00000) (1024K)]
  0x0000021098bc80d0 JavaThread "Attach Listener"            daemon [_thread_blocked, id=25052, stack(0x0000009b5bb00000,0x0000009b5bc00000) (1024K)]
  0x0000021098bca7c0 JavaThread "Service Thread"             daemon [_thread_blocked, id=11532, stack(0x0000009b5bc00000,0x0000009b5bd00000) (1024K)]
  0x0000021098bd5030 JavaThread "Monitor Deflation Thread"   daemon [_thread_blocked, id=23456, stack(0x0000009b5bd00000,0x0000009b5be00000) (1024K)]
  0x0000021098bd6f70 JavaThread "C2 CompilerThread0"         daemon [_thread_in_native, id=13960, stack(0x0000009b5be00000,0x0000009b5bf00000) (1024K)]
  0x0000021098bd8640 JavaThread "C1 CompilerThread0"         daemon [_thread_blocked, id=16532, stack(0x0000009b5bf00000,0x0000009b5c000000) (1024K)]
  0x00000210f60cf220 JavaThread "Common-Cleaner"             daemon [_thread_blocked, id=21160, stack(0x0000009b5c000000,0x0000009b5c100000) (1024K)]
  0x00000210f6317eb0 JavaThread "Notification Thread"        daemon [_thread_blocked, id=24440, stack(0x0000009b5c100000,0x0000009b5c200000) (1024K)]
  0x00000210f6cfe990 JavaThread "Active Thread: Equinox Container: ce55608a-358f-4df3-819a-56c82c3ced29"        [_thread_blocked, id=21896, stack(0x0000009b5ca00000,0x0000009b5cb00000) (1024K)]
  0x00000210f6c17b80 JavaThread "Refresh Thread: Equinox Container: ce55608a-358f-4df3-819a-56c82c3ced29" daemon [_thread_blocked, id=13476, stack(0x0000009b5cc00000,0x0000009b5cd00000) (1024K)]
  0x00000210f64b8010 JavaThread "Framework Event Dispatcher: Equinox Container: ce55608a-358f-4df3-819a-56c82c3ced29" daemon [_thread_blocked, id=24828, stack(0x0000009b5cd00000,0x0000009b5ce00000) (1024K)]
  0x00000210f6d1cc70 JavaThread "Start Level: Equinox Container: ce55608a-358f-4df3-819a-56c82c3ced29" daemon [_thread_blocked, id=16184, stack(0x0000009b5ce00000,0x0000009b5cf00000) (1024K)]
  0x00000210f7149f00 JavaThread "Bundle File Closer"         daemon [_thread_blocked, id=23480, stack(0x0000009b5cf00000,0x0000009b5d000000) (1024K)]
  0x00000210f6cd9700 JavaThread "SCR Component Actor"        daemon [_thread_blocked, id=16064, stack(0x0000009b5d000000,0x0000009b5d100000) (1024K)]
  0x00000210f6d8f790 JavaThread "Worker-JM"                         [_thread_blocked, id=12684, stack(0x0000009b5d200000,0x0000009b5d300000) (1024K)]
  0x00000210f6d8f100 JavaThread "JNA Cleaner"                daemon [_thread_blocked, id=23980, stack(0x0000009b5d300000,0x0000009b5d400000) (1024K)]
  0x00000210f6d8fe20 JavaThread "Worker-0: Initialize workspace"        [_thread_blocked, id=19904, stack(0x0000009b5d400000,0x0000009b5d500000) (1024K)]
  0x00000210f6d904b0 JavaThread "Worker-1: Java indexing... "        [_thread_blocked, id=22392, stack(0x0000009b5d500000,0x0000009b5d600000) (1024K)]
=>0x00000210f6628190 JavaThread "C2 CompilerThread1"         daemon [_thread_in_native, id=11936, stack(0x0000009b5c200000,0x0000009b5c300000) (1024K)]
  0x00000210f6d8d6c0 JavaThread "Java indexing"              daemon [_thread_in_Java, id=3524, stack(0x0000009b5d600000,0x0000009b5d700000) (1024K)]
  0x00000210f6d8e3e0 JavaThread "Worker-2"                          [_thread_blocked, id=25436, stack(0x0000009b5d700000,0x0000009b5d800000) (1024K)]
  0x00000210f6d8d030 JavaThread "Worker-3"                          [_thread_blocked, id=15404, stack(0x0000009b5d800000,0x0000009b5d900000) (1024K)]
  0x00000210f9c69180 JavaThread "Worker-4"                          [_thread_blocked, id=4980, stack(0x0000009b5d900000,0x0000009b5da00000) (1024K)]
  0x00000210f9c67740 JavaThread "Thread-2"                   daemon [_thread_in_native, id=16504, stack(0x0000009b5da00000,0x0000009b5db00000) (1024K)]
  0x00000210f9c67dd0 JavaThread "Thread-3"                   daemon [_thread_in_native, id=15060, stack(0x0000009b5db00000,0x0000009b5dc00000) (1024K)]
  0x00000210f9c6abc0 JavaThread "Thread-4"                   daemon [_thread_in_native, id=18648, stack(0x0000009b5dc00000,0x0000009b5dd00000) (1024K)]
  0x00000210f9c65670 JavaThread "Thread-5"                   daemon [_thread_in_native, id=19664, stack(0x0000009b5dd00000,0x0000009b5de00000) (1024K)]
  0x00000210f9c66390 JavaThread "Thread-6"                   daemon [_thread_in_native, id=15192, stack(0x0000009b5de00000,0x0000009b5df00000) (1024K)]
  0x00000210f9c65d00 JavaThread "Thread-7"                   daemon [_thread_in_native, id=20144, stack(0x0000009b5df00000,0x0000009b5e000000) (1024K)]
  0x00000210f9c6a530 JavaThread "Thread-8"                   daemon [_thread_in_native, id=7060, stack(0x0000009b5e000000,0x0000009b5e100000) (1024K)]
  0x00000210f9c68af0 JavaThread "Thread-9"                   daemon [_thread_in_native, id=20356, stack(0x0000009b5e100000,0x0000009b5e200000) (1024K)]
  0x00000210f9c63c30 JavaThread "Thread-10"                  daemon [_thread_in_native, id=7568, stack(0x0000009b5e200000,0x0000009b5e300000) (1024K)]
  0x00000210f9c68460 JavaThread "pool-2-thread-1"                   [_thread_blocked, id=10592, stack(0x0000009b5e300000,0x0000009b5e400000) (1024K)]
  0x00000210f9c670b0 JavaThread "WorkspaceEventsHandler"            [_thread_blocked, id=13796, stack(0x0000009b5e400000,0x0000009b5e500000) (1024K)]
  0x00000210f9c64950 JavaThread "pool-1-thread-1"                   [_thread_blocked, id=20096, stack(0x0000009b5e500000,0x0000009b5e600000) (1024K)]
  0x00000210f9c69810 JavaThread "Worker-5"                          [_thread_blocked, id=6584, stack(0x0000009b5e600000,0x0000009b5e700000) (1024K)]
  0x00000210f9c66a20 JavaThread "Worker-6"                          [_thread_blocked, id=19088, stack(0x0000009b5e700000,0x0000009b5e800000) (1024K)]
  0x00000210f9c69ea0 JavaThread "LocalFile Deleter"          daemon [_thread_blocked, id=1172, stack(0x0000009b5d100000,0x0000009b5d200000) (1024K)]
  0x00000210f9c6b250 JavaThread "LocalFile Deleter"          daemon [_thread_blocked, id=25484, stack(0x0000009b5e800000,0x0000009b5e900000) (1024K)]
  0x00000210f9c642c0 JavaThread "LocalFile Deleter"          daemon [_thread_blocked, id=22892, stack(0x0000009b5e900000,0x0000009b5ea00000) (1024K)]
  0x00000210f9c64fe0 JavaThread "LocalFile Deleter"          daemon [_thread_blocked, id=16548, stack(0x0000009b5ea00000,0x0000009b5eb00000) (1024K)]
  0x00000210f6d8dd50 JavaThread "LocalFile Deleter"          daemon [_thread_blocked, id=23300, stack(0x0000009b5eb00000,0x0000009b5ec00000) (1024K)]
  0x00000210f6d8ea70 JavaThread "LocalFile Deleter"          daemon [_thread_blocked, id=5676, stack(0x0000009b5ec00000,0x0000009b5ed00000) (1024K)]
  0x00000210f9f43300 JavaThread "LocalFile Deleter"          daemon [_thread_blocked, id=11804, stack(0x0000009b5ed00000,0x0000009b5ee00000) (1024K)]
  0x00000210f9f46780 JavaThread "LocalFile Deleter"          daemon [_thread_blocked, id=10840, stack(0x0000009b5ee00000,0x0000009b5ef00000) (1024K)]
  0x00000210f9f425e0 JavaThread "Compiler Source File Reader" daemon [_thread_blocked, id=21792, stack(0x0000009b5ef00000,0x0000009b5f000000) (1024K)]
  0x00000210f9f43990 JavaThread "Compiler Source File Reader" daemon [_thread_blocked, id=21320, stack(0x0000009b5f000000,0x0000009b5f100000) (1024K)]
  0x00000210f9f40ba0 JavaThread "Compiler Source File Reader" daemon [_thread_blocked, id=24380, stack(0x0000009b5f100000,0x0000009b5f200000) (1024K)]
  0x00000210f9f45a60 JavaThread "Compiler Source File Reader" daemon [_thread_blocked, id=22460, stack(0x0000009b5f200000,0x0000009b5f300000) (1024K)]
  0x00000210f9f44d40 JavaThread "Compiler Source File Reader" daemon [_thread_blocked, id=12872, stack(0x0000009b5f300000,0x0000009b5f400000) (1024K)]
  0x00000210f9f46e10 JavaThread "Compiler Source File Reader" daemon [_thread_blocked, id=12744, stack(0x0000009b5f400000,0x0000009b5f500000) (1024K)]
  0x00000210f9f47b30 JavaThread "Compiler Processing Task"   daemon [_thread_blocked, id=24724, stack(0x0000009b5f500000,0x0000009b5f600000) (1024K)]
  0x00000210f9f474a0 JavaThread "Compiler Class File Writer" daemon [_thread_blocked, id=18704, stack(0x0000009b5f600000,0x0000009b5f700000) (1024K)]
  0x00000210f9f481c0 JavaThread "Compiler Class File Writer" daemon [_thread_blocked, id=22052, stack(0x0000009b5f700000,0x0000009b5f800000) (1024K)]
  0x00000210f9f41230 JavaThread "Compiler Class File Writer" daemon [_thread_blocked, id=11232, stack(0x0000009b5f800000,0x0000009b5f900000) (1024K)]
  0x00000210f9f418c0 JavaThread "Compiler Class File Writer" daemon [_thread_blocked, id=8316, stack(0x0000009b5f900000,0x0000009b5fa00000) (1024K)]
  0x00000210f9f42c70 JavaThread "Compiler Class File Writer" daemon [_thread_blocked, id=5092, stack(0x0000009b5fa00000,0x0000009b5fb00000) (1024K)]
  0x00000210f9f44020 JavaThread "Compiler Class File Writer" daemon [_thread_blocked, id=18292, stack(0x0000009b5fb00000,0x0000009b5fc00000) (1024K)]
  0x00000210f9f446b0 JavaThread "ForkJoinPool.commonPool-worker-1" daemon [_thread_blocked, id=22256, stack(0x0000009b5fc00000,0x0000009b5fd00000) (1024K)]
  0x00000210fbf7fdb0 JavaThread "ForkJoinPool.commonPool-worker-2" daemon [_thread_blocked, id=17096, stack(0x0000009b5c900000,0x0000009b5ca00000) (1024K)]
  0x00000210fbf7f090 JavaThread "ForkJoinPool.commonPool-worker-3" daemon [_thread_blocked, id=7932, stack(0x0000009b5fd00000,0x0000009b5fe00000) (1024K)]
Total: 64

Other Threads:
  0x0000021098cf3760 VMThread "VM Thread"                           [id=1828, stack(0x0000009b5b700000,0x0000009b5b800000) (1024K)]
  0x0000021098adca10 WatcherThread "VM Periodic Task Thread"        [id=2768, stack(0x0000009b5b600000,0x0000009b5b700000) (1024K)]
  0x0000021098c6fa80 WorkerThread "GC Thread#0"                     [id=4604, stack(0x0000009b5b500000,0x0000009b5b600000) (1024K)]
  0x00000210f67ead30 WorkerThread "GC Thread#1"                     [id=16772, stack(0x0000009b5c300000,0x0000009b5c400000) (1024K)]
  0x00000210f658c280 WorkerThread "GC Thread#2"                     [id=9088, stack(0x0000009b5c400000,0x0000009b5c500000) (1024K)]
  0x00000210f679b660 WorkerThread "GC Thread#3"                     [id=18276, stack(0x0000009b5c500000,0x0000009b5c600000) (1024K)]
  0x00000210f679ba00 WorkerThread "GC Thread#4"                     [id=23412, stack(0x0000009b5c600000,0x0000009b5c700000) (1024K)]
  0x00000210f69f9a60 WorkerThread "GC Thread#5"                     [id=15328, stack(0x0000009b5c700000,0x0000009b5c800000) (1024K)]
  0x00000210f69f9e00 WorkerThread "GC Thread#6"                     [id=22880, stack(0x0000009b5c800000,0x0000009b5c900000) (1024K)]
  0x00000210f6c177e0 WorkerThread "GC Thread#7"                     [id=15196, stack(0x0000009b5cb00000,0x0000009b5cc00000) (1024K)]
Total: 10

Threads with active compile tasks:
C2 CompilerThread0  30401 13492   !   4       org.eclipse.jdt.internal.core.search.indexing.BinaryIndexer::indexDocument (1168 bytes)
C2 CompilerThread1  30401 13496       4       org.eclipse.jdt.internal.core.search.indexing.BinaryIndexer::extractReferenceFromConstantPool (358 bytes)
Total: 2

VM state: not at safepoint (normal execution)

VM Mutex/Monitor currently owned by a thread: None

Heap address: 0x0000000080000000, size: 2048 MB, Compressed Oops mode: 32-bit

CDS archive(s) mapped at: [0x00000210b0000000-0x00000210b0ba0000-0x00000210b0ba0000), size 12189696, SharedBaseAddress: 0x00000210b0000000, ArchiveRelocationMode: 1.
Compressed class space mapped at: 0x00000210b1000000-0x00000210f1000000, reserved size: 1073741824
Narrow klass base: 0x00000210b0000000, Narrow klass shift: 0, Narrow klass range: 0x100000000

GC Precious Log:
 CardTable entry size: 512
 CPUs: 8 total, 8 available
 Memory: 7103M
 Large Page Support: Disabled
 NUMA Support: Disabled
 Compressed Oops: Enabled (32-bit)
 Alignments: Space 512K, Generation 512K, Heap 2M
 Heap Min Capacity: 100M
 Heap Initial Capacity: 100M
 Heap Max Capacity: 2G
 Pre-touch: Disabled
 Parallel Workers: 8

Heap:
 PSYoungGen      total 3584K, used 1421K [0x00000000d5580000, 0x00000000d5a00000, 0x0000000100000000)
  eden space 2560K, 15% used [0x00000000d5580000,0x00000000d55e3e68,0x00000000d5800000)
  from space 1024K, 99% used [0x00000000d5800000,0x00000000d58ff680,0x00000000d5900000)
  to   space 512K, 0% used [0x00000000d5900000,0x00000000d5900000,0x00000000d5980000)
 ParOldGen       total 476672K, used 476495K [0x0000000080000000, 0x000000009d180000, 0x00000000d5580000)
  object space 476672K, 99% used [0x0000000080000000,0x000000009d153e70,0x000000009d180000)
 Metaspace       used 66554K, committed 68096K, reserved 1114112K
  class space    used 6827K, committed 7552K, reserved 1048576K

Card table byte_map: [0x00000210985f0000,0x0000021098a00000] _byte_map_base: 0x00000210981f0000

Marking Bits: (ParMarkBitMap*) 0x00007ff8d45a31f0
 Begin Bits: [0x00000210ab0f0000, 0x00000210ad0f0000)
 End Bits:   [0x00000210ad0f0000, 0x00000210af0f0000)

Polling page: 0x0000021096a90000

Metaspace:

Usage:
  Non-class:     58.33 MB used.
      Class:      6.67 MB used.
       Both:     65.00 MB used.

Virtual space:
  Non-class space:       64.00 MB reserved,      59.12 MB ( 92%) committed,  1 nodes.
      Class space:        1.00 GB reserved,       7.38 MB ( <1%) committed,  1 nodes.
             Both:        1.06 GB reserved,      66.50 MB (  6%) committed. 

Chunk freelists:
   Non-Class:  4.84 MB
       Class:  8.64 MB
        Both:  13.48 MB

MaxMetaspaceSize: unlimited
CompressedClassSpaceSize: 1.00 GB
Initial GC threshold: 21.00 MB
Current GC threshold: 97.31 MB
CDS: on
 - commit_granule_bytes: 65536.
 - commit_granule_words: 8192.
 - virtual_space_node_default_size: 8388608.
 - enlarge_chunks_in_place: 1.
 - use_allocation_guard: 0.


Internal statistics:

num_allocs_failed_limit: 9.
num_arena_births: 1326.
num_arena_deaths: 14.
num_vsnodes_births: 2.
num_vsnodes_deaths: 0.
num_space_committed: 1064.
num_space_uncommitted: 0.
num_chunks_returned_to_freelist: 23.
num_chunks_taken_from_freelist: 4578.
num_chunk_merges: 13.
num_chunk_splits: 2764.
num_chunks_enlarged: 1488.
num_inconsistent_stats: 0.

CodeHeap 'non-profiled nmethods': size=120000Kb used=8690Kb max_used=8690Kb free=111309Kb
 bounds [0x00000210a3910000, 0x00000210a4190000, 0x00000210aae40000]
CodeHeap 'profiled nmethods': size=120000Kb used=27794Kb max_used=27794Kb free=92205Kb
 bounds [0x000002109be40000, 0x000002109d970000, 0x00000210a3370000]
CodeHeap 'non-nmethods': size=5760Kb used=1448Kb max_used=1506Kb free=4311Kb
 bounds [0x00000210a3370000, 0x00000210a35e0000, 0x00000210a3910000]
 total_blobs=13379 nmethods=12613 adapters=671
 compilation: enabled
              stopped_count=0, restarted_count=0
 full_count=0

Compilation events (20 events):
Event: 28.841 Thread 0x0000021098bd8640 13489       2       org.eclipse.jdt.internal.compiler.classfmt.FieldInfo::decodeTypeAnnotations (88 bytes)
Event: 28.842 Thread 0x0000021098bd8640 nmethod 13489 0x000002109d95ca10 code [0x000002109d95cbe0, 0x000002109d95d060]
Event: 28.861 Thread 0x0000021098bd6f70 nmethod 12801 0x00000210a415c190 code [0x00000210a415c4a0, 0x00000210a415dd68]
Event: 28.861 Thread 0x0000021098bd6f70 13487 %     4       org.eclipse.jdt.internal.core.search.indexing.BinaryIndexer::extractReferenceFromConstantPool @ 15 (358 bytes)
Event: 29.262 Thread 0x00000210f6628190 nmethod 13481% 0x00000210a415f190 code [0x00000210a415fae0, 0x00000210a416a418]
Event: 29.267 Thread 0x00000210f6628190 13491       4       org.eclipse.jdt.internal.compiler.classfmt.MethodInfo::createMethod (710 bytes)
Event: 29.327 Thread 0x00000210f6628190 nmethod 13491 0x00000210a416e490 code [0x00000210a416e740, 0x00000210a41705e0]
Event: 29.327 Thread 0x00000210f6628190 13493   !   4       org.eclipse.jdt.internal.compiler.classfmt.ClassFileReader::<init> (2135 bytes)
Event: 29.397 Thread 0x0000021098bd8640 13494       3       org.eclipse.jdt.internal.core.search.indexing.BinaryIndexer::addBinaryStandardAnnotations (238 bytes)
Event: 29.400 Thread 0x0000021098bd8640 nmethod 13494 0x000002109d95d290 code [0x000002109d95d8e0, 0x000002109d9611e0]
Event: 29.516 Thread 0x0000021098bd8640 13495  s    1       org.eclipse.jdt.internal.core.search.processing.JobManager::getProcessingThread (5 bytes)
Event: 29.517 Thread 0x0000021098bd8640 nmethod 13495 0x00000210a4171110 code [0x00000210a41712a0, 0x00000210a4171428]
Event: 29.607 Thread 0x0000021098bd6f70 nmethod 13487% 0x00000210a4171490 code [0x00000210a4171c40, 0x00000210a417a678]
Event: 29.611 Thread 0x0000021098bd6f70 13492   !   4       org.eclipse.jdt.internal.core.search.indexing.BinaryIndexer::indexDocument (1168 bytes)
Event: 29.787 Thread 0x0000021098bd8640 13498       3       org.eclipse.jdt.internal.compiler.classfmt.AnnotationInfo::scanAnnotation (330 bytes)
Event: 29.791 Thread 0x0000021098bd8640 nmethod 13498 0x000002109d962410 code [0x000002109d962720, 0x000002109d9637a8]
Event: 29.908 Thread 0x0000021098bd8640 13499       3       org.eclipse.jdt.internal.compiler.classfmt.MethodInfo::decodeTypeAnnotations (88 bytes)
Event: 29.911 Thread 0x0000021098bd8640 nmethod 13499 0x000002109d963d90 code [0x000002109d963f80, 0x000002109d9645f0]
Event: 30.130 Thread 0x00000210f6628190 nmethod 13493 0x00000210a417dc90 code [0x00000210a417e5c0, 0x00000210a4188c60]
Event: 30.132 Thread 0x00000210f6628190 13496       4       org.eclipse.jdt.internal.core.search.indexing.BinaryIndexer::extractReferenceFromConstantPool (358 bytes)

GC Heap History (20 events):
Event: 30.186 GC heap after
{Heap after GC invocations=689 (full 3):
 PSYoungGen      total 3072K, used 416K [0x00000000d5580000, 0x00000000d5980000, 0x0000000100000000)
  eden space 2560K, 0% used [0x00000000d5580000,0x00000000d5580000,0x00000000d5800000)
  from space 512K, 81% used [0x00000000d5900000,0x00000000d5968000,0x00000000d5980000)
  to   space 512K, 0% used [0x00000000d5880000,0x00000000d5880000,0x00000000d5900000)
 ParOldGen       total 473088K, used 472951K [0x0000000080000000, 0x000000009ce00000, 0x00000000d5580000)
  object space 473088K, 99% used [0x0000000080000000,0x000000009cddde50,0x000000009ce00000)
 Metaspace       used 66554K, committed 68096K, reserved 1114112K
  class space    used 6827K, committed 7552K, reserved 1048576K
}
Event: 30.198 GC heap before
{Heap before GC invocations=690 (full 3):
 PSYoungGen      total 3072K, used 2976K [0x00000000d5580000, 0x00000000d5980000, 0x0000000100000000)
  eden space 2560K, 100% used [0x00000000d5580000,0x00000000d5800000,0x00000000d5800000)
  from space 512K, 81% used [0x00000000d5900000,0x00000000d5968000,0x00000000d5980000)
  to   space 512K, 0% used [0x00000000d5880000,0x00000000d5880000,0x00000000d5900000)
 ParOldGen       total 473088K, used 472951K [0x0000000080000000, 0x000000009ce00000, 0x00000000d5580000)
  object space 473088K, 99% used [0x0000000080000000,0x000000009cddde50,0x000000009ce00000)
 Metaspace       used 66554K, committed 68096K, reserved 1114112K
  class space    used 6827K, committed 7552K, reserved 1048576K
}
Event: 30.201 GC heap after
{Heap after GC invocations=690 (full 3):
 PSYoungGen      total 3072K, used 384K [0x00000000d5580000, 0x00000000d5980000, 0x0000000100000000)
  eden space 2560K, 0% used [0x00000000d5580000,0x00000000d5580000,0x00000000d5800000)
  from space 512K, 75% used [0x00000000d5880000,0x00000000d58e0000,0x00000000d5900000)
  to   space 512K, 0% used [0x00000000d5900000,0x00000000d5900000,0x00000000d5980000)
 ParOldGen       total 473600K, used 473295K [0x0000000080000000, 0x000000009ce80000, 0x00000000d5580000)
  object space 473600K, 99% used [0x0000000080000000,0x000000009ce33e50,0x000000009ce80000)
 Metaspace       used 66554K, committed 68096K, reserved 1114112K
  class space    used 6827K, committed 7552K, reserved 1048576K
}
Event: 30.215 GC heap before
{Heap before GC invocations=691 (full 3):
 PSYoungGen      total 3072K, used 2944K [0x00000000d5580000, 0x00000000d5980000, 0x0000000100000000)
  eden space 2560K, 100% used [0x00000000d5580000,0x00000000d5800000,0x00000000d5800000)
  from space 512K, 75% used [0x00000000d5880000,0x00000000d58e0000,0x00000000d5900000)
  to   space 512K, 0% used [0x00000000d5900000,0x00000000d5900000,0x00000000d5980000)
 ParOldGen       total 473600K, used 473295K [0x0000000080000000, 0x000000009ce80000, 0x00000000d5580000)
  object space 473600K, 99% used [0x0000000080000000,0x000000009ce33e50,0x000000009ce80000)
 Metaspace       used 66554K, committed 68096K, reserved 1114112K
  class space    used 6827K, committed 7552K, reserved 1048576K
}
Event: 30.218 GC heap after
{Heap after GC invocations=691 (full 3):
 PSYoungGen      total 3072K, used 416K [0x00000000d5580000, 0x00000000d5980000, 0x0000000100000000)
  eden space 2560K, 0% used [0x00000000d5580000,0x00000000d5580000,0x00000000d5800000)
  from space 512K, 81% used [0x00000000d5900000,0x00000000d5968000,0x00000000d5980000)
  to   space 512K, 0% used [0x00000000d5880000,0x00000000d5880000,0x00000000d5900000)
 ParOldGen       total 473600K, used 473583K [0x0000000080000000, 0x000000009ce80000, 0x00000000d5580000)
  object space 473600K, 99% used [0x0000000080000000,0x000000009ce7be50,0x000000009ce80000)
 Metaspace       used 66554K, committed 68096K, reserved 1114112K
  class space    used 6827K, committed 7552K, reserved 1048576K
}
Event: 30.235 GC heap before
{Heap before GC invocations=692 (full 3):
 PSYoungGen      total 3072K, used 2962K [0x00000000d5580000, 0x00000000d5980000, 0x0000000100000000)
  eden space 2560K, 99% used [0x00000000d5580000,0x00000000d57fcb18,0x00000000d5800000)
  from space 512K, 81% used [0x00000000d5900000,0x00000000d5968000,0x00000000d5980000)
  to   space 512K, 0% used [0x00000000d5880000,0x00000000d5880000,0x00000000d5900000)
 ParOldGen       total 473600K, used 473583K [0x0000000080000000, 0x000000009ce80000, 0x00000000d5580000)
  object space 473600K, 99% used [0x0000000080000000,0x000000009ce7be50,0x000000009ce80000)
 Metaspace       used 66554K, committed 68096K, reserved 1114112K
  class space    used 6827K, committed 7552K, reserved 1048576K
}
Event: 30.238 GC heap after
{Heap after GC invocations=692 (full 3):
 PSYoungGen      total 3072K, used 416K [0x00000000d5580000, 0x00000000d5980000, 0x0000000100000000)
  eden space 2560K, 0% used [0x00000000d5580000,0x00000000d5580000,0x00000000d5800000)
  from space 512K, 81% used [0x00000000d5880000,0x00000000d58e8000,0x00000000d5900000)
  to   space 512K, 0% used [0x00000000d5900000,0x00000000d5900000,0x00000000d5980000)
 ParOldGen       total 474112K, used 473927K [0x0000000080000000, 0x000000009cf00000, 0x00000000d5580000)
  object space 474112K, 99% used [0x0000000080000000,0x000000009ced1e50,0x000000009cf00000)
 Metaspace       used 66554K, committed 68096K, reserved 1114112K
  class space    used 6827K, committed 7552K, reserved 1048576K
}
Event: 30.252 GC heap before
{Heap before GC invocations=693 (full 3):
 PSYoungGen      total 3072K, used 2976K [0x00000000d5580000, 0x00000000d5980000, 0x0000000100000000)
  eden space 2560K, 100% used [0x00000000d5580000,0x00000000d5800000,0x00000000d5800000)
  from space 512K, 81% used [0x00000000d5880000,0x00000000d58e8000,0x00000000d5900000)
  to   space 512K, 0% used [0x00000000d5900000,0x00000000d5900000,0x00000000d5980000)
 ParOldGen       total 474112K, used 473927K [0x0000000080000000, 0x000000009cf00000, 0x00000000d5580000)
  object space 474112K, 99% used [0x0000000080000000,0x000000009ced1e50,0x000000009cf00000)
 Metaspace       used 66554K, committed 68096K, reserved 1114112K
  class space    used 6827K, committed 7552K, reserved 1048576K
}
Event: 30.254 GC heap after
{Heap after GC invocations=693 (full 3):
 PSYoungGen      total 3072K, used 416K [0x00000000d5580000, 0x00000000d5980000, 0x0000000100000000)
  eden space 2560K, 0% used [0x00000000d5580000,0x00000000d5580000,0x00000000d5800000)
  from space 512K, 81% used [0x00000000d5900000,0x00000000d5968000,0x00000000d5980000)
  to   space 512K, 0% used [0x00000000d5880000,0x00000000d5880000,0x00000000d5900000)
 ParOldGen       total 474624K, used 474239K [0x0000000080000000, 0x000000009cf80000, 0x00000000d5580000)
  object space 474624K, 99% used [0x0000000080000000,0x000000009cf1fe50,0x000000009cf80000)
 Metaspace       used 66554K, committed 68096K, reserved 1114112K
  class space    used 6827K, committed 7552K, reserved 1048576K
}
Event: 30.264 GC heap before
{Heap before GC invocations=694 (full 3):
 PSYoungGen      total 3072K, used 2974K [0x00000000d5580000, 0x00000000d5980000, 0x0000000100000000)
  eden space 2560K, 99% used [0x00000000d5580000,0x00000000d57ff8e0,0x00000000d5800000)
  from space 512K, 81% used [0x00000000d5900000,0x00000000d5968000,0x00000000d5980000)
  to   space 512K, 0% used [0x00000000d5880000,0x00000000d5880000,0x00000000d5900000)
 ParOldGen       total 474624K, used 474239K [0x0000000080000000, 0x000000009cf80000, 0x00000000d5580000)
  object space 474624K, 99% used [0x0000000080000000,0x000000009cf1fe50,0x000000009cf80000)
 Metaspace       used 66554K, committed 68096K, reserved 1114112K
  class space    used 6827K, committed 7552K, reserved 1048576K
}
Event: 30.266 GC heap after
{Heap after GC invocations=694 (full 3):
 PSYoungGen      total 3072K, used 320K [0x00000000d5580000, 0x00000000d5980000, 0x0000000100000000)
  eden space 2560K, 0% used [0x00000000d5580000,0x00000000d5580000,0x00000000d5800000)
  from space 512K, 62% used [0x00000000d5880000,0x00000000d58d0000,0x00000000d5900000)
  to   space 512K, 0% used [0x00000000d5900000,0x00000000d5900000,0x00000000d5980000)
 ParOldGen       total 474624K, used 474559K [0x0000000080000000, 0x000000009cf80000, 0x00000000d5580000)
  object space 474624K, 99% used [0x0000000080000000,0x000000009cf6fe50,0x000000009cf80000)
 Metaspace       used 66554K, committed 68096K, reserved 1114112K
  class space    used 6827K, committed 7552K, reserved 1048576K
}
Event: 30.278 GC heap before
{Heap before GC invocations=695 (full 3):
 PSYoungGen      total 3072K, used 2880K [0x00000000d5580000, 0x00000000d5980000, 0x0000000100000000)
  eden space 2560K, 100% used [0x00000000d5580000,0x00000000d5800000,0x00000000d5800000)
  from space 512K, 62% used [0x00000000d5880000,0x00000000d58d0000,0x00000000d5900000)
  to   space 512K, 0% used [0x00000000d5900000,0x00000000d5900000,0x00000000d5980000)
 ParOldGen       total 474624K, used 474559K [0x0000000080000000, 0x000000009cf80000, 0x00000000d5580000)
  object space 474624K, 99% used [0x0000000080000000,0x000000009cf6fe50,0x000000009cf80000)
 Metaspace       used 66554K, committed 68096K, reserved 1114112K
  class space    used 6827K, committed 7552K, reserved 1048576K
}
Event: 30.280 GC heap after
{Heap after GC invocations=695 (full 3):
 PSYoungGen      total 3072K, used 320K [0x00000000d5580000, 0x00000000d5980000, 0x0000000100000000)
  eden space 2560K, 0% used [0x00000000d5580000,0x00000000d5580000,0x00000000d5800000)
  from space 512K, 62% used [0x00000000d5900000,0x00000000d5950000,0x00000000d5980000)
  to   space 512K, 0% used [0x00000000d5880000,0x00000000d5880000,0x00000000d5900000)
 ParOldGen       total 475136K, used 474815K [0x0000000080000000, 0x000000009d000000, 0x00000000d5580000)
  object space 475136K, 99% used [0x0000000080000000,0x000000009cfafe50,0x000000009d000000)
 Metaspace       used 66554K, committed 68096K, reserved 1114112K
  class space    used 6827K, committed 7552K, reserved 1048576K
}
Event: 30.291 GC heap before
{Heap before GC invocations=696 (full 3):
 PSYoungGen      total 3072K, used 2880K [0x00000000d5580000, 0x00000000d5980000, 0x0000000100000000)
  eden space 2560K, 100% used [0x00000000d5580000,0x00000000d5800000,0x00000000d5800000)
  from space 512K, 62% used [0x00000000d5900000,0x00000000d5950000,0x00000000d5980000)
  to   space 512K, 0% used [0x00000000d5880000,0x00000000d5880000,0x00000000d5900000)
 ParOldGen       total 475136K, used 474815K [0x0000000080000000, 0x000000009d000000, 0x00000000d5580000)
  object space 475136K, 99% used [0x0000000080000000,0x000000009cfafe50,0x000000009d000000)
 Metaspace       used 66554K, committed 68096K, reserved 1114112K
  class space    used 6827K, committed 7552K, reserved 1048576K
}
Event: 30.294 GC heap after
{Heap after GC invocations=696 (full 3):
 PSYoungGen      total 3072K, used 320K [0x00000000d5580000, 0x00000000d5980000, 0x0000000100000000)
  eden space 2560K, 0% used [0x00000000d5580000,0x00000000d5580000,0x00000000d5800000)
  from space 512K, 62% used [0x00000000d5880000,0x00000000d58d0000,0x00000000d5900000)
  to   space 512K, 0% used [0x00000000d5900000,0x00000000d5900000,0x00000000d5980000)
 ParOldGen       total 475136K, used 475079K [0x0000000080000000, 0x000000009d000000, 0x00000000d5580000)
  object space 475136K, 99% used [0x0000000080000000,0x000000009cff1e50,0x000000009d000000)
 Metaspace       used 66554K, committed 68096K, reserved 1114112K
  class space    used 6827K, committed 7552K, reserved 1048576K
}
Event: 30.305 GC heap before
{Heap before GC invocations=697 (full 3):
 PSYoungGen      total 3072K, used 2880K [0x00000000d5580000, 0x00000000d5980000, 0x0000000100000000)
  eden space 2560K, 100% used [0x00000000d5580000,0x00000000d5800000,0x00000000d5800000)
  from space 512K, 62% used [0x00000000d5880000,0x00000000d58d0000,0x00000000d5900000)
  to   space 512K, 0% used [0x00000000d5900000,0x00000000d5900000,0x00000000d5980000)
 ParOldGen       total 475136K, used 475079K [0x0000000080000000, 0x000000009d000000, 0x00000000d5580000)
  object space 475136K, 99% used [0x0000000080000000,0x000000009cff1e50,0x000000009d000000)
 Metaspace       used 66554K, committed 68096K, reserved 1114112K
  class space    used 6827K, committed 7552K, reserved 1048576K
}
Event: 30.308 GC heap after
{Heap after GC invocations=697 (full 3):
 PSYoungGen      total 3072K, used 352K [0x00000000d5580000, 0x00000000d5980000, 0x0000000100000000)
  eden space 2560K, 0% used [0x00000000d5580000,0x00000000d5580000,0x00000000d5800000)
  from space 512K, 68% used [0x00000000d5900000,0x00000000d5958000,0x00000000d5980000)
  to   space 512K, 0% used [0x00000000d5880000,0x00000000d5880000,0x00000000d5900000)
 ParOldGen       total 475648K, used 475295K [0x0000000080000000, 0x000000009d080000, 0x00000000d5580000)
  object space 475648K, 99% used [0x0000000080000000,0x000000009d027e50,0x000000009d080000)
 Metaspace       used 66554K, committed 68096K, reserved 1114112K
  class space    used 6827K, committed 7552K, reserved 1048576K
}
Event: 30.319 GC heap before
{Heap before GC invocations=698 (full 3):
 PSYoungGen      total 3072K, used 2912K [0x00000000d5580000, 0x00000000d5980000, 0x0000000100000000)
  eden space 2560K, 100% used [0x00000000d5580000,0x00000000d5800000,0x00000000d5800000)
  from space 512K, 68% used [0x00000000d5900000,0x00000000d5958000,0x00000000d5980000)
  to   space 512K, 0% used [0x00000000d5880000,0x00000000d5880000,0x00000000d5900000)
 ParOldGen       total 475648K, used 475295K [0x0000000080000000, 0x000000009d080000, 0x00000000d5580000)
  object space 475648K, 99% used [0x0000000080000000,0x000000009d027e50,0x000000009d080000)
 Metaspace       used 66554K, committed 68096K, reserved 1114112K
  class space    used 6827K, committed 7552K, reserved 1048576K
}
Event: 30.322 GC heap after
{Heap after GC invocations=698 (full 3):
 PSYoungGen      total 3072K, used 448K [0x00000000d5580000, 0x00000000d5980000, 0x0000000100000000)
  eden space 2560K, 0% used [0x00000000d5580000,0x00000000d5580000,0x00000000d5800000)
  from space 512K, 87% used [0x00000000d5880000,0x00000000d58f0000,0x00000000d5900000)
  to   space 512K, 0% used [0x00000000d5900000,0x00000000d5900000,0x00000000d5980000)
 ParOldGen       total 475648K, used 475559K [0x0000000080000000, 0x000000009d080000, 0x00000000d5580000)
  object space 475648K, 99% used [0x0000000080000000,0x000000009d069e50,0x000000009d080000)
 Metaspace       used 66554K, committed 68096K, reserved 1114112K
  class space    used 6827K, committed 7552K, reserved 1048576K
}
Event: 30.340 GC heap before
{Heap before GC invocations=699 (full 3):
 PSYoungGen      total 3072K, used 3008K [0x00000000d5580000, 0x00000000d5980000, 0x0000000100000000)
  eden space 2560K, 100% used [0x00000000d5580000,0x00000000d5800000,0x00000000d5800000)
  from space 512K, 87% used [0x00000000d5880000,0x00000000d58f0000,0x00000000d5900000)
  to   space 512K, 0% used [0x00000000d5900000,0x00000000d5900000,0x00000000d5980000)
 ParOldGen       total 475648K, used 475559K [0x0000000080000000, 0x000000009d080000, 0x00000000d5580000)
  object space 475648K, 99% used [0x0000000080000000,0x000000009d069e50,0x000000009d080000)
 Metaspace       used 66554K, committed 68096K, reserved 1114112K
  class space    used 6827K, committed 7552K, reserved 1048576K
}

Dll operation events (10 events):
Event: 0.022 Loaded shared library c:\Users\Mohameth\.vscode\extensions\redhat.java-1.43.1-win32-x64\jre\21.0.7-win32-x86_64\bin\java.dll
Event: 0.198 Loaded shared library c:\Users\Mohameth\.vscode\extensions\redhat.java-1.43.1-win32-x64\jre\21.0.7-win32-x86_64\bin\zip.dll
Event: 0.379 Loaded shared library C:\Users\Mohameth\.vscode\extensions\redhat.java-1.43.1-win32-x64\jre\21.0.7-win32-x86_64\bin\instrument.dll
Event: 0.407 Loaded shared library C:\Users\Mohameth\.vscode\extensions\redhat.java-1.43.1-win32-x64\jre\21.0.7-win32-x86_64\bin\net.dll
Event: 0.414 Loaded shared library C:\Users\Mohameth\.vscode\extensions\redhat.java-1.43.1-win32-x64\jre\21.0.7-win32-x86_64\bin\nio.dll
Event: 0.423 Loaded shared library C:\Users\Mohameth\.vscode\extensions\redhat.java-1.43.1-win32-x64\jre\21.0.7-win32-x86_64\bin\zip.dll
Event: 0.521 Loaded shared library C:\Users\Mohameth\.vscode\extensions\redhat.java-1.43.1-win32-x64\jre\21.0.7-win32-x86_64\bin\jimage.dll
Event: 0.997 Loaded shared library c:\Users\Mohameth\.vscode\extensions\redhat.java-1.43.1-win32-x64\jre\21.0.7-win32-x86_64\bin\verify.dll
Event: 3.835 Loaded shared library C:\Users\Mohameth\AppData\Roaming\Code\User\globalStorage\redhat.java\1.43.1\config_win\org.eclipse.equinox.launcher\org.eclipse.equinox.launcher.win32.win32.x86_64_1.2.1300.v20250331-1702\eclipse_11911.dll
Event: 5.754 Loaded shared library C:\Users\Mohameth\AppData\Local\Temp\jna--443535673\jna6491488139893004187.dll

Deoptimization events (20 events):
Event: 30.261 Thread 0x00000210f6d8d6c0 DEOPT PACKING pc=0x000002109c855e1a sp=0x0000009b5d6fe890
Event: 30.261 Thread 0x00000210f6d8d6c0 DEOPT UNPACKING pc=0x00000210a33c4242 sp=0x0000009b5d6fdca8 mode 0
Event: 30.262 Thread 0x00000210f6d8d6c0 DEOPT PACKING pc=0x000002109c84b36f sp=0x0000009b5d6fe7e0
Event: 30.262 Thread 0x00000210f6d8d6c0 DEOPT UNPACKING pc=0x00000210a33c4242 sp=0x0000009b5d6fdc68 mode 0
Event: 30.281 Thread 0x00000210f6d8d6c0 DEOPT PACKING pc=0x000002109c84b36f sp=0x0000009b5d6fe7d0
Event: 30.281 Thread 0x00000210f6d8d6c0 DEOPT UNPACKING pc=0x00000210a33c4242 sp=0x0000009b5d6fdc58 mode 0
Event: 30.285 Thread 0x00000210f6d8d6c0 DEOPT PACKING pc=0x000002109c855e1a sp=0x0000009b5d6fe890
Event: 30.285 Thread 0x00000210f6d8d6c0 DEOPT UNPACKING pc=0x00000210a33c4242 sp=0x0000009b5d6fdca8 mode 0
Event: 30.297 Thread 0x00000210f6d8d6c0 DEOPT PACKING pc=0x000002109c84b36f sp=0x0000009b5d6fe8a0
Event: 30.297 Thread 0x00000210f6d8d6c0 DEOPT UNPACKING pc=0x00000210a33c4242 sp=0x0000009b5d6fdd28 mode 0
Event: 30.304 Thread 0x00000210f6d8d6c0 DEOPT PACKING pc=0x000002109c855e1a sp=0x0000009b5d6fe890
Event: 30.304 Thread 0x00000210f6d8d6c0 DEOPT UNPACKING pc=0x00000210a33c4242 sp=0x0000009b5d6fdca8 mode 0
Event: 30.312 Thread 0x00000210f6d8d6c0 DEOPT PACKING pc=0x000002109c84b36f sp=0x0000009b5d6fe7d0
Event: 30.312 Thread 0x00000210f6d8d6c0 DEOPT UNPACKING pc=0x00000210a33c4242 sp=0x0000009b5d6fdc58 mode 0
Event: 30.330 Thread 0x00000210f6d8d6c0 DEOPT PACKING pc=0x000002109d552eeb sp=0x0000009b5d6fe9c0
Event: 30.330 Thread 0x00000210f6d8d6c0 DEOPT UNPACKING pc=0x00000210a33c4242 sp=0x0000009b5d6fde60 mode 0
Event: 30.338 Thread 0x00000210f6d8d6c0 DEOPT PACKING pc=0x000002109d59667e sp=0x0000009b5d6fea90
Event: 30.338 Thread 0x00000210f6d8d6c0 DEOPT UNPACKING pc=0x00000210a33c4242 sp=0x0000009b5d6fdf70 mode 0
Event: 30.339 Thread 0x00000210f6d8d6c0 DEOPT PACKING pc=0x000002109d58e500 sp=0x0000009b5d6fe9a0
Event: 30.339 Thread 0x00000210f6d8d6c0 DEOPT UNPACKING pc=0x00000210a33c4242 sp=0x0000009b5d6fdf70 mode 0

Classes loaded (20 events):
Event: 24.045 Loading class java/util/concurrent/CompletableFuture$UniAccept
Event: 24.045 Loading class java/util/concurrent/CompletableFuture$UniAccept done
Event: 24.045 Loading class java/util/concurrent/CompletableFuture$UniExceptionally
Event: 24.045 Loading class java/util/concurrent/CompletableFuture$UniExceptionally done
Event: 24.125 Loading class java/lang/UnsupportedClassVersionError
Event: 24.126 Loading class java/lang/UnsupportedClassVersionError done
Event: 24.246 Loading class jdk/internal/module/IllegalAccessLogger
Event: 24.246 Loading class jdk/internal/module/IllegalAccessLogger done
Event: 24.525 Loading class org/xml/sax/SAXNotRecognizedException
Event: 24.525 Loading class org/xml/sax/SAXNotRecognizedException done
Event: 24.525 Loading class org/xml/sax/SAXNotSupportedException
Event: 24.525 Loading class org/xml/sax/SAXNotSupportedException done
Event: 24.526 Loading class com/sun/org/apache/xerces/internal/util/URI
Event: 24.528 Loading class com/sun/org/apache/xerces/internal/util/URI done
Event: 24.533 Loading class com/sun/org/apache/xerces/internal/xni/XNIException
Event: 24.533 Loading class com/sun/org/apache/xerces/internal/xni/XNIException done
Event: 24.534 Loading class com/sun/org/apache/xerces/internal/xni/parser/XMLParseException
Event: 24.534 Loading class com/sun/org/apache/xerces/internal/xni/parser/XMLParseException done
Event: 26.456 Loading class sun/nio/fs/WindowsFileCopy
Event: 26.457 Loading class sun/nio/fs/WindowsFileCopy done

Classes unloaded (7 events):
Event: 6.561 Thread 0x0000021098cf3760 Unloading class 0x00000210b119c800 'java/lang/invoke/LambdaForm$MH+0x00000210b119c800'
Event: 6.561 Thread 0x0000021098cf3760 Unloading class 0x00000210b119c400 'java/lang/invoke/LambdaForm$MH+0x00000210b119c400'
Event: 6.561 Thread 0x0000021098cf3760 Unloading class 0x00000210b119c000 'java/lang/invoke/LambdaForm$MH+0x00000210b119c000'
Event: 6.561 Thread 0x0000021098cf3760 Unloading class 0x00000210b119bc00 'java/lang/invoke/LambdaForm$MH+0x00000210b119bc00'
Event: 6.561 Thread 0x0000021098cf3760 Unloading class 0x00000210b119b800 'java/lang/invoke/LambdaForm$BMH+0x00000210b119b800'
Event: 6.561 Thread 0x0000021098cf3760 Unloading class 0x00000210b119b400 'java/lang/invoke/LambdaForm$DMH+0x00000210b119b400'
Event: 6.561 Thread 0x0000021098cf3760 Unloading class 0x00000210b119a000 'java/lang/invoke/LambdaForm$DMH+0x00000210b119a000'

Classes redefined (0 events):
No events

Internal exceptions (20 events):
Event: 24.716 Thread 0x00000210f9f446b0 Implicit null exception at 0x00000210a3b514a1 to 0x00000210a3b517b4
Event: 25.125 Thread 0x00000210f9f446b0 Implicit null exception at 0x00000210a4072806 to 0x00000210a40728e0
Event: 25.248 Thread 0x00000210f9f446b0 Implicit null exception at 0x00000210a40ac7d5 to 0x00000210a40b0768
Event: 25.248 Thread 0x00000210f9f446b0 Implicit null exception at 0x00000210a4071b06 to 0x00000210a4071c05
Event: 25.617 Thread 0x00000210f9f446b0 Implicit null exception at 0x00000210a4097781 to 0x00000210a4097d48
Event: 25.784 Thread 0x00000210f9f446b0 Exception <a 'java/lang/IncompatibleClassChangeError'{0x00000000d597f270}: Found class java.lang.Object, but interface was expected> (0x00000000d597f270) 
thrown [s\src\hotspot\share\interpreter\linkResolver.cpp, line 840]
Event: 26.458 Thread 0x00000210f6d8d6c0 Exception <a 'sun/nio/fs/WindowsException'{0x00000000d57b37f0}> (0x00000000d57b37f0) 
thrown [s\src\hotspot\share\prims\jni.cpp, line 520]
Event: 26.493 Thread 0x00000210f6d8d6c0 Exception <a 'sun/nio/fs/WindowsException'{0x00000000d5974e50}> (0x00000000d5974e50) 
thrown [s\src\hotspot\share\prims\jni.cpp, line 520]
Event: 26.514 Thread 0x00000210f6d8d6c0 Exception <a 'sun/nio/fs/WindowsException'{0x00000000d5b730d0}> (0x00000000d5b730d0) 
thrown [s\src\hotspot\share\prims\jni.cpp, line 520]
Event: 26.536 Thread 0x00000210f6d8d6c0 Exception <a 'sun/nio/fs/WindowsException'{0x00000000d5723c58}> (0x00000000d5723c58) 
thrown [s\src\hotspot\share\prims\jni.cpp, line 520]
Event: 26.688 Thread 0x00000210f6d8d6c0 Exception <a 'sun/nio/fs/WindowsException'{0x00000000d5c06218}> (0x00000000d5c06218) 
thrown [s\src\hotspot\share\prims\jni.cpp, line 520]
Event: 26.990 Thread 0x00000210f6d8d6c0 Exception <a 'sun/nio/fs/WindowsException'{0x00000000d58c36c0}> (0x00000000d58c36c0) 
thrown [s\src\hotspot\share\prims\jni.cpp, line 520]
Event: 27.011 Thread 0x00000210f6d8d6c0 Exception <a 'sun/nio/fs/WindowsException'{0x00000000d5be41e0}> (0x00000000d5be41e0) 
thrown [s\src\hotspot\share\prims\jni.cpp, line 520]
Event: 27.197 Thread 0x00000210f6d8d6c0 Exception <a 'sun/nio/fs/WindowsException'{0x00000000d562cda8}> (0x00000000d562cda8) 
thrown [s\src\hotspot\share\prims\jni.cpp, line 520]
Event: 27.213 Thread 0x00000210f6d8d6c0 Exception <a 'sun/nio/fs/WindowsException'{0x00000000d59adf60}> (0x00000000d59adf60) 
thrown [s\src\hotspot\share\prims\jni.cpp, line 520]
Event: 27.242 Thread 0x00000210f6d8d6c0 Exception <a 'sun/nio/fs/WindowsException'{0x00000000d56372b0}> (0x00000000d56372b0) 
thrown [s\src\hotspot\share\prims\jni.cpp, line 520]
Event: 27.459 Thread 0x00000210f6d8d6c0 Exception <a 'sun/nio/fs/WindowsException'{0x00000000d5950fb0}> (0x00000000d5950fb0) 
thrown [s\src\hotspot\share\prims\jni.cpp, line 520]
Event: 27.478 Thread 0x00000210f6d8d6c0 Exception <a 'sun/nio/fs/WindowsException'{0x00000000d5b4a688}> (0x00000000d5b4a688) 
thrown [s\src\hotspot\share\prims\jni.cpp, line 520]
Event: 27.578 Thread 0x00000210f6d8d6c0 Exception <a 'sun/nio/fs/WindowsException'{0x00000000d5628910}> (0x00000000d5628910) 
thrown [s\src\hotspot\share\prims\jni.cpp, line 520]
Event: 27.788 Thread 0x00000210f6d8d6c0 Exception <a 'sun/nio/fs/WindowsException'{0x00000000d5580a28}> (0x00000000d5580a28) 
thrown [s\src\hotspot\share\prims\jni.cpp, line 520]

ZGC Phase Switch (0 events):
No events

VM Operations (20 events):
Event: 30.186 Executing VM operation: ParallelGCFailedAllocation (Allocation Failure) done
Event: 30.198 Executing VM operation: ParallelGCFailedAllocation (Allocation Failure)
Event: 30.201 Executing VM operation: ParallelGCFailedAllocation (Allocation Failure) done
Event: 30.215 Executing VM operation: ParallelGCFailedAllocation (Allocation Failure)
Event: 30.218 Executing VM operation: ParallelGCFailedAllocation (Allocation Failure) done
Event: 30.235 Executing VM operation: ParallelGCFailedAllocation (Allocation Failure)
Event: 30.238 Executing VM operation: ParallelGCFailedAllocation (Allocation Failure) done
Event: 30.252 Executing VM operation: ParallelGCFailedAllocation (Allocation Failure)
Event: 30.254 Executing VM operation: ParallelGCFailedAllocation (Allocation Failure) done
Event: 30.264 Executing VM operation: ParallelGCFailedAllocation (Allocation Failure)
Event: 30.266 Executing VM operation: ParallelGCFailedAllocation (Allocation Failure) done
Event: 30.278 Executing VM operation: ParallelGCFailedAllocation (Allocation Failure)
Event: 30.280 Executing VM operation: ParallelGCFailedAllocation (Allocation Failure) done
Event: 30.291 Executing VM operation: ParallelGCFailedAllocation (Allocation Failure)
Event: 30.294 Executing VM operation: ParallelGCFailedAllocation (Allocation Failure) done
Event: 30.305 Executing VM operation: ParallelGCFailedAllocation (Allocation Failure)
Event: 30.308 Executing VM operation: ParallelGCFailedAllocation (Allocation Failure) done
Event: 30.319 Executing VM operation: ParallelGCFailedAllocation (Allocation Failure)
Event: 30.322 Executing VM operation: ParallelGCFailedAllocation (Allocation Failure) done
Event: 30.340 Executing VM operation: ParallelGCFailedAllocation (Allocation Failure)

Memory protections (0 events):
No events

Nmethod flushes (20 events):
Event: 18.171 Thread 0x0000021098cf3760 flushing osr nmethod 0x000002109c6b6f90
Event: 18.171 Thread 0x0000021098cf3760 flushing  nmethod 0x000002109c6e1690
Event: 18.171 Thread 0x0000021098cf3760 flushing  nmethod 0x000002109c6e6710
Event: 18.171 Thread 0x0000021098cf3760 flushing  nmethod 0x000002109c6ed010
Event: 18.171 Thread 0x0000021098cf3760 flushing  nmethod 0x000002109c6f4e90
Event: 18.171 Thread 0x0000021098cf3760 flushing  nmethod 0x000002109c6f5f10
Event: 18.171 Thread 0x0000021098cf3760 flushing  nmethod 0x000002109c6fbc90
Event: 18.171 Thread 0x0000021098cf3760 flushing  nmethod 0x000002109c707690
Event: 18.171 Thread 0x0000021098cf3760 flushing  nmethod 0x000002109c70b590
Event: 18.171 Thread 0x0000021098cf3760 flushing  nmethod 0x000002109c711390
Event: 18.171 Thread 0x0000021098cf3760 flushing  nmethod 0x000002109c711a90
Event: 18.171 Thread 0x0000021098cf3760 flushing  nmethod 0x000002109c712090
Event: 18.171 Thread 0x0000021098cf3760 flushing  nmethod 0x000002109c714e90
Event: 18.171 Thread 0x0000021098cf3760 flushing  nmethod 0x000002109c71c190
Event: 18.171 Thread 0x0000021098cf3760 flushing  nmethod 0x000002109c721010
Event: 18.171 Thread 0x0000021098cf3760 flushing  nmethod 0x000002109c73b410
Event: 18.171 Thread 0x0000021098cf3760 flushing  nmethod 0x000002109c79a810
Event: 18.171 Thread 0x0000021098cf3760 flushing  nmethod 0x000002109c79c310
Event: 18.171 Thread 0x0000021098cf3760 flushing  nmethod 0x000002109c79dc10
Event: 18.171 Thread 0x0000021098cf3760 flushing  nmethod 0x000002109c7aab90

Events (20 events):
Event: 20.165 Thread 0x00000210f6d8d030 Thread added: 0x00000210f7771300
Event: 21.209 Thread 0x00000210f7771300 Thread exited: 0x00000210f7771300
Event: 21.209 Thread 0x00000210f9f446b0 Thread exited: 0x00000210f9f446b0
Event: 21.209 Thread 0x00000210f9f453d0 Thread exited: 0x00000210f9f453d0
Event: 21.209 Thread 0x00000210f776eba0 Thread exited: 0x00000210f776eba0
Event: 21.210 Thread 0x00000210f776de80 Thread exited: 0x00000210f776de80
Event: 22.360 Thread 0x00000210f6d8d030 Thread added: 0x00000210f9f453d0
Event: 22.361 Thread 0x00000210f6d8d030 Thread added: 0x00000210f9f446b0
Event: 22.361 Thread 0x00000210f6d8d030 Thread added: 0x00000210f9f1e480
Event: 22.361 Thread 0x00000210f6d8d030 Thread added: 0x00000210f9f239d0
Event: 22.361 Thread 0x00000210f6d8d030 Thread added: 0x00000210f9f1eb10
Event: 22.427 Thread 0x00000210f9f453d0 Thread exited: 0x00000210f9f453d0
Event: 22.427 Thread 0x00000210f9f446b0 Thread exited: 0x00000210f9f446b0
Event: 22.428 Thread 0x00000210f9f1eb10 Thread exited: 0x00000210f9f1eb10
Event: 22.429 Thread 0x00000210f9f239d0 Thread exited: 0x00000210f9f239d0
Event: 22.429 Thread 0x00000210f9f1e480 Thread exited: 0x00000210f9f1e480
Event: 24.045 Thread 0x00000210f9c64950 Thread added: 0x00000210f9f446b0
Event: 26.266 Thread 0x00000210f8ed9a90 Thread exited: 0x00000210f8ed9a90
Event: 27.101 Thread 0x00000210f9f446b0 Thread added: 0x00000210fbf7fdb0
Event: 27.102 Thread 0x00000210f9c69180 Thread added: 0x00000210fbf7f090


Dynamic libraries:
0x00007ff795210000 - 0x00007ff79521e000 	c:\Users\Mohameth\.vscode\extensions\redhat.java-1.43.1-win32-x64\jre\21.0.7-win32-x86_64\bin\java.exe
0x00007ff992050000 - 0x00007ff992267000 	C:\WINDOWS\SYSTEM32\ntdll.dll
0x00007ff9918f0000 - 0x00007ff9919b4000 	C:\WINDOWS\System32\KERNEL32.DLL
0x00007ff98f520000 - 0x00007ff98f8f2000 	C:\WINDOWS\System32\KERNELBASE.dll
0x00007ff98f400000 - 0x00007ff98f511000 	C:\WINDOWS\System32\ucrtbase.dll
0x00007ff987d70000 - 0x00007ff987d8e000 	c:\Users\Mohameth\.vscode\extensions\redhat.java-1.43.1-win32-x64\jre\21.0.7-win32-x86_64\bin\VCRUNTIME140.dll
0x00007ff986550000 - 0x00007ff986568000 	c:\Users\Mohameth\.vscode\extensions\redhat.java-1.43.1-win32-x64\jre\21.0.7-win32-x86_64\bin\jli.dll
0x00007ff98fe70000 - 0x00007ff990021000 	C:\WINDOWS\System32\USER32.dll
0x00007ff97fa50000 - 0x00007ff97fceb000 	C:\WINDOWS\WinSxS\amd64_microsoft.windows.common-controls_6595b64144ccf1df_6.0.22621.5415_none_270d77d17387d7da\COMCTL32.dll
0x00007ff98f170000 - 0x00007ff98f196000 	C:\WINDOWS\System32\win32u.dll
0x00007ff991d80000 - 0x00007ff991e27000 	C:\WINDOWS\System32\msvcrt.dll
0x00007ff991d50000 - 0x00007ff991d79000 	C:\WINDOWS\System32\GDI32.dll
0x00007ff98fa70000 - 0x00007ff98fb93000 	C:\WINDOWS\System32\gdi32full.dll
0x00007ff98f220000 - 0x00007ff98f2ba000 	C:\WINDOWS\System32\msvcp_win.dll
0x00007ff990630000 - 0x00007ff990661000 	C:\WINDOWS\System32\IMM32.DLL
0x00007ff987c20000 - 0x00007ff987c2c000 	c:\Users\Mohameth\.vscode\extensions\redhat.java-1.43.1-win32-x64\jre\21.0.7-win32-x86_64\bin\vcruntime140_1.dll
0x00007ff97dca0000 - 0x00007ff97dd2d000 	c:\Users\Mohameth\.vscode\extensions\redhat.java-1.43.1-win32-x64\jre\21.0.7-win32-x86_64\bin\msvcp140.dll
0x00007ff8d38f0000 - 0x00007ff8d4680000 	c:\Users\Mohameth\.vscode\extensions\redhat.java-1.43.1-win32-x64\jre\21.0.7-win32-x86_64\bin\server\jvm.dll
0x00007ff991f50000 - 0x00007ff992001000 	C:\WINDOWS\System32\ADVAPI32.dll
0x00007ff990f90000 - 0x00007ff991038000 	C:\WINDOWS\System32\sechost.dll
0x00007ff98f140000 - 0x00007ff98f168000 	C:\WINDOWS\System32\bcrypt.dll
0x00007ff991e30000 - 0x00007ff991f44000 	C:\WINDOWS\System32\RPCRT4.dll
0x00007ff990520000 - 0x00007ff990591000 	C:\WINDOWS\System32\WS2_32.dll
0x00007ff98f010000 - 0x00007ff98f05d000 	C:\WINDOWS\SYSTEM32\POWRPROF.dll
0x00007ff98d8f0000 - 0x00007ff98d924000 	C:\WINDOWS\SYSTEM32\WINMM.dll
0x00007ff98a330000 - 0x00007ff98a33a000 	C:\WINDOWS\SYSTEM32\VERSION.dll
0x00007ff98eff0000 - 0x00007ff98f003000 	C:\WINDOWS\SYSTEM32\UMPDC.dll
0x00007ff98e140000 - 0x00007ff98e158000 	C:\WINDOWS\SYSTEM32\kernel.appcore.dll
0x00007ff9865a0000 - 0x00007ff9865aa000 	c:\Users\Mohameth\.vscode\extensions\redhat.java-1.43.1-win32-x64\jre\21.0.7-win32-x86_64\bin\jimage.dll
0x00007ff98c7b0000 - 0x00007ff98c9e3000 	C:\WINDOWS\SYSTEM32\DBGHELP.DLL
0x00007ff991380000 - 0x00007ff991713000 	C:\WINDOWS\System32\combase.dll
0x00007ff98fd90000 - 0x00007ff98fe67000 	C:\WINDOWS\System32\OLEAUT32.dll
0x00007ff989be0000 - 0x00007ff989c12000 	C:\WINDOWS\SYSTEM32\dbgcore.DLL
0x00007ff98f1a0000 - 0x00007ff98f21b000 	C:\WINDOWS\System32\bcryptPrimitives.dll
0x00007ff986540000 - 0x00007ff98654f000 	c:\Users\Mohameth\.vscode\extensions\redhat.java-1.43.1-win32-x64\jre\21.0.7-win32-x86_64\bin\instrument.dll
0x00007ff986180000 - 0x00007ff98619f000 	c:\Users\Mohameth\.vscode\extensions\redhat.java-1.43.1-win32-x64\jre\21.0.7-win32-x86_64\bin\java.dll
0x00007ff9906e0000 - 0x00007ff990f82000 	C:\WINDOWS\System32\SHELL32.dll
0x00007ff98fba0000 - 0x00007ff98fcdf000 	C:\WINDOWS\System32\wintypes.dll
0x00007ff98cec0000 - 0x00007ff98d7de000 	C:\WINDOWS\SYSTEM32\windows.storage.dll
0x00007ff9917d0000 - 0x00007ff9918db000 	C:\WINDOWS\System32\SHCORE.dll
0x00007ff9919c0000 - 0x00007ff991a29000 	C:\WINDOWS\System32\shlwapi.dll
0x00007ff98f070000 - 0x00007ff98f09b000 	C:\WINDOWS\SYSTEM32\profapi.dll
0x00007ff97f5e0000 - 0x00007ff97f5f8000 	c:\Users\Mohameth\.vscode\extensions\redhat.java-1.43.1-win32-x64\jre\21.0.7-win32-x86_64\bin\zip.dll
0x00007ff97f5d0000 - 0x00007ff97f5e0000 	C:\Users\Mohameth\.vscode\extensions\redhat.java-1.43.1-win32-x64\jre\21.0.7-win32-x86_64\bin\net.dll
0x00007ff98ab90000 - 0x00007ff98acbc000 	C:\WINDOWS\SYSTEM32\WINHTTP.dll
0x00007ff98e5c0000 - 0x00007ff98e629000 	C:\WINDOWS\system32\mswsock.dll
0x00007ff97e370000 - 0x00007ff97e386000 	C:\Users\Mohameth\.vscode\extensions\redhat.java-1.43.1-win32-x64\jre\21.0.7-win32-x86_64\bin\nio.dll
0x00007ff97ed40000 - 0x00007ff97ed50000 	c:\Users\Mohameth\.vscode\extensions\redhat.java-1.43.1-win32-x64\jre\21.0.7-win32-x86_64\bin\verify.dll
0x00007ff974c00000 - 0x00007ff974c45000 	C:\Users\Mohameth\AppData\Roaming\Code\User\globalStorage\redhat.java\1.43.1\config_win\org.eclipse.equinox.launcher\org.eclipse.equinox.launcher.win32.win32.x86_64_1.2.1300.v20250331-1702\eclipse_11911.dll
0x00007ff991bb0000 - 0x00007ff991d50000 	C:\WINDOWS\System32\ole32.dll
0x00007ff98e840000 - 0x00007ff98e85b000 	C:\WINDOWS\SYSTEM32\CRYPTSP.dll
0x00007ff98e090000 - 0x00007ff98e0c7000 	C:\WINDOWS\system32\rsaenh.dll
0x00007ff98e6c0000 - 0x00007ff98e6e8000 	C:\WINDOWS\SYSTEM32\USERENV.dll
0x00007ff98e860000 - 0x00007ff98e86c000 	C:\WINDOWS\SYSTEM32\CRYPTBASE.dll
0x00007ff98dba0000 - 0x00007ff98dbcd000 	C:\WINDOWS\SYSTEM32\IPHLPAPI.DLL
0x00007ff991320000 - 0x00007ff991329000 	C:\WINDOWS\System32\NSI.dll
0x00007ff9715a0000 - 0x00007ff9715e9000 	C:\Users\Mohameth\AppData\Local\Temp\jna--443535673\jna6491488139893004187.dll
0x00007ff9918e0000 - 0x00007ff9918e8000 	C:\WINDOWS\System32\PSAPI.DLL
0x00007ff98aff0000 - 0x00007ff98b009000 	C:\WINDOWS\SYSTEM32\dhcpcsvc6.DLL
0x00007ff98ab70000 - 0x00007ff98ab8f000 	C:\WINDOWS\SYSTEM32\dhcpcsvc.DLL

dbghelp: loaded successfully - version: 4.0.5 - missing functions: none
symbol engine: initialized successfully - sym options: 0x614 - pdb path: .;c:\Users\Mohameth\.vscode\extensions\redhat.java-1.43.1-win32-x64\jre\21.0.7-win32-x86_64\bin;C:\WINDOWS\SYSTEM32;C:\WINDOWS\WinSxS\amd64_microsoft.windows.common-controls_6595b64144ccf1df_6.0.22621.5415_none_270d77d17387d7da;c:\Users\Mohameth\.vscode\extensions\redhat.java-1.43.1-win32-x64\jre\21.0.7-win32-x86_64\bin\server;C:\Users\Mohameth\AppData\Roaming\Code\User\globalStorage\redhat.java\1.43.1\config_win\org.eclipse.equinox.launcher\org.eclipse.equinox.launcher.win32.win32.x86_64_1.2.1300.v20250331-1702;C:\Users\Mohameth\AppData\Local\Temp\jna--443535673

VM Arguments:
jvm_args: --add-modules=ALL-SYSTEM --add-opens=java.base/java.util=ALL-UNNAMED --add-opens=java.base/java.lang=ALL-UNNAMED --add-opens=java.base/sun.nio.fs=ALL-UNNAMED -Declipse.application=org.eclipse.jdt.ls.core.id1 -Dosgi.bundles.defaultStartLevel=4 -Declipse.product=org.eclipse.jdt.ls.core.product -Djava.import.generatesMetadataFilesAtProjectRoot=false -DDetectVMInstallationsJob.disabled=true -Dfile.encoding=utf8 -XX:+UseParallelGC -XX:GCTimeRatio=4 -XX:AdaptiveSizePolicyWeight=90 -Dsun.zip.disableMemoryMapping=true -Xmx2G -Xms100m -Xlog:disable -javaagent:c:\Users\Mohameth\.vscode\extensions\redhat.java-1.43.1-win32-x64\lombok\lombok-1.18.39-4050.jar -XX:+HeapDumpOnOutOfMemoryError -XX:HeapDumpPath=c:\Users\Mohameth\AppData\Roaming\Code\User\workspaceStorage\4a8fbdfda817db6e237f440b23b68a6a\redhat.java -Daether.dependencyCollector.impl=bf 
java_command: c:\Users\Mohameth\.vscode\extensions\redhat.java-1.43.1-win32-x64\server\plugins\org.eclipse.equinox.launcher_1.7.0.v20250519-0528.jar -configuration c:\Users\Mohameth\AppData\Roaming\Code\User\globalStorage\redhat.java\1.43.1\config_win -data c:\Users\Mohameth\AppData\Roaming\Code\User\workspaceStorage\4a8fbdfda817db6e237f440b23b68a6a\redhat.java\jdt_ws --pipe=\\.\pipe\lsp-f8464110326f974537cfc3c5e0e9a30f-sock
java_class_path (initial): c:\Users\Mohameth\.vscode\extensions\redhat.java-1.43.1-win32-x64\server\plugins\org.eclipse.equinox.launcher_1.7.0.v20250519-0528.jar
Launcher Type: SUN_STANDARD

[Global flags]
    uintx AdaptiveSizePolicyWeight                 = 90                                        {product} {command line}
     intx CICompilerCount                          = 4                                         {product} {ergonomic}
    uintx GCTimeRatio                              = 4                                         {product} {command line}
     bool HeapDumpOnOutOfMemoryError               = true                                   {manageable} {command line}
    ccstr HeapDumpPath                             = c:\Users\Mohameth\AppData\Roaming\Code\User\workspaceStorage\4a8fbdfda817db6e237f440b23b68a6a\redhat.java         {manageable} {command line}
   size_t InitialHeapSize                          = 104857600                                 {product} {command line}
   size_t MaxHeapSize                              = 2147483648                                {product} {command line}
   size_t MaxNewSize                               = 715653120                                 {product} {ergonomic}
   size_t MinHeapDeltaBytes                        = 524288                                    {product} {ergonomic}
   size_t MinHeapSize                              = 104857600                                 {product} {command line}
   size_t NewSize                                  = 34603008                                  {product} {ergonomic}
    uintx NonNMethodCodeHeapSize                   = 5839372                                {pd product} {ergonomic}
    uintx NonProfiledCodeHeapSize                  = 122909434                              {pd product} {ergonomic}
   size_t OldSize                                  = 70254592                                  {product} {ergonomic}
    uintx ProfiledCodeHeapSize                     = 122909434                              {pd product} {ergonomic}
    uintx ReservedCodeCacheSize                    = 251658240                              {pd product} {ergonomic}
     bool SegmentedCodeCache                       = true                                      {product} {ergonomic}
   size_t SoftMaxHeapSize                          = 2147483648                             {manageable} {ergonomic}
     bool UseCompressedOops                        = true                           {product lp64_product} {ergonomic}
     bool UseLargePagesIndividualAllocation        = false                                  {pd product} {ergonomic}
     bool UseParallelGC                            = true                                      {product} {command line}

Logging:
Log output configuration:
 #0: stdout all=off uptime,level,tags foldmultilines=false
 #1: stderr all=off uptime,level,tags foldmultilines=false

Environment Variables:
JAVA_HOME=C:\Program Files\Java\jdk-17
PATH=C:\Users\Mohameth\.sdkman\candidates\java\17.0.12-tem\bin;C:\Program Files (x86)\VMware\VMware Workstation\bin\;C:\Program Files\Common Files\Oracle\Java\javapath;C:\Program Files\Python38\Scripts\;C:\Program Files\Python38\;C:\WINDOWS\system32;C:\WINDOWS;C:\WINDOWS\System32\Wbem;C:\WINDOWS\System32\WindowsPowerShell\v1.0\;C:\WINDOWS\System32\OpenSSH\;C:\Program Files\mingw32\bin;C:\Program Files\MongoDB\Server\6.0\bin;C:\Users\Mohameth\.jdks\openjdk-21.0.1;C:\Program Files\Java\jdk-21\bin;C:\mongosh-1.10.1-win32-x64\mongosh-1.10.1-win32-x64\bin;D:\Doc_M1_ESP\jdk-8u431-windows-x64\jdk1.8.0_431\bin;C:\xampp\php;C:\ProgramData\ComposerSetup\bin;C:\OCaml64\usr\local\bin;C:\ProgramData\chocolatey\bin;C:\Program Files\nodejs\;D:\apache-maven-3.9.9-bin\apache-maven-3.9.9\bin;C:\Program Files\Git\cmd;C:\Program Files\Git\mingw64\bin;C:\Program Files\Git\usr\bin;C:\xampp\mysql\bin;D:\Doc_M1_ESP\hadoop\hadoop\bin;D:\Doc_M1_ESP\hadoop\hadoop\sbin;C:\Users\Mohameth\AppData\Local\Programs\Python\Python312\Scripts\;C:\Users\Mohameth\AppData\Local\Programs\Python\Python312\;C:\Users\Mohameth\AppData\Local\Programs\Python\Launcher\;C:\Users\Mohameth\AppData\Local\activestate\cache\bin;C:\Users\Mohameth\AppData\Local\ActiveState\StateTool\release\bin;C:\Users\Mohameth\AppData\Local\Microsoft\WindowsApps;C:\Program Files (x86)\Nmap;C:\Users\Mohameth\AppData\Roaming\Composer\vendor\bin;C:\Program Files\JetBrains\PyCharm Edu 2022.2.2\bin;;D:\src\flutter\bin;C:\OCaml64\home\Mohameth\.opam\4.14.0+mingw64c\bin;C:\OneDrive\Bureau\LGI 3 GL\Semestre 5\Programmation Fonctionnel\Projet_PF\\Projet_PFbin;C:\Users\Mohameth\AppData\Roaming\npm;D:\IntelliJ IDEA 2024.2.4\bin;;C:\Program Files\mosquitto;D:\Microsoft VS Code\bin;D:\IntelliJ IDEA Community Edition 2024.3.1.1\bin;;C:\Users\Mohameth\.jdks\corretto-1.8.0_432\bin;C:\Program Files\PostgreSQL\17\bin;C:\Program Files\PostgreSQL\17\lib;
USERNAME=Mohameth
OS=Windows_NT
PROCESSOR_IDENTIFIER=AMD64 Family 23 Model 24 Stepping 1, AuthenticAMD
TMP=C:\Users\Mohameth\AppData\Local\Temp
TEMP=C:\Users\Mohameth\AppData\Local\Temp




Periodic native trim disabled

---------------  S Y S T E M  ---------------

OS:
 Windows 11 , 64 bit Build 22621 (10.0.22621.5415)
OS uptime: 0 days 9:30 hours
Hyper-V role detected

CPU: total 8 (initial active 8) (8 cores per cpu, 2 threads per core) family 23 model 24 stepping 1 microcode 0x0, cx8, cmov, fxsr, ht, mmx, 3dnowpref, sse, sse2, sse3, ssse3, sse4a, sse4.1, sse4.2, popcnt, lzcnt, tsc, tscinvbit, avx, avx2, aes, clmul, bmi1, bmi2, adx, sha, fma, vzeroupper, clflush, clflushopt, hv, rdtscp, f16c
Processor Information for the first 8 processors :
  Max Mhz: 2100, Current Mhz: 2100, Mhz Limit: 2100

Memory: 4k page, system-wide physical 7103M (278M free)
TotalPageFile size 11424M (AvailPageFile size 4M)
current process WorkingSet (physical memory assigned to process): 758M, peak: 758M
current process commit charge ("private bytes"): 789M, peak: 791M

vm_info: OpenJDK 64-Bit Server VM (21.0.7+6-LTS) for windows-amd64 JRE (21.0.7+6-LTS), built on 2025-04-15T00:00:00Z by "admin" with MS VC++ 17.7 (VS2022)

END.
